#
# There is insufficient memory for the Java Runtime Environment to continue.
# Native memory allocation (malloc) failed to allocate 1439856 bytes for Chunk::new
# Possible reasons:
#   The system is out of physical RAM or swap space
#   The process is running with CompressedOops enabled, and the Java Heap may be blocking the growth of the native heap
# Possible solutions:
#   Reduce memory load on the system
#   Increase physical memory or swap space
#   Check if swap backing store is full
#   Decrease Java heap size (-Xmx/-Xms)
#   Decrease number of Java threads
#   Decrease Java thread stack sizes (-Xss)
#   Set larger code cache with -XX:ReservedCodeCacheSize=
#   JVM is running with Unscaled Compressed Oops mode in which the Java heap is
#     placed in the first 4GB address space. The Java Heap base address is the
#     maximum limit for the native heap growth. Please use -XX:HeapBaseMinAddress
#     to set the Java Heap base and to place the Java Heap above 4GB virtual address.
# This output file may be truncated or incomplete.
#
#  Out of Memory Error (./src/hotspot/share/memory/arena.cpp:197), pid=6580, tid=364
#
# JRE version: OpenJDK Runtime Environment (11.0.10) (build 11.0.10+0-b96-7249189)
# Java VM: OpenJDK 64-Bit Server VM (11.0.10+0-b96-7249189, mixed mode, tiered, compressed oops, g1 gc, windows-amd64)
# No core dump will be written. Minidumps are not enabled by default on client versions of Windows
#

---------------  S U M M A R Y ------------

Command Line: --add-opens=java.base/java.util=ALL-UNNAMED --add-opens=java.base/java.lang=ALL-UNNAMED --add-opens=java.base/java.lang.invoke=ALL-UNNAMED --add-opens=java.base/java.util=ALL-UNNAMED --add-opens=java.prefs/java.util.prefs=ALL-UNNAMED --add-opens=java.prefs/java.util.prefs=ALL-UNNAMED --add-opens=java.base/java.nio.charset=ALL-UNNAMED --add-opens=java.base/java.net=ALL-UNNAMED --add-opens=java.base/java.util.concurrent.atomic=ALL-UNNAMED -Xmx2048m -Dfile.encoding=UTF-8 -Duser.country=ID -Duser.language=en -Duser.variant org.gradle.launcher.daemon.bootstrap.GradleDaemon 7.0.2

Host: AMD A8-7680 Radeon R7, 10 Compute Cores 4C+6G  , 4 cores, 7G,  Windows 10 , 64 bit Build 18362 (10.0.18362.1082)
Time: Tue Apr 26 11:07:21 2022 SE Asia Standard Time elapsed time: 76.013127 seconds (0d 0h 1m 16s)

---------------  T H R E A D  ---------------

Current thread (0x000001924ed89000):  JavaThread "C2 CompilerThread0" daemon [_thread_in_native, id=364, stack(0x00000075e3d00000,0x00000075e3e00000)]


Current CompileTask:
C2:  76013 11779       4       org.gradle.internal.service.DefaultServiceRegistry$OwnServices$ProviderAnalyser::analyseType (114 bytes)

Stack: [0x00000075e3d00000,0x00000075e3e00000]
Native frames: (J=compiled Java code, j=interpreted, Vv=VM code, C=native code)
V  [jvm.dll+0x5ecfaa]
V  [jvm.dll+0x722bd5]
V  [jvm.dll+0x72412d]
V  [jvm.dll+0x7247e3]
V  [jvm.dll+0x242928]
V  [jvm.dll+0xbc4fc]
V  [jvm.dll+0xbca0c]
V  [jvm.dll+0x352d3b]
V  [jvm.dll+0x320ad3]
V  [jvm.dll+0x31ffca]
V  [jvm.dll+0x1fb602]
V  [jvm.dll+0x1fa7f4]
V  [jvm.dll+0x18354c]
V  [jvm.dll+0x208ee7]
V  [jvm.dll+0x207731]
V  [jvm.dll+0x6eb1cf]
V  [jvm.dll+0x6e3d45]
V  [jvm.dll+0x5ebe96]
C  [ucrtbase.dll+0x20e82]
C  [KERNEL32.DLL+0x17bd4]
C  [ntdll.dll+0x6ce51]


---------------  P R O C E S S  ---------------

Threads class SMR info:
_java_thread_list=0x000001925263f250, length=35, elements={
0x000001923329b800, 0x000001924ed6f000, 0x000001924ed70000, 0x000001924f703800,
0x000001924ed83800, 0x000001924ed84800, 0x000001924ed89000, 0x000001924edbe000,
0x000001924f73c000, 0x000001924f82f000, 0x00000192503a2800, 0x000001924fb77800,
0x0000019250a17000, 0x0000019250a3e000, 0x0000019250465800, 0x0000019250d38800,
0x0000019250d33800, 0x0000019250d39800, 0x0000019250d37000, 0x0000019250d35800,
0x0000019250d36000, 0x0000019252e79000, 0x0000019252e7a800, 0x0000019252e78000,
0x0000019252e79800, 0x0000019252e77800, 0x0000019253911800, 0x000001925390e800,
0x000001925390f000, 0x0000019253912800, 0x0000019253913000, 0x000001925390d800,
0x0000019253914000, 0x000001925391a800, 0x0000019253915800
}

Java Threads: ( => current thread )
  0x000001923329b800 JavaThread "main" [_thread_blocked, id=8376, stack(0x00000075e3100000,0x00000075e3200000)]
  0x000001924ed6f000 JavaThread "Reference Handler" daemon [_thread_blocked, id=8624, stack(0x00000075e3800000,0x00000075e3900000)]
  0x000001924ed70000 JavaThread "Finalizer" daemon [_thread_blocked, id=1288, stack(0x00000075e3900000,0x00000075e3a00000)]
  0x000001924f703800 JavaThread "Signal Dispatcher" daemon [_thread_blocked, id=7172, stack(0x00000075e3a00000,0x00000075e3b00000)]
  0x000001924ed83800 JavaThread "Attach Listener" daemon [_thread_blocked, id=8288, stack(0x00000075e3b00000,0x00000075e3c00000)]
  0x000001924ed84800 JavaThread "Service Thread" daemon [_thread_blocked, id=9844, stack(0x00000075e3c00000,0x00000075e3d00000)]
=>0x000001924ed89000 JavaThread "C2 CompilerThread0" daemon [_thread_in_native, id=364, stack(0x00000075e3d00000,0x00000075e3e00000)]
  0x000001924edbe000 JavaThread "C1 CompilerThread0" daemon [_thread_blocked, id=2824, stack(0x00000075e3e00000,0x00000075e3f00000)]
  0x000001924f73c000 JavaThread "Sweeper thread" daemon [_thread_blocked, id=7208, stack(0x00000075e3f00000,0x00000075e4000000)]
  0x000001924f82f000 JavaThread "Common-Cleaner" daemon [_thread_blocked, id=1360, stack(0x00000075e4000000,0x00000075e4100000)]
  0x00000192503a2800 JavaThread "Daemon health stats" [_thread_blocked, id=2744, stack(0x00000075e4400000,0x00000075e4500000)]
  0x000001924fb77800 JavaThread "Incoming local TCP Connector on port 51485" [_thread_in_native, id=3000, stack(0x00000075e4300000,0x00000075e4400000)]
  0x0000019250a17000 JavaThread "Daemon periodic checks" [_thread_blocked, id=10660, stack(0x00000075e4500000,0x00000075e4600000)]
  0x0000019250a3e000 JavaThread "Daemon" [_thread_blocked, id=7748, stack(0x00000075e4600000,0x00000075e4700000)]
  0x0000019250465800 JavaThread "Daemon worker" [_thread_in_vm, id=5780, stack(0x00000075e4a00000,0x00000075e4b00000)]
  0x0000019250d38800 JavaThread "Cache worker for file hash cache (C:\Users\EGAR\.gradle\caches\7.0.2\fileHashes)" [_thread_blocked, id=6752, stack(0x00000075e4800000,0x00000075e4900000)]
  0x0000019250d33800 JavaThread "File lock request listener" [_thread_in_native, id=1120, stack(0x00000075e5000000,0x00000075e5100000)]
  0x0000019250d39800 JavaThread "Cache worker for journal cache (C:\Users\EGAR\.gradle\caches\journal-1)" [_thread_blocked, id=9688, stack(0x00000075e5100000,0x00000075e5200000)]
  0x0000019250d37000 JavaThread "File watcher server" daemon [_thread_in_native, id=10288, stack(0x00000075e5400000,0x00000075e5500000)]
  0x0000019250d35800 JavaThread "File watcher consumer" daemon [_thread_blocked, id=10116, stack(0x00000075e5500000,0x00000075e5600000)]
  0x0000019250d36000 JavaThread "jar transforms" [_thread_blocked, id=7320, stack(0x00000075e5600000,0x00000075e5700000)]
  0x0000019252e79000 JavaThread "jar transforms Thread 2" [_thread_blocked, id=10388, stack(0x00000075e5700000,0x00000075e5800000)]
  0x0000019252e7a800 JavaThread "jar transforms Thread 3" [_thread_blocked, id=1636, stack(0x00000075e5800000,0x00000075e5900000)]
  0x0000019252e78000 JavaThread "jar transforms Thread 4" [_thread_blocked, id=10124, stack(0x00000075e5900000,0x00000075e5a00000)]
  0x0000019252e79800 JavaThread "Cache worker for execution history cache (C:\Users\EGAR\.gradle\caches\7.0.2\executionHistory)" [_thread_blocked, id=7772, stack(0x00000075e5d00000,0x00000075e5e00000)]
  0x0000019252e77800 JavaThread "Cache worker for file content cache (C:\Users\EGAR\.gradle\caches\7.0.2\fileContent)" [_thread_blocked, id=9208, stack(0x00000075e5e00000,0x00000075e5f00000)]
  0x0000019253911800 JavaThread "Memory manager" [_thread_blocked, id=4208, stack(0x00000075e6500000,0x00000075e6600000)]
  0x000001925390e800 JavaThread "Handler for socket connection from /127.0.0.1:51485 to /127.0.0.1:51516" [_thread_in_native, id=5696, stack(0x00000075e2f00000,0x00000075e3000000)]
  0x000001925390f000 JavaThread "Cancel handler" [_thread_blocked, id=4660, stack(0x00000075e3000000,0x00000075e3100000)]
  0x0000019253912800 JavaThread "Asynchronous log dispatcher for DefaultDaemonConnection: socket connection from /127.0.0.1:51485 to /127.0.0.1:51516" [_thread_blocked, id=4968, stack(0x00000075e4700000,0x00000075e4800000)]
  0x0000019253913000 JavaThread "Stdin handler" [_thread_blocked, id=8976, stack(0x00000075e4900000,0x00000075e4a00000)]
  0x000001925390d800 JavaThread "Daemon client event forwarder" [_thread_blocked, id=8168, stack(0x00000075e4b00000,0x00000075e4c00000)]
  0x0000019253914000 JavaThread "Cache worker for file hash cache (D:\android studio save\Cukurin\.gradle\7.0.2\fileHashes)" [_thread_blocked, id=9112, stack(0x00000075e4c00000,0x00000075e4d00000)]
  0x000001925391a800 JavaThread "Cache worker for checksums cache (D:\android studio save\Cukurin\.gradle\checksums)" [_thread_blocked, id=10576, stack(0x00000075e4d00000,0x00000075e4e00000)]
  0x0000019253915800 JavaThread "Cache worker for cache directory md-supplier (C:\Users\EGAR\.gradle\caches\7.0.2\md-supplier)" [_thread_blocked, id=7608, stack(0x00000075e5200000,0x00000075e5300000)]

Other Threads:
  0x000001924ed6a000 VMThread "VM Thread" [stack: 0x00000075e3700000,0x00000075e3800000] [id=8884]
  0x000001924f88d000 WatcherThread [stack: 0x00000075e4100000,0x00000075e4200000] [id=11012]
  0x00000192332b5000 GCTaskThread "GC Thread#0" [stack: 0x00000075e3200000,0x00000075e3300000] [id=4400]
  0x0000019250283000 GCTaskThread "GC Thread#1" [stack: 0x00000075e4200000,0x00000075e4300000] [id=5388]
  0x000001925067d800 GCTaskThread "GC Thread#2" [stack: 0x00000075e4e00000,0x00000075e4f00000] [id=2384]
  0x00000192511a7800 GCTaskThread "GC Thread#3" [stack: 0x00000075e4f00000,0x00000075e5000000] [id=10308]
  0x00000192332e4800 ConcurrentGCThread "G1 Main Marker" [stack: 0x00000075e3300000,0x00000075e3400000] [id=2908]
  0x00000192332e5800 ConcurrentGCThread "G1 Conc#0" [stack: 0x00000075e3400000,0x00000075e3500000] [id=6868]
  0x0000019233364800 ConcurrentGCThread "G1 Refine#0" [stack: 0x00000075e3500000,0x00000075e3600000] [id=10412]
  0x0000019233365800 ConcurrentGCThread "G1 Young RemSet Sampling" [stack: 0x00000075e3600000,0x00000075e3700000] [id=3084]

Threads with active compile tasks:
C2 CompilerThread0  76036 11779       4       org.gradle.internal.service.DefaultServiceRegistry$OwnServices$ProviderAnalyser::analyseType (114 bytes)

VM state:not at safepoint (normal execution)

VM Mutex/Monitor currently owned by a thread:  ([mutex/lock_event])
[0x0000019233299c00] Threads_lock - owner thread: 0x0000019250465800

Heap address: 0x0000000080000000, size: 2048 MB, Compressed Oops mode: 32-bit
Narrow klass base: 0x0000000000000000, Narrow klass shift: 3
Compressed class space size: 1073741824 Address: 0x0000000100000000

Heap:
 garbage-first heap   total 177152K, used 129190K [0x0000000080000000, 0x0000000100000000)
  region size 1024K, 26 young (26624K), 6 survivors (6144K)
 Metaspace       used 102286K, capacity 105013K, committed 105292K, reserved 1140736K
  class space    used 13105K, capacity 14091K, committed 14208K, reserved 1048576K
Heap Regions: E=young(eden), S=young(survivor), O=old, HS=humongous(starts), HC=humongous(continues), CS=collection set, F=free, A=archive, TAMS=top-at-mark-start (previous, next)
|   0|0x0000000080000000, 0x0000000080100000, 0x0000000080100000|100%| O|  |TAMS 0x0000000080100000, 0x0000000080000000| Untracked 
|   1|0x0000000080100000, 0x0000000080200000, 0x0000000080200000|100%| O|  |TAMS 0x0000000080200000, 0x0000000080100000| Untracked 
|   2|0x0000000080200000, 0x0000000080300000, 0x0000000080300000|100%| O|  |TAMS 0x0000000080300000, 0x0000000080200000| Untracked 
|   3|0x0000000080300000, 0x0000000080400000, 0x0000000080400000|100%|HS|  |TAMS 0x0000000080400000, 0x0000000080300000| Complete 
|   4|0x0000000080400000, 0x0000000080500000, 0x0000000080500000|100%|HC|  |TAMS 0x0000000080500000, 0x0000000080400000| Complete 
|   5|0x0000000080500000, 0x0000000080600000, 0x0000000080600000|100%|HC|  |TAMS 0x0000000080600000, 0x0000000080500000| Complete 
|   6|0x0000000080600000, 0x0000000080700000, 0x0000000080700000|100%| O|  |TAMS 0x0000000080700000, 0x0000000080600000| Untracked 
|   7|0x0000000080700000, 0x0000000080800000, 0x0000000080800000|100%| O|  |TAMS 0x0000000080800000, 0x0000000080700000| Untracked 
|   8|0x0000000080800000, 0x0000000080900000, 0x0000000080900000|100%| O|  |TAMS 0x0000000080900000, 0x0000000080800000| Untracked 
|   9|0x0000000080900000, 0x0000000080a00000, 0x0000000080a00000|100%| O|  |TAMS 0x0000000080a00000, 0x0000000080900000| Untracked 
|  10|0x0000000080a00000, 0x0000000080b00000, 0x0000000080b00000|100%| O|  |TAMS 0x0000000080b00000, 0x0000000080a00000| Untracked 
|  11|0x0000000080b00000, 0x0000000080c00000, 0x0000000080c00000|100%| O|  |TAMS 0x0000000080c00000, 0x0000000080b00000| Untracked 
|  12|0x0000000080c00000, 0x0000000080d00000, 0x0000000080d00000|100%| O|  |TAMS 0x0000000080d00000, 0x0000000080c00000| Untracked 
|  13|0x0000000080d00000, 0x0000000080e00000, 0x0000000080e00000|100%|HS|  |TAMS 0x0000000080e00000, 0x0000000080d00000| Complete 
|  14|0x0000000080e00000, 0x0000000080f00000, 0x0000000080f00000|100%|HC|  |TAMS 0x0000000080f00000, 0x0000000080e00000| Complete 
|  15|0x0000000080f00000, 0x0000000081000000, 0x0000000081000000|100%|HS|  |TAMS 0x0000000081000000, 0x0000000080f00000| Complete 
|  16|0x0000000081000000, 0x0000000081100000, 0x0000000081100000|100%|HC|  |TAMS 0x0000000081100000, 0x0000000081000000| Complete 
|  17|0x0000000081100000, 0x0000000081200000, 0x0000000081200000|100%|HC|  |TAMS 0x0000000081200000, 0x0000000081100000| Complete 
|  18|0x0000000081200000, 0x0000000081300000, 0x0000000081300000|100%|HS|  |TAMS 0x0000000081300000, 0x0000000081200000| Complete 
|  19|0x0000000081300000, 0x0000000081400000, 0x0000000081400000|100%|HC|  |TAMS 0x0000000081400000, 0x0000000081300000| Complete 
|  20|0x0000000081400000, 0x0000000081500000, 0x0000000081500000|100%|HC|  |TAMS 0x0000000081500000, 0x0000000081400000| Complete 
|  21|0x0000000081500000, 0x0000000081600000, 0x0000000081600000|100%|HC|  |TAMS 0x0000000081600000, 0x0000000081500000| Complete 
|  22|0x0000000081600000, 0x0000000081700000, 0x0000000081700000|100%|HC|  |TAMS 0x0000000081700000, 0x0000000081600000| Complete 
|  23|0x0000000081700000, 0x0000000081800000, 0x0000000081800000|100%| O|  |TAMS 0x0000000081800000, 0x0000000081700000| Untracked 
|  24|0x0000000081800000, 0x0000000081900000, 0x0000000081900000|100%| O|  |TAMS 0x0000000081900000, 0x0000000081800000| Untracked 
|  25|0x0000000081900000, 0x0000000081a00000, 0x0000000081a00000|100%| O|  |TAMS 0x0000000081a00000, 0x0000000081900000| Untracked 
|  26|0x0000000081a00000, 0x0000000081b00000, 0x0000000081b00000|100%| O|  |TAMS 0x0000000081b00000, 0x0000000081a00000| Untracked 
|  27|0x0000000081b00000, 0x0000000081c00000, 0x0000000081c00000|100%|HS|  |TAMS 0x0000000081c00000, 0x0000000081b00000| Complete 
|  28|0x0000000081c00000, 0x0000000081d00000, 0x0000000081d00000|100%|HC|  |TAMS 0x0000000081d00000, 0x0000000081c00000| Complete 
|  29|0x0000000081d00000, 0x0000000081e00000, 0x0000000081e00000|100%|HC|  |TAMS 0x0000000081e00000, 0x0000000081d00000| Complete 
|  30|0x0000000081e00000, 0x0000000081f00000, 0x0000000081f00000|100%| O|  |TAMS 0x0000000081f00000, 0x0000000081e00000| Untracked 
|  31|0x0000000081f00000, 0x0000000082000000, 0x0000000082000000|100%| O|  |TAMS 0x0000000082000000, 0x0000000081f00000| Untracked 
|  32|0x0000000082000000, 0x0000000082100000, 0x0000000082100000|100%| O|  |TAMS 0x0000000082100000, 0x0000000082000000| Untracked 
|  33|0x0000000082100000, 0x0000000082200000, 0x0000000082200000|100%| O|  |TAMS 0x0000000082200000, 0x0000000082100000| Untracked 
|  34|0x0000000082200000, 0x0000000082300000, 0x0000000082300000|100%|HS|  |TAMS 0x0000000082300000, 0x0000000082200000| Complete 
|  35|0x0000000082300000, 0x0000000082400000, 0x0000000082400000|100%|HC|  |TAMS 0x0000000082400000, 0x0000000082300000| Complete 
|  36|0x0000000082400000, 0x0000000082500000, 0x0000000082500000|100%|HC|  |TAMS 0x0000000082500000, 0x0000000082400000| Complete 
|  37|0x0000000082500000, 0x0000000082600000, 0x0000000082600000|100%|HC|  |TAMS 0x0000000082600000, 0x0000000082500000| Complete 
|  38|0x0000000082600000, 0x0000000082700000, 0x0000000082700000|100%|HC|  |TAMS 0x0000000082700000, 0x0000000082600000| Complete 
|  39|0x0000000082700000, 0x0000000082800000, 0x0000000082800000|100%| O|  |TAMS 0x0000000082800000, 0x0000000082700000| Untracked 
|  40|0x0000000082800000, 0x0000000082900000, 0x0000000082900000|100%| O|  |TAMS 0x0000000082900000, 0x0000000082800000| Untracked 
|  41|0x0000000082900000, 0x0000000082a00000, 0x0000000082a00000|100%| O|  |TAMS 0x0000000082a00000, 0x0000000082900000| Untracked 
|  42|0x0000000082a00000, 0x0000000082b00000, 0x0000000082b00000|100%| O|  |TAMS 0x0000000082b00000, 0x0000000082a00000| Untracked 
|  43|0x0000000082b00000, 0x0000000082c00000, 0x0000000082c00000|100%| O|  |TAMS 0x0000000082c00000, 0x0000000082b00000| Untracked 
|  44|0x0000000082c00000, 0x0000000082d00000, 0x0000000082d00000|100%| O|  |TAMS 0x0000000082d00000, 0x0000000082c00000| Untracked 
|  45|0x0000000082d00000, 0x0000000082e00000, 0x0000000082e00000|100%| O|  |TAMS 0x0000000082e00000, 0x0000000082d00000| Untracked 
|  46|0x0000000082e00000, 0x0000000082f00000, 0x0000000082f00000|100%| O|  |TAMS 0x0000000082f00000, 0x0000000082e00000| Untracked 
|  47|0x0000000082f00000, 0x0000000083000000, 0x0000000083000000|100%| O|  |TAMS 0x0000000083000000, 0x0000000082f00000| Untracked 
|  48|0x0000000083000000, 0x0000000083100000, 0x0000000083100000|100%| O|  |TAMS 0x0000000083100000, 0x0000000083000000| Untracked 
|  49|0x0000000083100000, 0x0000000083200000, 0x0000000083200000|100%| O|  |TAMS 0x0000000083200000, 0x0000000083100000| Untracked 
|  50|0x0000000083200000, 0x0000000083300000, 0x0000000083300000|100%| O|  |TAMS 0x0000000083300000, 0x0000000083200000| Untracked 
|  51|0x0000000083300000, 0x0000000083400000, 0x0000000083400000|100%| O|  |TAMS 0x0000000083400000, 0x0000000083300000| Untracked 
|  52|0x0000000083400000, 0x0000000083500000, 0x0000000083500000|100%|HS|  |TAMS 0x0000000083500000, 0x0000000083400000| Complete 
|  53|0x0000000083500000, 0x0000000083600000, 0x0000000083600000|100%|HS|  |TAMS 0x0000000083600000, 0x0000000083500000| Complete 
|  54|0x0000000083600000, 0x0000000083700000, 0x0000000083700000|100%| O|  |TAMS 0x0000000083700000, 0x0000000083600000| Untracked 
|  55|0x0000000083700000, 0x0000000083800000, 0x0000000083800000|100%| O|  |TAMS 0x0000000083800000, 0x0000000083700000| Untracked 
|  56|0x0000000083800000, 0x0000000083900000, 0x0000000083900000|100%|HS|  |TAMS 0x0000000083900000, 0x0000000083800000| Complete 
|  57|0x0000000083900000, 0x0000000083a00000, 0x0000000083a00000|100%| O|  |TAMS 0x0000000083a00000, 0x0000000083900000| Untracked 
|  58|0x0000000083a00000, 0x0000000083b00000, 0x0000000083b00000|100%| O|  |TAMS 0x0000000083b00000, 0x0000000083a00000| Untracked 
|  59|0x0000000083b00000, 0x0000000083c00000, 0x0000000083c00000|100%| O|  |TAMS 0x0000000083c00000, 0x0000000083b00000| Untracked 
|  60|0x0000000083c00000, 0x0000000083d00000, 0x0000000083d00000|100%|HS|  |TAMS 0x0000000083d00000, 0x0000000083c00000| Complete 
|  61|0x0000000083d00000, 0x0000000083e00000, 0x0000000083e00000|100%|HC|  |TAMS 0x0000000083e00000, 0x0000000083d00000| Complete 
|  62|0x0000000083e00000, 0x0000000083f00000, 0x0000000083f00000|100%|HC|  |TAMS 0x0000000083f00000, 0x0000000083e00000| Complete 
|  63|0x0000000083f00000, 0x0000000084000000, 0x0000000084000000|100%| O|  |TAMS 0x0000000084000000, 0x0000000083f00000| Untracked 
|  64|0x0000000084000000, 0x0000000084100000, 0x0000000084100000|100%|HS|  |TAMS 0x0000000084100000, 0x0000000084000000| Complete 
|  65|0x0000000084100000, 0x0000000084200000, 0x0000000084200000|100%|HC|  |TAMS 0x0000000084200000, 0x0000000084100000| Complete 
|  66|0x0000000084200000, 0x0000000084300000, 0x0000000084300000|100%| O|  |TAMS 0x0000000084300000, 0x0000000084200000| Untracked 
|  67|0x0000000084300000, 0x0000000084400000, 0x0000000084400000|100%| O|  |TAMS 0x0000000084400000, 0x0000000084300000| Untracked 
|  68|0x0000000084400000, 0x0000000084500000, 0x0000000084500000|100%| O|  |TAMS 0x0000000084500000, 0x0000000084400000| Untracked 
|  69|0x0000000084500000, 0x0000000084600000, 0x0000000084600000|100%| O|  |TAMS 0x0000000084600000, 0x0000000084500000| Untracked 
|  70|0x0000000084600000, 0x0000000084700000, 0x0000000084700000|100%| O|  |TAMS 0x0000000084700000, 0x0000000084600000| Untracked 
|  71|0x0000000084700000, 0x0000000084800000, 0x0000000084800000|100%| O|  |TAMS 0x0000000084800000, 0x0000000084700000| Untracked 
|  72|0x0000000084800000, 0x0000000084900000, 0x0000000084900000|100%| O|  |TAMS 0x0000000084900000, 0x0000000084800000| Untracked 
|  73|0x0000000084900000, 0x0000000084a00000, 0x0000000084a00000|100%| O|  |TAMS 0x0000000084a00000, 0x0000000084900000| Untracked 
|  74|0x0000000084a00000, 0x0000000084b00000, 0x0000000084b00000|100%| O|  |TAMS 0x0000000084b00000, 0x0000000084a00000| Untracked 
|  75|0x0000000084b00000, 0x0000000084c00000, 0x0000000084c00000|100%| O|  |TAMS 0x0000000084c00000, 0x0000000084b00000| Untracked 
|  76|0x0000000084c00000, 0x0000000084d00000, 0x0000000084d00000|100%| O|  |TAMS 0x0000000084d00000, 0x0000000084c00000| Untracked 
|  77|0x0000000084d00000, 0x0000000084e00000, 0x0000000084e00000|100%| O|  |TAMS 0x0000000084e00000, 0x0000000084d00000| Untracked 
|  78|0x0000000084e00000, 0x0000000084f00000, 0x0000000084f00000|100%| O|  |TAMS 0x0000000084f00000, 0x0000000084e00000| Untracked 
|  79|0x0000000084f00000, 0x0000000085000000, 0x0000000085000000|100%| O|  |TAMS 0x0000000085000000, 0x0000000084f00000| Untracked 
|  80|0x0000000085000000, 0x0000000085100000, 0x0000000085100000|100%| O|  |TAMS 0x0000000085100000, 0x0000000085000000| Untracked 
|  81|0x0000000085100000, 0x0000000085200000, 0x0000000085200000|100%| O|  |TAMS 0x0000000085200000, 0x0000000085100000| Untracked 
|  82|0x0000000085200000, 0x0000000085300000, 0x0000000085300000|100%| O|  |TAMS 0x0000000085300000, 0x0000000085200000| Untracked 
|  83|0x0000000085300000, 0x0000000085400000, 0x0000000085400000|100%| O|  |TAMS 0x0000000085400000, 0x0000000085300000| Untracked 
|  84|0x0000000085400000, 0x0000000085500000, 0x0000000085500000|100%| O|  |TAMS 0x0000000085500000, 0x0000000085400000| Untracked 
|  85|0x0000000085500000, 0x0000000085600000, 0x0000000085600000|100%| O|  |TAMS 0x0000000085600000, 0x0000000085500000| Untracked 
|  86|0x0000000085600000, 0x0000000085700000, 0x0000000085700000|100%| O|  |TAMS 0x0000000085700000, 0x0000000085600000| Untracked 
|  87|0x0000000085700000, 0x0000000085800000, 0x0000000085800000|100%| O|  |TAMS 0x0000000085800000, 0x0000000085700000| Untracked 
|  88|0x0000000085800000, 0x0000000085900000, 0x0000000085900000|100%| O|  |TAMS 0x0000000085900000, 0x0000000085800000| Untracked 
|  89|0x0000000085900000, 0x0000000085a00000, 0x0000000085a00000|100%| O|  |TAMS 0x0000000085a00000, 0x0000000085900000| Untracked 
|  90|0x0000000085a00000, 0x0000000085b00000, 0x0000000085b00000|100%| O|  |TAMS 0x0000000085b00000, 0x0000000085a00000| Untracked 
|  91|0x0000000085b00000, 0x0000000085c00000, 0x0000000085c00000|100%| O|  |TAMS 0x0000000085c00000, 0x0000000085b00000| Untracked 
|  92|0x0000000085c00000, 0x0000000085d00000, 0x0000000085d00000|100%| O|  |TAMS 0x0000000085d00000, 0x0000000085c00000| Untracked 
|  93|0x0000000085d00000, 0x0000000085e00000, 0x0000000085e00000|100%| O|  |TAMS 0x0000000085e00000, 0x0000000085d00000| Untracked 
|  94|0x0000000085e00000, 0x0000000085f00000, 0x0000000085f00000|100%| O|  |TAMS 0x0000000085f00000, 0x0000000085e00000| Untracked 
|  95|0x0000000085f00000, 0x0000000086000000, 0x0000000086000000|100%| O|  |TAMS 0x0000000086000000, 0x0000000085f00000| Untracked 
|  96|0x0000000086000000, 0x0000000086100000, 0x0000000086100000|100%| O|  |TAMS 0x0000000086100000, 0x0000000086000000| Untracked 
|  97|0x0000000086100000, 0x0000000086200000, 0x0000000086200000|100%| O|  |TAMS 0x0000000086200000, 0x0000000086100000| Untracked 
|  98|0x0000000086200000, 0x0000000086300000, 0x0000000086300000|100%| O|  |TAMS 0x0000000086300000, 0x0000000086200000| Untracked 
|  99|0x0000000086300000, 0x0000000086400000, 0x0000000086400000|100%| O|  |TAMS 0x0000000086400000, 0x0000000086300000| Untracked 
| 100|0x0000000086400000, 0x0000000086500000, 0x0000000086500000|100%| O|  |TAMS 0x0000000086500000, 0x0000000086400000| Untracked 
| 101|0x0000000086500000, 0x00000000865b3000, 0x0000000086600000| 69%| O|  |TAMS 0x00000000865b3000, 0x0000000086500000| Untracked 
| 102|0x0000000086600000, 0x0000000086600000, 0x0000000086700000|  0%| F|  |TAMS 0x0000000086600000, 0x0000000086600000| Untracked 
| 103|0x0000000086700000, 0x0000000086700000, 0x0000000086800000|  0%| F|  |TAMS 0x0000000086700000, 0x0000000086700000| Untracked 
| 104|0x0000000086800000, 0x0000000086800000, 0x0000000086900000|  0%| F|  |TAMS 0x0000000086800000, 0x0000000086800000| Untracked 
| 105|0x0000000086900000, 0x0000000086900000, 0x0000000086a00000|  0%| F|  |TAMS 0x0000000086900000, 0x0000000086900000| Untracked 
| 106|0x0000000086a00000, 0x0000000086a00000, 0x0000000086b00000|  0%| F|  |TAMS 0x0000000086a00000, 0x0000000086a00000| Untracked 
| 107|0x0000000086b00000, 0x0000000086b00000, 0x0000000086c00000|  0%| F|  |TAMS 0x0000000086b00000, 0x0000000086b00000| Untracked 
| 108|0x0000000086c00000, 0x0000000086c00000, 0x0000000086d00000|  0%| F|  |TAMS 0x0000000086c00000, 0x0000000086c00000| Untracked 
| 109|0x0000000086d00000, 0x0000000086d00000, 0x0000000086e00000|  0%| F|  |TAMS 0x0000000086d00000, 0x0000000086d00000| Untracked 
| 110|0x0000000086e00000, 0x0000000086e00000, 0x0000000086f00000|  0%| F|  |TAMS 0x0000000086e00000, 0x0000000086e00000| Untracked 
| 111|0x0000000086f00000, 0x0000000086f00000, 0x0000000087000000|  0%| F|  |TAMS 0x0000000086f00000, 0x0000000086f00000| Untracked 
| 112|0x0000000087000000, 0x0000000087000000, 0x0000000087100000|  0%| F|  |TAMS 0x0000000087000000, 0x0000000087000000| Untracked 
| 113|0x0000000087100000, 0x0000000087100000, 0x0000000087200000|  0%| F|  |TAMS 0x0000000087100000, 0x0000000087100000| Untracked 
| 114|0x0000000087200000, 0x0000000087200000, 0x0000000087300000|  0%| F|  |TAMS 0x0000000087200000, 0x0000000087200000| Untracked 
| 115|0x0000000087300000, 0x0000000087300000, 0x0000000087400000|  0%| F|  |TAMS 0x0000000087300000, 0x0000000087300000| Untracked 
| 116|0x0000000087400000, 0x0000000087400000, 0x0000000087500000|  0%| F|  |TAMS 0x0000000087400000, 0x0000000087400000| Untracked 
| 117|0x0000000087500000, 0x0000000087500000, 0x0000000087600000|  0%| F|  |TAMS 0x0000000087500000, 0x0000000087500000| Untracked 
| 118|0x0000000087600000, 0x0000000087600000, 0x0000000087700000|  0%| F|  |TAMS 0x0000000087600000, 0x0000000087600000| Untracked 
| 119|0x0000000087700000, 0x0000000087700000, 0x0000000087800000|  0%| F|  |TAMS 0x0000000087700000, 0x0000000087700000| Untracked 
| 120|0x0000000087800000, 0x0000000087800000, 0x0000000087900000|  0%| F|  |TAMS 0x0000000087800000, 0x0000000087800000| Untracked 
| 121|0x0000000087900000, 0x0000000087900000, 0x0000000087a00000|  0%| F|  |TAMS 0x0000000087900000, 0x0000000087900000| Untracked 
| 122|0x0000000087a00000, 0x0000000087a00000, 0x0000000087b00000|  0%| F|  |TAMS 0x0000000087a00000, 0x0000000087a00000| Untracked 
| 123|0x0000000087b00000, 0x0000000087b768e0, 0x0000000087c00000| 46%| S|CS|TAMS 0x0000000087b00000, 0x0000000087b00000| Complete 
| 124|0x0000000087c00000, 0x0000000087c00000, 0x0000000087d00000|  0%| F|  |TAMS 0x0000000087c00000, 0x0000000087c00000| Untracked 
| 125|0x0000000087d00000, 0x0000000087d00000, 0x0000000087e00000|  0%| F|  |TAMS 0x0000000087d00000, 0x0000000087d00000| Untracked 
| 126|0x0000000087e00000, 0x0000000087e00000, 0x0000000087f00000|  0%| F|  |TAMS 0x0000000087e00000, 0x0000000087e00000| Untracked 
| 127|0x0000000087f00000, 0x0000000088000000, 0x0000000088000000|100%| S|CS|TAMS 0x0000000087f00000, 0x0000000087f00000| Complete 
| 128|0x0000000088000000, 0x0000000088100000, 0x0000000088100000|100%| S|CS|TAMS 0x0000000088000000, 0x0000000088000000| Complete 
| 129|0x0000000088100000, 0x0000000088200000, 0x0000000088200000|100%| S|CS|TAMS 0x0000000088100000, 0x0000000088100000| Complete 
| 130|0x0000000088200000, 0x0000000088300000, 0x0000000088300000|100%| S|CS|TAMS 0x0000000088200000, 0x0000000088200000| Complete 
| 131|0x0000000088300000, 0x0000000088300000, 0x0000000088400000|  0%| F|  |TAMS 0x0000000088300000, 0x0000000088300000| Untracked 
| 132|0x0000000088400000, 0x0000000088400000, 0x0000000088500000|  0%| F|  |TAMS 0x0000000088400000, 0x0000000088400000| Untracked 
| 133|0x0000000088500000, 0x0000000088500000, 0x0000000088600000|  0%| F|  |TAMS 0x0000000088500000, 0x0000000088500000| Untracked 
| 134|0x0000000088600000, 0x0000000088700000, 0x0000000088700000|100%| S|CS|TAMS 0x0000000088600000, 0x0000000088600000| Complete 
| 135|0x0000000088700000, 0x0000000088700000, 0x0000000088800000|  0%| F|  |TAMS 0x0000000088700000, 0x0000000088700000| Untracked 
| 136|0x0000000088800000, 0x0000000088800000, 0x0000000088900000|  0%| F|  |TAMS 0x0000000088800000, 0x0000000088800000| Untracked 
| 137|0x0000000088900000, 0x0000000088900000, 0x0000000088a00000|  0%| F|  |TAMS 0x0000000088900000, 0x0000000088900000| Untracked 
| 138|0x0000000088a00000, 0x0000000088a00000, 0x0000000088b00000|  0%| F|  |TAMS 0x0000000088a00000, 0x0000000088a00000| Untracked 
| 139|0x0000000088b00000, 0x0000000088b00000, 0x0000000088c00000|  0%| F|  |TAMS 0x0000000088b00000, 0x0000000088b00000| Untracked 
| 140|0x0000000088c00000, 0x0000000088c00000, 0x0000000088d00000|  0%| F|  |TAMS 0x0000000088c00000, 0x0000000088c00000| Untracked 
| 141|0x0000000088d00000, 0x0000000088d00000, 0x0000000088e00000|  0%| F|  |TAMS 0x0000000088d00000, 0x0000000088d00000| Untracked 
| 142|0x0000000088e00000, 0x0000000088e00000, 0x0000000088f00000|  0%| F|  |TAMS 0x0000000088e00000, 0x0000000088e00000| Untracked 
| 143|0x0000000088f00000, 0x0000000088f00000, 0x0000000089000000|  0%| F|  |TAMS 0x0000000088f00000, 0x0000000088f00000| Untracked 
| 144|0x0000000089000000, 0x0000000089000000, 0x0000000089100000|  0%| F|  |TAMS 0x0000000089000000, 0x0000000089000000| Untracked 
| 145|0x0000000089100000, 0x0000000089100000, 0x0000000089200000|  0%| F|  |TAMS 0x0000000089100000, 0x0000000089100000| Untracked 
| 146|0x0000000089200000, 0x0000000089200000, 0x0000000089300000|  0%| F|  |TAMS 0x0000000089200000, 0x0000000089200000| Untracked 
| 147|0x0000000089300000, 0x0000000089300000, 0x0000000089400000|  0%| F|  |TAMS 0x0000000089300000, 0x0000000089300000| Untracked 
| 148|0x0000000089400000, 0x0000000089400000, 0x0000000089500000|  0%| F|  |TAMS 0x0000000089400000, 0x0000000089400000| Untracked 
| 149|0x0000000089500000, 0x0000000089500000, 0x0000000089600000|  0%| F|  |TAMS 0x0000000089500000, 0x0000000089500000| Untracked 
| 150|0x0000000089600000, 0x0000000089600000, 0x0000000089700000|  0%| F|  |TAMS 0x0000000089600000, 0x0000000089600000| Untracked 
| 151|0x0000000089700000, 0x0000000089700000, 0x0000000089800000|  0%| F|  |TAMS 0x0000000089700000, 0x0000000089700000| Untracked 
| 152|0x0000000089800000, 0x0000000089800000, 0x0000000089900000|  0%| F|  |TAMS 0x0000000089800000, 0x0000000089800000| Untracked 
| 153|0x0000000089900000, 0x00000000899f2320, 0x0000000089a00000| 94%| E|  |TAMS 0x0000000089900000, 0x0000000089900000| Complete 
| 154|0x0000000089a00000, 0x0000000089b00000, 0x0000000089b00000|100%| E|CS|TAMS 0x0000000089a00000, 0x0000000089a00000| Complete 
| 155|0x0000000089b00000, 0x0000000089c00000, 0x0000000089c00000|100%| E|CS|TAMS 0x0000000089b00000, 0x0000000089b00000| Complete 
| 156|0x0000000089c00000, 0x0000000089d00000, 0x0000000089d00000|100%| E|CS|TAMS 0x0000000089c00000, 0x0000000089c00000| Complete 
| 157|0x0000000089d00000, 0x0000000089e00000, 0x0000000089e00000|100%| E|CS|TAMS 0x0000000089d00000, 0x0000000089d00000| Complete 
| 158|0x0000000089e00000, 0x0000000089f00000, 0x0000000089f00000|100%| E|CS|TAMS 0x0000000089e00000, 0x0000000089e00000| Complete 
| 159|0x0000000089f00000, 0x000000008a000000, 0x000000008a000000|100%| E|CS|TAMS 0x0000000089f00000, 0x0000000089f00000| Complete 
| 160|0x000000008a000000, 0x000000008a100000, 0x000000008a100000|100%| E|CS|TAMS 0x000000008a000000, 0x000000008a000000| Complete 
| 161|0x000000008a100000, 0x000000008a200000, 0x000000008a200000|100%| E|CS|TAMS 0x000000008a100000, 0x000000008a100000| Complete 
| 162|0x000000008a200000, 0x000000008a300000, 0x000000008a300000|100%| E|CS|TAMS 0x000000008a200000, 0x000000008a200000| Complete 
| 163|0x000000008a300000, 0x000000008a400000, 0x000000008a400000|100%| E|CS|TAMS 0x000000008a300000, 0x000000008a300000| Complete 
| 164|0x000000008a400000, 0x000000008a500000, 0x000000008a500000|100%| E|CS|TAMS 0x000000008a400000, 0x000000008a400000| Complete 
| 165|0x000000008a500000, 0x000000008a600000, 0x000000008a600000|100%| E|CS|TAMS 0x000000008a500000, 0x000000008a500000| Complete 
| 166|0x000000008a600000, 0x000000008a700000, 0x000000008a700000|100%| E|CS|TAMS 0x000000008a600000, 0x000000008a600000| Complete 
| 167|0x000000008a700000, 0x000000008a800000, 0x000000008a800000|100%| E|CS|TAMS 0x000000008a700000, 0x000000008a700000| Complete 
| 168|0x000000008a800000, 0x000000008a900000, 0x000000008a900000|100%| E|CS|TAMS 0x000000008a800000, 0x000000008a800000| Complete 
| 169|0x000000008a900000, 0x000000008aa00000, 0x000000008aa00000|100%| E|CS|TAMS 0x000000008a900000, 0x000000008a900000| Complete 
| 170|0x000000008aa00000, 0x000000008ab00000, 0x000000008ab00000|100%| E|CS|TAMS 0x000000008aa00000, 0x000000008aa00000| Complete 
| 171|0x000000008ab00000, 0x000000008ac00000, 0x000000008ac00000|100%| E|CS|TAMS 0x000000008ab00000, 0x000000008ab00000| Complete 
| 172|0x000000008ac00000, 0x000000008ad00000, 0x000000008ad00000|100%| E|CS|TAMS 0x000000008ac00000, 0x000000008ac00000| Complete 

Card table byte_map: [0x0000019247f80000,0x0000019248380000] _byte_map_base: 0x0000019247b80000

Marking Bits (Prev, Next): (CMBitMap*) 0x00000192332db740, (CMBitMap*) 0x00000192332db708
 Prev Bits: [0x000001924a780000, 0x000001924c780000)
 Next Bits: [0x0000019248780000, 0x000001924a780000)

Polling page: 0x00000192330c0000

Metaspace:

Usage:
  Non-class:     88.79 MB capacity,    87.09 MB ( 98%) used,     1.42 MB (  2%) free+waste,   286.00 KB ( <1%) overhead. 
      Class:     13.76 MB capacity,    12.80 MB ( 93%) used,   852.84 KB (  6%) free+waste,   132.25 KB ( <1%) overhead. 
       Both:    102.55 MB capacity,    99.89 MB ( 97%) used,     2.25 MB (  2%) free+waste,   418.25 KB ( <1%) overhead. 

Virtual space:
  Non-class space:       90.00 MB reserved,      88.95 MB ( 99%) committed 
      Class space:        1.00 GB reserved,      13.88 MB (  1%) committed 
             Both:        1.09 GB reserved,     102.82 MB (  9%) committed 

Chunk freelists:
   Non-Class:  34.00 KB
       Class:  21.00 KB
        Both:  55.00 KB

MaxMetaspaceSize: 17179869184.00 GB
CompressedClassSpaceSize: 1.00 GB

CodeHeap 'non-profiled nmethods': size=120064Kb used=7093Kb max_used=7093Kb free=112970Kb
 bounds [0x0000019240020000, 0x0000019240710000, 0x0000019247560000]
CodeHeap 'profiled nmethods': size=120000Kb used=26733Kb max_used=26733Kb free=93266Kb
 bounds [0x0000019238af0000, 0x000001923a510000, 0x0000019240020000]
CodeHeap 'non-nmethods': size=5696Kb used=2322Kb max_used=2381Kb free=3373Kb
 bounds [0x0000019238560000, 0x00000192387d0000, 0x0000019238af0000]
 total_blobs=12672 nmethods=11739 adapters=844
 compilation: enabled
              stopped_count=0, restarted_count=0
 full_count=0

Compilation events (20 events):
Event: 75.718 Thread 0x000001924edbe000 nmethod 11776 0x000001923a505590 code [0x000001923a5057a0, 0x000001923a505df8]
Event: 75.719 Thread 0x000001924edbe000 11777       1       org.gradle.launcher.daemon.server.health.gc.GarbageCollectionEvent::getUsage (5 bytes)
Event: 75.719 Thread 0x000001924edbe000 nmethod 11777 0x000001924070cd10 code [0x000001924070cec0, 0x000001924070cf78]
Event: 75.721 Thread 0x000001924edbe000 11778   !   3       java.util.Formatter::format (280 bytes)
Event: 75.723 Thread 0x000001924edbe000 nmethod 11778 0x000001923a506010 code [0x000001923a506360, 0x000001923a5077b8]
Event: 75.725 Thread 0x000001924ed89000 11779       4       org.gradle.internal.service.DefaultServiceRegistry$OwnServices$ProviderAnalyser::analyseType (114 bytes)
Event: 75.725 Thread 0x000001924edbe000 11780       1       org.gradle.internal.service.DefaultServiceRegistry::access$300 (5 bytes)
Event: 75.726 Thread 0x000001924edbe000 nmethod 11780 0x000001924070d010 code [0x000001924070d1c0, 0x000001924070d258]
Event: 75.745 Thread 0x000001924edbe000 11782       3       org.gradle.internal.service.DefaultServiceRegistry$CompositeServiceProvider::getFactory (49 bytes)
Event: 75.745 Thread 0x000001924edbe000 nmethod 11782 0x000001923a508190 code [0x000001923a508360, 0x000001923a508668]
Event: 75.745 Thread 0x000001924edbe000 11783       3       org.gradle.internal.service.DefaultServiceRegistry$SingletonService::isFactory (146 bytes)
Event: 75.747 Thread 0x000001924edbe000 nmethod 11783 0x000001923a508790 code [0x000001923a508aa0, 0x000001923a509c18]
Event: 75.754 Thread 0x000001924edbe000 11784       3       org.gradle.internal.event.DefaultListenerManager$EventBroadcast$ListenerDispatch::<init> (16 bytes)
Event: 75.755 Thread 0x000001924edbe000 nmethod 11784 0x000001923a50a110 code [0x000001923a50a2e0, 0x000001923a50a558]
Event: 75.775 Thread 0x000001924edbe000 11785       3       java.util.HashSet::<init> (40 bytes)
Event: 75.776 Thread 0x000001924edbe000 nmethod 11785 0x000001923a50a690 code [0x000001923a50a8e0, 0x000001923a50aec8]
Event: 75.797 Thread 0x000001924edbe000 11787       1       org.gradle.cache.PersistentIndexedCacheParameters::getCacheName (5 bytes)
Event: 75.798 Thread 0x000001924edbe000 nmethod 11787 0x000001924070d310 code [0x000001924070d4c0, 0x000001924070d578]
Event: 75.798 Thread 0x000001924edbe000 11788       3       org.gradle.util.GradleVersion::compareTo (9 bytes)
Event: 75.799 Thread 0x000001924edbe000 nmethod 11788 0x000001923a50b110 code [0x000001923a50b2e0, 0x000001923a50b508]

GC Heap History (20 events):
Event: 49.230 GC heap before
{Heap before GC invocations=39 (full 0):
 garbage-first heap   total 147456K, used 118501K [0x0000000080000000, 0x0000000100000000)
  region size 1024K, 30 young (30720K), 2 survivors (2048K)
 Metaspace       used 78131K, capacity 80163K, committed 80460K, reserved 1118208K
  class space    used 10122K, capacity 10822K, committed 10880K, reserved 1048576K
}
Event: 49.241 GC heap after
{Heap after GC invocations=40 (full 0):
 garbage-first heap   total 147456K, used 91612K [0x0000000080000000, 0x0000000100000000)
  region size 1024K, 4 young (4096K), 4 survivors (4096K)
 Metaspace       used 78131K, capacity 80163K, committed 80460K, reserved 1118208K
  class space    used 10122K, capacity 10822K, committed 10880K, reserved 1048576K
}
Event: 50.011 GC heap before
{Heap before GC invocations=40 (full 0):
 garbage-first heap   total 147456K, used 115164K [0x0000000080000000, 0x0000000100000000)
  region size 1024K, 29 young (29696K), 4 survivors (4096K)
 Metaspace       used 79904K, capacity 82076K, committed 82252K, reserved 1120256K
  class space    used 10340K, capacity 11075K, committed 11136K, reserved 1048576K
}
Event: 50.020 GC heap after
{Heap after GC invocations=41 (full 0):
 garbage-first heap   total 147456K, used 94004K [0x0000000080000000, 0x0000000100000000)
  region size 1024K, 4 young (4096K), 4 survivors (4096K)
 Metaspace       used 79904K, capacity 82076K, committed 82252K, reserved 1120256K
  class space    used 10340K, capacity 11075K, committed 11136K, reserved 1048576K
}
Event: 50.944 GC heap before
{Heap before GC invocations=42 (full 0):
 garbage-first heap   total 147456K, used 122676K [0x0000000080000000, 0x0000000100000000)
  region size 1024K, 31 young (31744K), 4 survivors (4096K)
 Metaspace       used 83537K, capacity 85677K, committed 85964K, reserved 1124352K
  class space    used 10780K, capacity 11478K, committed 11520K, reserved 1048576K
}
Event: 50.952 GC heap after
{Heap after GC invocations=43 (full 0):
 garbage-first heap   total 147456K, used 94866K [0x0000000080000000, 0x0000000100000000)
  region size 1024K, 2 young (2048K), 2 survivors (2048K)
 Metaspace       used 83537K, capacity 85677K, committed 85964K, reserved 1124352K
  class space    used 10780K, capacity 11478K, committed 11520K, reserved 1048576K
}
Event: 51.896 GC heap before
{Heap before GC invocations=43 (full 0):
 garbage-first heap   total 147456K, used 121490K [0x0000000080000000, 0x0000000100000000)
  region size 1024K, 28 young (28672K), 2 survivors (2048K)
 Metaspace       used 87262K, capacity 89416K, committed 89548K, reserved 1126400K
  class space    used 11207K, capacity 11927K, committed 12032K, reserved 1048576K
}
Event: 51.906 GC heap after
{Heap after GC invocations=44 (full 0):
 garbage-first heap   total 177152K, used 96383K [0x0000000080000000, 0x0000000100000000)
  region size 1024K, 3 young (3072K), 3 survivors (3072K)
 Metaspace       used 87262K, capacity 89416K, committed 89548K, reserved 1126400K
  class space    used 11207K, capacity 11927K, committed 12032K, reserved 1048576K
}
Event: 53.750 GC heap before
{Heap before GC invocations=45 (full 0):
 garbage-first heap   total 177152K, used 133247K [0x0000000080000000, 0x0000000100000000)
  region size 1024K, 40 young (40960K), 3 survivors (3072K)
 Metaspace       used 89686K, capacity 92113K, committed 92236K, reserved 1128448K
  class space    used 11547K, capacity 12366K, committed 12416K, reserved 1048576K
}
Event: 53.762 GC heap after
{Heap after GC invocations=46 (full 0):
 garbage-first heap   total 177152K, used 99154K [0x0000000080000000, 0x0000000100000000)
  region size 1024K, 5 young (5120K), 5 survivors (5120K)
 Metaspace       used 89686K, capacity 92113K, committed 92236K, reserved 1128448K
  class space    used 11547K, capacity 12366K, committed 12416K, reserved 1048576K
}
Event: 55.332 GC heap before
{Heap before GC invocations=46 (full 0):
 garbage-first heap   total 177152K, used 136018K [0x0000000080000000, 0x0000000100000000)
  region size 1024K, 42 young (43008K), 5 survivors (5120K)
 Metaspace       used 90145K, capacity 92504K, committed 92748K, reserved 1130496K
  class space    used 11568K, capacity 12374K, committed 12416K, reserved 1048576K
}
Event: 55.347 GC heap after
{Heap after GC invocations=47 (full 0):
 garbage-first heap   total 177152K, used 101440K [0x0000000080000000, 0x0000000100000000)
  region size 1024K, 5 young (5120K), 5 survivors (5120K)
 Metaspace       used 90145K, capacity 92504K, committed 92748K, reserved 1130496K
  class space    used 11568K, capacity 12374K, committed 12416K, reserved 1048576K
}
Event: 57.028 GC heap before
{Heap before GC invocations=48 (full 0):
 garbage-first heap   total 177152K, used 139328K [0x0000000080000000, 0x0000000100000000)
  region size 1024K, 43 young (44032K), 5 survivors (5120K)
 Metaspace       used 93373K, capacity 95888K, committed 96076K, reserved 1132544K
  class space    used 11974K, capacity 12871K, committed 12928K, reserved 1048576K
}
Event: 57.042 GC heap after
{Heap after GC invocations=49 (full 0):
 garbage-first heap   total 177152K, used 103558K [0x0000000080000000, 0x0000000100000000)
  region size 1024K, 5 young (5120K), 5 survivors (5120K)
 Metaspace       used 93373K, capacity 95888K, committed 96076K, reserved 1132544K
  class space    used 11974K, capacity 12871K, committed 12928K, reserved 1048576K
}
Event: 58.036 GC heap before
{Heap before GC invocations=49 (full 0):
 garbage-first heap   total 177152K, used 142470K [0x0000000080000000, 0x0000000100000000)
  region size 1024K, 43 young (44032K), 5 survivors (5120K)
 Metaspace       used 96040K, capacity 98573K, committed 98764K, reserved 1134592K
  class space    used 12361K, capacity 13308K, committed 13312K, reserved 1048576K
}
Event: 58.046 GC heap after
{Heap after GC invocations=50 (full 0):
 garbage-first heap   total 177152K, used 104633K [0x0000000080000000, 0x0000000100000000)
  region size 1024K, 4 young (4096K), 4 survivors (4096K)
 Metaspace       used 96040K, capacity 98573K, committed 98764K, reserved 1134592K
  class space    used 12361K, capacity 13308K, committed 13312K, reserved 1048576K
}
Event: 58.873 GC heap before
{Heap before GC invocations=51 (full 0):
 garbage-first heap   total 177152K, used 144569K [0x0000000080000000, 0x0000000100000000)
  region size 1024K, 43 young (44032K), 4 survivors (4096K)
 Metaspace       used 98709K, capacity 101141K, committed 101452K, reserved 1136640K
  class space    used 12645K, capacity 13543K, committed 13696K, reserved 1048576K
}
Event: 58.885 GC heap after
{Heap after GC invocations=52 (full 0):
 garbage-first heap   total 177152K, used 106784K [0x0000000080000000, 0x0000000100000000)
  region size 1024K, 6 young (6144K), 6 survivors (6144K)
 Metaspace       used 98709K, capacity 101141K, committed 101452K, reserved 1136640K
  class space    used 12645K, capacity 13543K, committed 13696K, reserved 1048576K
}
Event: 60.058 GC heap before
{Heap before GC invocations=52 (full 0):
 garbage-first heap   total 177152K, used 145696K [0x0000000080000000, 0x0000000100000000)
  region size 1024K, 44 young (45056K), 6 survivors (6144K)
 Metaspace       used 100190K, capacity 102761K, committed 102860K, reserved 1138688K
  class space    used 12834K, capacity 13768K, committed 13824K, reserved 1048576K
}
Event: 60.072 GC heap after
{Heap after GC invocations=53 (full 0):
 garbage-first heap   total 177152K, used 109734K [0x0000000080000000, 0x0000000100000000)
  region size 1024K, 6 young (6144K), 6 survivors (6144K)
 Metaspace       used 100190K, capacity 102761K, committed 102860K, reserved 1138688K
  class space    used 12834K, capacity 13768K, committed 13824K, reserved 1048576K
}

Deoptimization events (20 events):
Event: 75.742 Thread 0x0000019250465800 DEOPT PACKING pc=0x00000192406cd0e4 sp=0x00000075e4afd380
Event: 75.742 Thread 0x0000019250465800 DEOPT UNPACKING pc=0x00000192385873af sp=0x00000075e4afd2d0 mode 2
Event: 75.754 Thread 0x0000019250465800 Uncommon trap: trap_request=0xffffff4d fr.pc=0x00000192405d88f0 relative=0x00000000000004d0
Event: 75.754 Thread 0x0000019250465800 Uncommon trap: reason=unstable_if action=reinterpret pc=0x00000192405d88f0 method=org.gradle.cache.internal.DefaultCrossBuildInMemoryCacheFactory$AbstractCrossBuildInMemoryCache.getIfPresentWithoutLock(Ljava/lang/Object;)Ljava/lang/Object; @ 24 c2
Event: 75.754 Thread 0x0000019250465800 DEOPT PACKING pc=0x00000192405d88f0 sp=0x00000075e4afb080
Event: 75.754 Thread 0x0000019250465800 DEOPT UNPACKING pc=0x00000192385873af sp=0x00000075e4afb038 mode 2
Event: 75.757 Thread 0x0000019250465800 Uncommon trap: trap_request=0xffffff4d fr.pc=0x00000192406572a4 relative=0x00000000000012c4
Event: 75.757 Thread 0x0000019250465800 Uncommon trap: reason=unstable_if action=reinterpret pc=0x00000192406572a4 method=org.gradle.cache.internal.DefaultCrossBuildInMemoryCacheFactory$AbstractCrossBuildInMemoryCache.getIfPresentWithoutLock(Ljava/lang/Object;)Ljava/lang/Object; @ 24 c2
Event: 75.757 Thread 0x0000019250465800 DEOPT PACKING pc=0x00000192406572a4 sp=0x00000075e4afbd50
Event: 75.757 Thread 0x0000019250465800 DEOPT UNPACKING pc=0x00000192385873af sp=0x00000075e4afbcb0 mode 2
Event: 75.778 Thread 0x0000019250465800 Uncommon trap: trap_request=0xffffff4d fr.pc=0x000001924065ec58 relative=0x0000000000000098
Event: 75.778 Thread 0x0000019250465800 Uncommon trap: reason=unstable_if action=reinterpret pc=0x000001924065ec58 method=org.gradle.internal.operations.DefaultBuildOperationAncestryTracker.started(Lorg/gradle/internal/operations/BuildOperationDescriptor;Lorg/gradle/internal/operations/Operatio
Event: 75.778 Thread 0x0000019250465800 DEOPT PACKING pc=0x000001924065ec58 sp=0x00000075e4afd180
Event: 75.778 Thread 0x0000019250465800 DEOPT UNPACKING pc=0x00000192385873af sp=0x00000075e4afd108 mode 2
Event: 75.786 Thread 0x0000019250465800 DEOPT PACKING pc=0x00000192390f0670 sp=0x00000075e4afbc40
Event: 75.786 Thread 0x0000019250465800 DEOPT UNPACKING pc=0x00000192385871ce sp=0x00000075e4afb118 mode 0
Event: 75.808 Thread 0x0000019250465800 Uncommon trap: trap_request=0xffffff4d fr.pc=0x000001924060f624 relative=0x0000000000004ee4
Event: 75.808 Thread 0x0000019250465800 Uncommon trap: reason=unstable_if action=reinterpret pc=0x000001924060f624 method=org.gradle.cache.internal.DefaultCrossBuildInMemoryCacheFactory$AbstractCrossBuildInMemoryCache.getIfPresentWithoutLock(Ljava/lang/Object;)Ljava/lang/Object; @ 24 c2
Event: 75.809 Thread 0x0000019250465800 DEOPT PACKING pc=0x000001924060f624 sp=0x00000075e4af97c0
Event: 75.809 Thread 0x0000019250465800 DEOPT UNPACKING pc=0x00000192385873af sp=0x00000075e4af9548 mode 2

Classes redefined (0 events):
No events

Internal exceptions (20 events):
Event: 60.085 Thread 0x0000019250465800 Exception <a 'java/lang/ClassNotFoundException'{0x000000008ac9d7c8}: org/gradle/api/internal/tasks/DefaultTaskContainerCustomizer> (0x000000008ac9d7c8) thrown at [./src/hotspot/share/classfile/systemDictionary.cpp, line 231]
Event: 60.090 Thread 0x0000019250465800 Exception <a 'java/lang/ClassNotFoundException'{0x000000008acff738}: org/gradle/api/internal/tasks/DefaultTaskContainer_DecoratedCustomizer> (0x000000008acff738) thrown at [./src/hotspot/share/classfile/systemDictionary.cpp, line 231]
Event: 60.143 Thread 0x0000019250465800 Exception <a 'java/lang/ClassNotFoundException'{0x000000008aa0de18}: org/gradle/api/tasks/SourceSetBeanInfo> (0x000000008aa0de18) thrown at [./src/hotspot/share/classfile/systemDictionary.cpp, line 231]
Event: 60.144 Thread 0x0000019250465800 Exception <a 'java/lang/ClassNotFoundException'{0x000000008aa2adb8}: org/gradle/api/tasks/SourceSetCustomizer> (0x000000008aa2adb8) thrown at [./src/hotspot/share/classfile/systemDictionary.cpp, line 231]
Event: 60.152 Thread 0x0000019250465800 Exception <a 'java/lang/ClassNotFoundException'{0x000000008aaa6338}: java/util/LinkedHashMapBeanInfo> (0x000000008aaa6338) thrown at [./src/hotspot/share/classfile/systemDictionary.cpp, line 231]
Event: 60.153 Thread 0x0000019250465800 Exception <a 'java/lang/ClassNotFoundException'{0x000000008aaaf5c8}: java/util/HashMapBeanInfo> (0x000000008aaaf5c8) thrown at [./src/hotspot/share/classfile/systemDictionary.cpp, line 231]
Event: 60.154 Thread 0x0000019250465800 Exception <a 'java/lang/ClassNotFoundException'{0x000000008aab9080}: java/util/AbstractMapBeanInfo> (0x000000008aab9080) thrown at [./src/hotspot/share/classfile/systemDictionary.cpp, line 231]
Event: 60.154 Thread 0x0000019250465800 Exception <a 'java/lang/ClassNotFoundException'{0x000000008aac2bf0}: java/util/AbstractMapCustomizer> (0x000000008aac2bf0) thrown at [./src/hotspot/share/classfile/systemDictionary.cpp, line 231]
Event: 60.156 Thread 0x0000019250465800 Exception <a 'java/lang/ClassNotFoundException'{0x000000008aad6248}: java/util/HashMapCustomizer> (0x000000008aad6248) thrown at [./src/hotspot/share/classfile/systemDictionary.cpp, line 231]
Event: 60.158 Thread 0x0000019250465800 Exception <a 'java/lang/ClassNotFoundException'{0x000000008aaf6ed8}: java/util/LinkedHashMapCustomizer> (0x000000008aaf6ed8) thrown at [./src/hotspot/share/classfile/systemDictionary.cpp, line 231]
Event: 60.541 Thread 0x0000019250d33000 Exception <a 'java/lang/NoSuchMethodError'{0x0000000089e0d1c0}: <clinit>> (0x0000000089e0d1c0) thrown at [./src/hotspot/share/prims/jni.cpp, line 1362]
Event: 60.549 Thread 0x0000019250d33000 Exception <a 'java/lang/NoSuchMethodError'{0x0000000089e2b280}: <clinit>> (0x0000000089e2b280) thrown at [./src/hotspot/share/prims/jni.cpp, line 1362]
Event: 60.565 Thread 0x0000019250d33000 Exception <a 'java/lang/NoSuchMethodError'{0x0000000089e3b208}: <clinit>> (0x0000000089e3b208) thrown at [./src/hotspot/share/prims/jni.cpp, line 1362]
Event: 60.626 Thread 0x0000019250465800 Exception <a 'java/lang/NoSuchMethodError'{0x0000000089eb7c48}: 'java.lang.Object java.lang.invoke.Invokers$Holder.linkToTargetMethod(java.lang.Object, java.lang.Object, java.lang.Object, int, java.lang.Object, java.lang.Object)'> (0x0000000089eb7c48) thrown at [./src/hotspot/share/interpreter/linkResolver.cpp, line 773]
Event: 60.636 Thread 0x0000019250465800 Exception <a 'java/lang/NoSuchMethodError'{0x0000000089ef7130}: 'int java.lang.invoke.DirectMethodHandle$Holder.invokeVirtual(java.lang.Object, java.lang.Object, java.lang.Object)'> (0x0000000089ef7130) thrown at [./src/hotspot/share/interpreter/linkResolver.cpp, line 773]
Event: 60.640 Thread 0x0000019250465800 Exception <a 'java/lang/IncompatibleClassChangeError'{0x0000000089d00bc0}: Found class java.lang.Object, but interface was expected> (0x0000000089d00bc0) thrown at [./src/hotspot/share/interpreter/linkResolver.cpp, line 839]
Event: 60.864 Thread 0x0000019250465800 Implicit null exception at 0x000001924065efaf to 0x000001924065effc
Event: 67.059 Thread 0x0000019250a17000 Implicit null exception at 0x00000192400534f4 to 0x0000019240053a50
Event: 67.069 Thread 0x0000019250a17000 Implicit null exception at 0x0000019240403214 to 0x0000019240403834
Event: 75.636 Thread 0x000001925390e800 Exception <a 'java/lang/NoSuchMethodError'{0x0000000089ab07d8}: <clinit>> (0x0000000089ab07d8) thrown at [./src/hotspot/share/prims/jni.cpp, line 1362]

Events (20 events):
Event: 61.114 Executing VM operation: RevokeBias
Event: 61.114 Executing VM operation: RevokeBias done
Event: 61.114 Executing VM operation: RevokeBias
Event: 61.114 Executing VM operation: RevokeBias done
Event: 61.114 Thread 0x0000019250a3f000 Thread exited: 0x0000019250a3f000
Event: 63.109 Thread 0x0000019253912800 Thread exited: 0x0000019253912800
Event: 75.562 Thread 0x000001925390e800 Thread added: 0x000001925390e800
Event: 75.662 Thread 0x000001925390f000 Thread added: 0x000001925390f000
Event: 75.718 Thread 0x0000019253912800 Thread added: 0x0000019253912800
Event: 75.720 Thread 0x0000019253913000 Thread added: 0x0000019253913000
Event: 75.724 Thread 0x000001925390d800 Thread added: 0x000001925390d800
Event: 75.757 Thread 0x0000019253914000 Thread added: 0x0000019253914000
Event: 75.769 loading class org/gradle/internal/watch/vfs/impl/WatchingVirtualFileSystem
Event: 75.769 loading class org/gradle/internal/watch/vfs/impl/WatchingVirtualFileSystem done
Event: 75.770 Executing VM operation: RevokeBias
Event: 75.774 Executing VM operation: RevokeBias done
Event: 75.780 loading class org/gradle/tooling/internal/provider/runner/BuildModelActionRunner$BuildResultAdapter
Event: 75.780 loading class org/gradle/tooling/internal/provider/runner/BuildModelActionRunner$BuildResultAdapter done
Event: 75.792 Thread 0x000001925391a800 Thread added: 0x000001925391a800
Event: 75.803 Thread 0x0000019253915800 Thread added: 0x0000019253915800


Dynamic libraries:
0x00007ff65b120000 - 0x00007ff65b12a000 	D:\AndroidS\jre\bin\java.exe
0x00007ff842e00000 - 0x00007ff842ff0000 	C:\Windows\SYSTEM32\ntdll.dll
0x00007ff8419e0000 - 0x00007ff841a92000 	C:\Windows\System32\KERNEL32.DLL
0x00007ff840c00000 - 0x00007ff840ea5000 	C:\Windows\System32\KERNELBASE.dll
0x00007ff840ab0000 - 0x00007ff840baa000 	C:\Windows\System32\ucrtbase.dll
0x00007ff8350a0000 - 0x00007ff8350b9000 	D:\AndroidS\jre\bin\jli.dll
0x00007ff841b90000 - 0x00007ff841d25000 	C:\Windows\System32\USER32.dll
0x00007ff840bb0000 - 0x00007ff840bd1000 	C:\Windows\System32\win32u.dll
0x00007ff842810000 - 0x00007ff842836000 	C:\Windows\System32\GDI32.dll
0x00007ff840910000 - 0x00007ff840aa6000 	C:\Windows\System32\gdi32full.dll
0x00007ff840540000 - 0x00007ff8405de000 	C:\Windows\System32\msvcp_win.dll
0x00007ff834d50000 - 0x00007ff834d67000 	D:\AndroidS\jre\bin\VCRUNTIME140.dll
0x00007ff828750000 - 0x00007ff8289d4000 	C:\Windows\WinSxS\amd64_microsoft.windows.common-controls_6595b64144ccf1df_6.0.18362.1082_none_9e8193e1e45b25c1\COMCTL32.dll
0x00007ff842770000 - 0x00007ff84280e000 	C:\Windows\System32\msvcrt.dll
0x00007ff842a80000 - 0x00007ff842db5000 	C:\Windows\System32\combase.dll
0x00007ff841e90000 - 0x00007ff841fb0000 	C:\Windows\System32\RPCRT4.dll
0x00007ff8405e0000 - 0x00007ff840660000 	C:\Windows\System32\bcryptPrimitives.dll
0x00007ff841aa0000 - 0x00007ff841ace000 	C:\Windows\System32\IMM32.DLL
0x00007ff82ece0000 - 0x00007ff82ed7d000 	D:\AndroidS\jre\bin\msvcp140.dll
0x00007ff82c9a0000 - 0x00007ff82d46f000 	D:\AndroidS\jre\bin\server\jvm.dll
0x00007ff842840000 - 0x00007ff8428e3000 	C:\Windows\System32\ADVAPI32.dll
0x00007ff841fb0000 - 0x00007ff842047000 	C:\Windows\System32\sechost.dll
0x00007ff842050000 - 0x00007ff842058000 	C:\Windows\System32\PSAPI.DLL
0x00007ff8240c0000 - 0x00007ff8240c9000 	C:\Windows\SYSTEM32\WSOCK32.dll
0x00007ff841d50000 - 0x00007ff841dbf000 	C:\Windows\System32\WS2_32.dll
0x00007ff83d5e0000 - 0x00007ff83d604000 	C:\Windows\SYSTEM32\WINMM.dll
0x00007ff838d30000 - 0x00007ff838d3a000 	C:\Windows\SYSTEM32\VERSION.dll
0x00007ff83d5b0000 - 0x00007ff83d5dd000 	C:\Windows\SYSTEM32\WINMMBASE.dll
0x00007ff8406c0000 - 0x00007ff84070a000 	C:\Windows\System32\cfgmgr32.dll
0x00007ff83fcd0000 - 0x00007ff83fce1000 	C:\Windows\System32\kernel.appcore.dll
0x00007ff83c600000 - 0x00007ff83c611000 	D:\AndroidS\jre\bin\verify.dll
0x00007ff839810000 - 0x00007ff839a04000 	C:\Windows\SYSTEM32\DBGHELP.DLL
0x00007ff8281b0000 - 0x00007ff8281da000 	C:\Windows\SYSTEM32\dbgcore.DLL
0x00007ff83c5a0000 - 0x00007ff83c5c9000 	D:\AndroidS\jre\bin\java.dll
0x00007ff83c5e0000 - 0x00007ff83c5eb000 	D:\AndroidS\jre\bin\jimage.dll
0x00007ff83c540000 - 0x00007ff83c558000 	D:\AndroidS\jre\bin\zip.dll
0x00007ff841120000 - 0x00007ff841807000 	C:\Windows\System32\SHELL32.dll
0x00007ff842970000 - 0x00007ff842a19000 	C:\Windows\System32\shcore.dll
0x00007ff83fd90000 - 0x00007ff840510000 	C:\Windows\System32\windows.storage.dll
0x00007ff83fcf0000 - 0x00007ff83fd13000 	C:\Windows\System32\profapi.dll
0x00007ff83fd40000 - 0x00007ff83fd8a000 	C:\Windows\System32\powrprof.dll
0x00007ff83fcc0000 - 0x00007ff83fcd0000 	C:\Windows\System32\UMPDC.dll
0x00007ff842a20000 - 0x00007ff842a72000 	C:\Windows\System32\shlwapi.dll
0x00007ff840be0000 - 0x00007ff840bf7000 	C:\Windows\System32\cryptsp.dll
0x00007ff83c520000 - 0x00007ff83c53a000 	D:\AndroidS\jre\bin\net.dll
0x00007ff82beb0000 - 0x00007ff82bfa0000 	C:\Windows\SYSTEM32\WINHTTP.dll
0x00007ff83f510000 - 0x00007ff83f577000 	C:\Windows\system32\mswsock.dll
0x00007ff83b930000 - 0x00007ff83b944000 	D:\AndroidS\jre\bin\nio.dll
0x00007ff8348c0000 - 0x00007ff8348e7000 	C:\Users\EGAR\.gradle\native\8bec1ad78214c89d9ad589b4d07fe93259594b29d510b10fafb7a158f7737e5d\windows-amd64\native-platform.dll
0x00007ff82ed80000 - 0x00007ff82eebd000 	C:\Users\EGAR\.gradle\native\53dbd7edfb1c66fb8903c78663c9afc45aea4f116125fa6feffd364cf09443e8\windows-amd64\native-platform-file-events.dll
0x00007ff83c590000 - 0x00007ff83c59a000 	D:\AndroidS\jre\bin\management.dll
0x00007ff83c510000 - 0x00007ff83c51c000 	D:\AndroidS\jre\bin\management_ext.dll
0x00007ff83f080000 - 0x00007ff83f0b3000 	C:\Windows\system32\rsaenh.dll
0x00007ff840510000 - 0x00007ff840536000 	C:\Windows\System32\bcrypt.dll
0x00007ff83fba0000 - 0x00007ff83fbc5000 	C:\Windows\SYSTEM32\USERENV.dll
0x00007ff83f6e0000 - 0x00007ff83f6ec000 	C:\Windows\SYSTEM32\CRYPTBASE.dll
0x00007ff83f220000 - 0x00007ff83f25a000 	C:\Windows\SYSTEM32\IPHLPAPI.DLL
0x00007ff8419d0000 - 0x00007ff8419d8000 	C:\Windows\System32\NSI.dll
0x00007ff838d10000 - 0x00007ff838d26000 	C:\Windows\SYSTEM32\dhcpcsvc6.DLL
0x00007ff838f70000 - 0x00007ff838f8c000 	C:\Windows\SYSTEM32\dhcpcsvc.DLL
0x00007ff83f260000 - 0x00007ff83f32b000 	C:\Windows\SYSTEM32\DNSAPI.dll

dbghelp: loaded successfully - version: 4.0.5 - missing functions: none
symbol engine: initialized successfully - sym options: 0x614 - pdb path: .;D:\AndroidS\jre\bin;C:\Windows\SYSTEM32;C:\Windows\WinSxS\amd64_microsoft.windows.common-controls_6595b64144ccf1df_6.0.18362.1082_none_9e8193e1e45b25c1;D:\AndroidS\jre\bin\server;C:\Users\EGAR\.gradle\native\8bec1ad78214c89d9ad589b4d07fe93259594b29d510b10fafb7a158f7737e5d\windows-amd64;C:\Users\EGAR\.gradle\native\53dbd7edfb1c66fb8903c78663c9afc45aea4f116125fa6feffd364cf09443e8\windows-amd64

VM Arguments:
jvm_args: --add-opens=java.base/java.util=ALL-UNNAMED --add-opens=java.base/java.lang=ALL-UNNAMED --add-opens=java.base/java.lang.invoke=ALL-UNNAMED --add-opens=java.base/java.util=ALL-UNNAMED --add-opens=java.prefs/java.util.prefs=ALL-UNNAMED --add-opens=java.prefs/java.util.prefs=ALL-UNNAMED --add-opens=java.base/java.nio.charset=ALL-UNNAMED --add-opens=java.base/java.net=ALL-UNNAMED --add-opens=java.base/java.util.concurrent.atomic=ALL-UNNAMED -Xmx2048m -Dfile.encoding=UTF-8 -Duser.country=ID -Duser.language=en -Duser.variant 
java_command: org.gradle.launcher.daemon.bootstrap.GradleDaemon 7.0.2
java_class_path (initial): C:\Users\EGAR\.gradle\wrapper\dists\gradle-7.0.2-bin\857tjihv64xamwrf0h14cai3r\gradle-7.0.2\lib\gradle-launcher-7.0.2.jar
Launcher Type: SUN_STANDARD

[Global flags]
     intx CICompilerCount                          = 3                                         {product} {ergonomic}
     uint ConcGCThreads                            = 1                                         {product} {ergonomic}
     uint G1ConcRefinementThreads                  = 4                                         {product} {ergonomic}
   size_t G1HeapRegionSize                         = 1048576                                   {product} {ergonomic}
    uintx GCDrainStackTargetSize                   = 64                                        {product} {ergonomic}
   size_t InitialHeapSize                          = 125829120                                 {product} {ergonomic}
   size_t MarkStackSize                            = 4194304                                   {product} {ergonomic}
   size_t MaxHeapSize                              = 2147483648                                {product} {command line}
   size_t MaxNewSize                               = 1287651328                                {product} {ergonomic}
   size_t MinHeapDeltaBytes                        = 1048576                                   {product} {ergonomic}
    uintx NonNMethodCodeHeapSize                   = 5830732                                {pd product} {ergonomic}
    uintx NonProfiledCodeHeapSize                  = 122913754                              {pd product} {ergonomic}
    uintx ProfiledCodeHeapSize                     = 122913754                              {pd product} {ergonomic}
    uintx ReservedCodeCacheSize                    = 251658240                              {pd product} {ergonomic}
     bool SegmentedCodeCache                       = true                                      {product} {ergonomic}
     bool UseCompressedClassPointers               = true                                 {lp64_product} {ergonomic}
     bool UseCompressedOops                        = true                                 {lp64_product} {ergonomic}
     bool UseG1GC                                  = true                                      {product} {ergonomic}
     bool UseLargePagesIndividualAllocation        = false                                  {pd product} {ergonomic}

Logging:
Log output configuration:
 #0: stdout all=warning uptime,level,tags
 #1: stderr all=off uptime,level,tags

Environment Variables:
PATH=C:\Program Files\Common Files\Oracle\Java\javapath;C:\Program Files (x86)\NVIDIA Corporation\PhysX\Common;C:\Program Files (x86)\Common Files\Intel\Shared Libraries\redist\intel64\compiler;C:\Windows\system32;C:\Windows;C:\Windows\System32\Wbem;C:\Windows\System32\WindowsPowerShell\v1.0\;C:\Windows\System32\OpenSSH\;C:\Program Files\Microsoft SQL Server\130\Tools\Binn\;C:\Program Files\Microsoft SQL Server\Client SDK\ODBC\170\Tools\Binn\;C:\Program Files\dotnet\;C:\Program Files\CodeBlocks\MinGW\bin;C:\Program Files\Java\jdk-17.0.1;C:\Program Files\nodejs\;C:\Program Files\Git\cmd;C:\Users\EGAR\anaconda3;C:\Users\EGAR\anaconda3\Library\mingw-w64\bin;C:\Users\EGAR\anaconda3\Library\usr\bin;C:\Users\EGAR\anaconda3\Library\bin;C:\Users\EGAR\anaconda3\Scripts;C:\Users\EGAR\AppData\Local\Programs\Python\Python38-32\Scripts\;C:\Users\EGAR\AppData\Local\Programs\Python\Python38-32\;C:\Program Files\platform-tools;C:\Users\EGAR\AppData\Local\Microsoft\WindowsApps;D:\Program FIles\Microsoft VS Code\bin;C:\Users\EGAR\.dotnet\tools;C:\Program Files\CodeBlocks\MinGW\bin;G:\Riot Games\VALORANT\live;C:\Users\EGAR\AppData\Roaming\npm;C:\Users\EGAR\AppData\Local\GitHubDesktop\bin;C:\Program Files\JetBrains\IntelliJ IDEA Community Edition 2021.3.2\bin;
USERNAME=EGAR
OS=Windows_NT
PROCESSOR_IDENTIFIER=AMD64 Family 21 Model 96 Stepping 1, AuthenticAMD



---------------  S Y S T E M  ---------------

OS: Windows 10 , 64 bit Build 18362 (10.0.18362.1082)
OS uptime: 0 days 8:53 hours

CPU:total 4 (initial active 4) (4 cores per cpu, 1 threads per core) family 21 model 96 stepping 1 microcode 0x0, cmov, cx8, fxsr, mmx, sse, sse2, sse3, ssse3, sse4.1, sse4.2, popcnt, avx, avx2, aes, clmul, mmxext, 3dnowpref, lzcnt, sse4a, tsc, tscinvbit, tscinv, bmi1, bmi2, fma

Memory: 4k page, system-wide physical 7628M (1547M free)
TotalPageFile size 7628M (AvailPageFile size 5M)
current process WorkingSet (physical memory assigned to process): 419M, peak: 443M
current process commit charge ("private bytes"): 450M, peak: 473M

vm_info: OpenJDK 64-Bit Server VM (11.0.10+0-b96-7249189) for windows-amd64 JRE (11.0.10+0-b96-7249189), built on Mar 31 2021 21:44:00 by "builder" with MS VC++ 14.0 (VS2015)

END.
