#
# There is insufficient memory for the Java Runtime Environment to continue.
# Native memory allocation (mmap) failed to map 25165824 bytes for Failed to commit area from 0x0000000087800000 to 0x0000000089000000 of length 25165824.
# Possible reasons:
#   The system is out of physical RAM or swap space
#   The process is running with CompressedOops enabled, and the Java Heap may be blocking the growth of the native heap
# Possible solutions:
#   Reduce memory load on the system
#   Increase physical memory or swap space
#   Check if swap backing store is full
#   Decrease Java heap size (-Xmx/-Xms)
#   Decrease number of Java threads
#   Decrease Java thread stack sizes (-Xss)
#   Set larger code cache with -XX:ReservedCodeCacheSize=
#   JVM is running with Unscaled Compressed Oops mode in which the Java heap is
#     placed in the first 4GB address space. The Java Heap base address is the
#     maximum limit for the native heap growth. Please use -XX:HeapBaseMinAddress
#     to set the Java Heap base and to place the Java Heap above 4GB virtual address.
# This output file may be truncated or incomplete.
#
#  Out of Memory Error (./src/hotspot/os/windows/os_windows.cpp:3301), pid=1696, tid=8776
#
# JRE version: OpenJDK Runtime Environment (11.0.10) (build 11.0.10+0-b96-7249189)
# Java VM: OpenJDK 64-Bit Server VM (11.0.10+0-b96-7249189, mixed mode, tiered, compressed oops, g1 gc, windows-amd64)
# No core dump will be written. Minidumps are not enabled by default on client versions of Windows
#

---------------  S U M M A R Y ------------

Command Line: --add-opens=java.base/java.util=ALL-UNNAMED --add-opens=java.base/java.lang=ALL-UNNAMED --add-opens=java.base/java.lang.invoke=ALL-UNNAMED --add-opens=java.base/java.util=ALL-UNNAMED --add-opens=java.prefs/java.util.prefs=ALL-UNNAMED --add-opens=java.prefs/java.util.prefs=ALL-UNNAMED --add-opens=java.base/java.nio.charset=ALL-UNNAMED --add-opens=java.base/java.net=ALL-UNNAMED --add-opens=java.base/java.util.concurrent.atomic=ALL-UNNAMED -Xmx2048m -Dfile.encoding=UTF-8 -Duser.country=ID -Duser.language=en -Duser.variant org.gradle.launcher.daemon.bootstrap.GradleDaemon 7.0.2

Host: AMD A8-7680 Radeon R7, 10 Compute Cores 4C+6G  , 4 cores, 7G,  Windows 10 , 64 bit Build 18362 (10.0.18362.1082)
Time: Tue Apr 26 10:57:27 2022 SE Asia Standard Time elapsed time: 6.989615 seconds (0d 0h 0m 6s)

---------------  T H R E A D  ---------------

Current thread (0x00000250a2dad000):  VMThread "VM Thread" [stack: 0x0000007757100000,0x0000007757200000] [id=8776]

Stack: [0x0000007757100000,0x0000007757200000]
[error occurred during error reporting (printing stack bounds), id 0xc0000005, EXCEPTION_ACCESS_VIOLATION (0xc0000005) at pc=0x000002508ccd0f2d]

Native frames: (J=compiled Java code, j=interpreted, Vv=VM code, C=native code)
V  [jvm.dll+0x5ecfaa]
V  [jvm.dll+0x722bd5]
V  [jvm.dll+0x72412d]
V  [jvm.dll+0x724745]
V  [jvm.dll+0x7246fb]
V  [jvm.dll+0x5ec348]
V  [jvm.dll+0x5ecad8]
C  [ntdll.dll+0xa11cf]
C  [ntdll.dll+0x6a209]
C  [ntdll.dll+0x9fe3e]
C  0x000002508ccd0f2d

VM_Operation (0x00000077583f31a0): G1CollectForAllocation, mode: safepoint, requested by thread 0x00000250a55d7000


---------------  P R O C E S S  ---------------

Threads class SMR info:
_java_thread_list=0x00000250a5ebe9c0, length=25, elements={
0x00000250891f3800, 0x00000250a2db1800, 0x00000250a2dbb800, 0x00000250a3743800,
0x00000250a2dd0000, 0x00000250a2dd1000, 0x00000250a2dd9800, 0x00000250a2ddb000,
0x00000250a2de1000, 0x00000250a3875000, 0x00000250a5051800, 0x00000250a55f4800,
0x00000250a56f6800, 0x00000250a54ee800, 0x00000250a54ef800, 0x00000250a55d6000,
0x00000250a55d7000, 0x00000250a55e1800, 0x00000250a55ec800, 0x00000250a55ea000,
0x00000250a55e4800, 0x00000250a55eb000, 0x00000250a55e8800, 0x00000250a5ef9800,
0x00000250a55e5800
}

Java Threads: ( => current thread )
  0x00000250891f3800 JavaThread "main" [_thread_blocked, id=224, stack(0x0000007756b00000,0x0000007756c00000)]
  0x00000250a2db1800 JavaThread "Reference Handler" daemon [_thread_blocked, id=2444, stack(0x0000007757200000,0x0000007757300000)]
  0x00000250a2dbb800 JavaThread "Finalizer" daemon [_thread_blocked, id=10432, stack(0x0000007757300000,0x0000007757400000)]
  0x00000250a3743800 JavaThread "Signal Dispatcher" daemon [_thread_blocked, id=8404, stack(0x0000007757400000,0x0000007757500000)]
  0x00000250a2dd0000 JavaThread "Attach Listener" daemon [_thread_blocked, id=4612, stack(0x0000007757500000,0x0000007757600000)]
  0x00000250a2dd1000 JavaThread "Service Thread" daemon [_thread_blocked, id=11020, stack(0x0000007757600000,0x0000007757700000)]
  0x00000250a2dd9800 JavaThread "C2 CompilerThread0" daemon [_thread_blocked, id=7408, stack(0x0000007757700000,0x0000007757800000)]
  0x00000250a2ddb000 JavaThread "C1 CompilerThread0" daemon [_thread_blocked, id=3736, stack(0x0000007757800000,0x0000007757900000)]
  0x00000250a2de1000 JavaThread "Sweeper thread" daemon [_thread_blocked, id=8388, stack(0x0000007757900000,0x0000007757a00000)]
  0x00000250a3875000 JavaThread "Common-Cleaner" daemon [_thread_blocked, id=8844, stack(0x0000007757a00000,0x0000007757b00000)]
  0x00000250a5051800 JavaThread "Daemon health stats" [_thread_blocked, id=8128, stack(0x0000007757e00000,0x0000007757f00000)]
  0x00000250a55f4800 JavaThread "Incoming local TCP Connector on port 51106" [_thread_in_native, id=9528, stack(0x0000007757c00000,0x0000007757d00000)]
  0x00000250a56f6800 JavaThread "Daemon periodic checks" [_thread_blocked, id=10760, stack(0x0000007757f00000,0x0000007758000000)]
  0x00000250a54ee800 JavaThread "Daemon" [_thread_blocked, id=9768, stack(0x0000007758000000,0x0000007758100000)]
  0x00000250a54ef800 JavaThread "Handler for socket connection from /127.0.0.1:51106 to /127.0.0.1:51107" [_thread_in_native, id=1372, stack(0x0000007758100000,0x0000007758200000)]
  0x00000250a55d6000 JavaThread "Cancel handler" [_thread_blocked, id=4584, stack(0x0000007758200000,0x0000007758300000)]
  0x00000250a55d7000 JavaThread "Daemon worker" [_thread_blocked, id=5780, stack(0x0000007758300000,0x0000007758400000)]
  0x00000250a55e1800 JavaThread "Asynchronous log dispatcher for DefaultDaemonConnection: socket connection from /127.0.0.1:51106 to /127.0.0.1:51107" [_thread_blocked, id=8248, stack(0x0000007758400000,0x0000007758500000)]
  0x00000250a55ec800 JavaThread "Stdin handler" [_thread_blocked, id=9520, stack(0x0000007758500000,0x0000007758600000)]
  0x00000250a55ea000 JavaThread "Daemon client event forwarder" [_thread_blocked, id=10444, stack(0x0000007758600000,0x0000007758700000)]
  0x00000250a55e4800 JavaThread "Cache worker for file hash cache (C:\Users\EGAR\.gradle\caches\7.0.2\fileHashes)" [_thread_blocked, id=3064, stack(0x0000007758900000,0x0000007758a00000)]
  0x00000250a55eb000 JavaThread "File lock request listener" [_thread_in_native, id=1172, stack(0x0000007758a00000,0x0000007758b00000)]
  0x00000250a55e8800 JavaThread "Cache worker for journal cache (C:\Users\EGAR\.gradle\caches\journal-1)" [_thread_blocked, id=5360, stack(0x0000007758b00000,0x0000007758c00000)]
  0x00000250a5ef9800 JavaThread "C2 CompilerThread1" daemon [_thread_blocked, id=10644, stack(0x0000007758c00000,0x0000007758d00000)]
  0x00000250a55e5800 JavaThread "Cache worker for file hash cache (D:\android studio save\Cukurin\.gradle\7.0.2\fileHashes)" [_thread_blocked, id=5404, stack(0x0000007758d00000,0x0000007758e00000)]

Other Threads:
=>0x00000250a2dad000 VMThread "VM Thread" [stack: 0x0000007757100000,0x0000007757200000] [id=8776]
  0x00000250a389a800 WatcherThread [stack: 0x0000007757b00000,0x0000007757c00000] [id=3848]
  0x00000250870ed000 GCTaskThread "GC Thread#0" [stack: 0x0000007756c00000,0x0000007756d00000] [id=1748]
  0x00000250a40ea800 GCTaskThread "GC Thread#1" [stack: 0x0000007757d00000,0x0000007757e00000] [id=1984]
  0x00000250a51c1800 GCTaskThread "GC Thread#2" [stack: 0x0000007758700000,0x0000007758800000] [id=10924]
  0x00000250a598f000 GCTaskThread "GC Thread#3" [stack: 0x0000007758800000,0x0000007758900000] [id=4416]
  0x000002508923a800 ConcurrentGCThread "G1 Main Marker" [stack: 0x0000007756d00000,0x0000007756e00000] [id=10892]
  0x000002508923b800 ConcurrentGCThread "G1 Conc#0" [stack: 0x0000007756e00000,0x0000007756f00000] [id=10600]
  0x00000250892b7800 ConcurrentGCThread "G1 Refine#0" [stack: 0x0000007756f00000,0x0000007757000000] [id=8740]
  0x00000250892b8800 ConcurrentGCThread "G1 Young RemSet Sampling" [stack: 0x0000007757000000,0x0000007757100000] [id=248]

Threads with active compile tasks:

VM state:at safepoint (normal execution)

VM Mutex/Monitor currently owned by a thread:  ([mutex/lock_event])
[0x00000250891f23b0] Threads_lock - owner thread: 0x00000250a2dad000
[0x00000250891f20e0] Heap_lock - owner thread: 0x00000250a55d7000

Heap address: 0x0000000080000000, size: 2048 MB, Compressed Oops mode: 32-bit
Narrow klass base: 0x0000000000000000, Narrow klass shift: 3
Compressed class space size: 1073741824 Address: 0x0000000100000000

Heap:
 garbage-first heap   total 147456K, used 18166K [0x0000000080000000, 0x0000000100000000)
  region size 1024K, 2 young (2048K), 2 survivors (2048K)
 Metaspace       used 24932K, capacity 25450K, committed 25728K, reserved 1071104K
  class space    used 3228K, capacity 3422K, committed 3456K, reserved 1048576K
Heap Regions: E=young(eden), S=young(survivor), O=old, HS=humongous(starts), HC=humongous(continues), CS=collection set, F=free, A=archive, TAMS=top-at-mark-start (previous, next)
|   0|0x0000000080000000, 0x0000000080100000, 0x0000000080100000|100%| O|  |TAMS 0x0000000080100000, 0x0000000080000000| Untracked 
|   1|0x0000000080100000, 0x0000000080200000, 0x0000000080200000|100%| O|  |TAMS 0x0000000080200000, 0x0000000080100000| Untracked 
|   2|0x0000000080200000, 0x0000000080300000, 0x0000000080300000|100%| O|  |TAMS 0x0000000080300000, 0x0000000080200000| Untracked 
|   3|0x0000000080300000, 0x0000000080400000, 0x0000000080400000|100%|HS|  |TAMS 0x0000000080400000, 0x0000000080300000| Complete 
|   4|0x0000000080400000, 0x0000000080500000, 0x0000000080500000|100%|HC|  |TAMS 0x0000000080500000, 0x0000000080400000| Complete 
|   5|0x0000000080500000, 0x0000000080600000, 0x0000000080600000|100%|HC|  |TAMS 0x0000000080600000, 0x0000000080500000| Complete 
|   6|0x0000000080600000, 0x0000000080700000, 0x0000000080700000|100%| O|  |TAMS 0x0000000080700000, 0x0000000080600000| Untracked 
|   7|0x0000000080700000, 0x0000000080800000, 0x0000000080800000|100%| O|  |TAMS 0x0000000080800000, 0x0000000080700000| Untracked 
|   8|0x0000000080800000, 0x0000000080900000, 0x0000000080900000|100%| O|  |TAMS 0x0000000080900000, 0x0000000080800000| Untracked 
|   9|0x0000000080900000, 0x0000000080a00000, 0x0000000080a00000|100%| O|  |TAMS 0x0000000080a00000, 0x0000000080900000| Untracked 
|  10|0x0000000080a00000, 0x0000000080b00000, 0x0000000080b00000|100%| O|  |TAMS 0x0000000080b00000, 0x0000000080a00000| Untracked 
|  11|0x0000000080b00000, 0x0000000080c00000, 0x0000000080c00000|100%| O|  |TAMS 0x0000000080c00000, 0x0000000080b00000| Untracked 
|  12|0x0000000080c00000, 0x0000000080d00000, 0x0000000080d00000|100%| O|  |TAMS 0x0000000080d00000, 0x0000000080c00000| Untracked 
|  13|0x0000000080d00000, 0x0000000080e00000, 0x0000000080e00000|100%| O|  |TAMS 0x0000000080e00000, 0x0000000080d00000| Untracked 
|  14|0x0000000080e00000, 0x0000000080f00000, 0x0000000080f00000|100%| O|  |TAMS 0x0000000080f00000, 0x0000000080e00000| Untracked 
|  15|0x0000000080f00000, 0x0000000080fd8800, 0x0000000081000000| 84%| O|  |TAMS 0x0000000080fd8800, 0x0000000080f00000| Untracked 
|  16|0x0000000081000000, 0x0000000081000000, 0x0000000081100000|  0%| F|  |TAMS 0x0000000081000000, 0x0000000081000000| Untracked 
|  17|0x0000000081100000, 0x0000000081100000, 0x0000000081200000|  0%| F|  |TAMS 0x0000000081100000, 0x0000000081100000| Untracked 
|  18|0x0000000081200000, 0x0000000081200000, 0x0000000081300000|  0%| F|  |TAMS 0x0000000081200000, 0x0000000081200000| Untracked 
|  19|0x0000000081300000, 0x0000000081300000, 0x0000000081400000|  0%| F|  |TAMS 0x0000000081300000, 0x0000000081300000| Untracked 
|  20|0x0000000081400000, 0x0000000081400000, 0x0000000081500000|  0%| F|  |TAMS 0x0000000081400000, 0x0000000081400000| Untracked 
|  21|0x0000000081500000, 0x0000000081500000, 0x0000000081600000|  0%| F|  |TAMS 0x0000000081500000, 0x0000000081500000| Untracked 
|  22|0x0000000081600000, 0x0000000081600000, 0x0000000081700000|  0%| F|  |TAMS 0x0000000081600000, 0x0000000081600000| Untracked 
|  23|0x0000000081700000, 0x0000000081700000, 0x0000000081800000|  0%| F|  |TAMS 0x0000000081700000, 0x0000000081700000| Untracked 
|  24|0x0000000081800000, 0x0000000081800000, 0x0000000081900000|  0%| F|  |TAMS 0x0000000081800000, 0x0000000081800000| Untracked 
|  25|0x0000000081900000, 0x0000000081900000, 0x0000000081a00000|  0%| F|  |TAMS 0x0000000081900000, 0x0000000081900000| Untracked 
|  26|0x0000000081a00000, 0x0000000081a00000, 0x0000000081b00000|  0%| F|  |TAMS 0x0000000081a00000, 0x0000000081a00000| Untracked 
|  27|0x0000000081b00000, 0x0000000081b00000, 0x0000000081c00000|  0%| F|  |TAMS 0x0000000081b00000, 0x0000000081b00000| Untracked 
|  28|0x0000000081c00000, 0x0000000081c00000, 0x0000000081d00000|  0%| F|  |TAMS 0x0000000081c00000, 0x0000000081c00000| Untracked 
|  29|0x0000000081d00000, 0x0000000081d00000, 0x0000000081e00000|  0%| F|  |TAMS 0x0000000081d00000, 0x0000000081d00000| Untracked 
|  30|0x0000000081e00000, 0x0000000081e00000, 0x0000000081f00000|  0%| F|  |TAMS 0x0000000081e00000, 0x0000000081e00000| Untracked 
|  31|0x0000000081f00000, 0x0000000081f00000, 0x0000000082000000|  0%| F|  |TAMS 0x0000000081f00000, 0x0000000081f00000| Untracked 
|  32|0x0000000082000000, 0x0000000082000000, 0x0000000082100000|  0%| F|  |TAMS 0x0000000082000000, 0x0000000082000000| Untracked 
|  33|0x0000000082100000, 0x0000000082100000, 0x0000000082200000|  0%| F|  |TAMS 0x0000000082100000, 0x0000000082100000| Untracked 
|  34|0x0000000082200000, 0x0000000082200000, 0x0000000082300000|  0%| F|  |TAMS 0x0000000082200000, 0x0000000082200000| Untracked 
|  35|0x0000000082300000, 0x0000000082300000, 0x0000000082400000|  0%| F|  |TAMS 0x0000000082300000, 0x0000000082300000| Untracked 
|  36|0x0000000082400000, 0x0000000082400000, 0x0000000082500000|  0%| F|  |TAMS 0x0000000082400000, 0x0000000082400000| Untracked 
|  37|0x0000000082500000, 0x0000000082500000, 0x0000000082600000|  0%| F|  |TAMS 0x0000000082500000, 0x0000000082500000| Untracked 
|  38|0x0000000082600000, 0x0000000082600000, 0x0000000082700000|  0%| F|  |TAMS 0x0000000082600000, 0x0000000082600000| Untracked 
|  39|0x0000000082700000, 0x0000000082700000, 0x0000000082800000|  0%| F|  |TAMS 0x0000000082700000, 0x0000000082700000| Untracked 
|  40|0x0000000082800000, 0x0000000082800000, 0x0000000082900000|  0%| F|  |TAMS 0x0000000082800000, 0x0000000082800000| Untracked 
|  41|0x0000000082900000, 0x0000000082900000, 0x0000000082a00000|  0%| F|  |TAMS 0x0000000082900000, 0x0000000082900000| Untracked 
|  42|0x0000000082a00000, 0x0000000082a00000, 0x0000000082b00000|  0%| F|  |TAMS 0x0000000082a00000, 0x0000000082a00000| Untracked 
|  43|0x0000000082b00000, 0x0000000082b00000, 0x0000000082c00000|  0%| F|  |TAMS 0x0000000082b00000, 0x0000000082b00000| Untracked 
|  44|0x0000000082c00000, 0x0000000082c00000, 0x0000000082d00000|  0%| F|  |TAMS 0x0000000082c00000, 0x0000000082c00000| Untracked 
|  45|0x0000000082d00000, 0x0000000082d00000, 0x0000000082e00000|  0%| F|  |TAMS 0x0000000082d00000, 0x0000000082d00000| Untracked 
|  46|0x0000000082e00000, 0x0000000082e00000, 0x0000000082f00000|  0%| F|  |TAMS 0x0000000082e00000, 0x0000000082e00000| Untracked 
|  47|0x0000000082f00000, 0x0000000082f00000, 0x0000000083000000|  0%| F|  |TAMS 0x0000000082f00000, 0x0000000082f00000| Untracked 
|  48|0x0000000083000000, 0x0000000083000000, 0x0000000083100000|  0%| F|  |TAMS 0x0000000083000000, 0x0000000083000000| Untracked 
|  49|0x0000000083100000, 0x0000000083100000, 0x0000000083200000|  0%| F|  |TAMS 0x0000000083100000, 0x0000000083100000| Untracked 
|  50|0x0000000083200000, 0x0000000083200000, 0x0000000083300000|  0%| F|  |TAMS 0x0000000083200000, 0x0000000083200000| Untracked 
|  51|0x0000000083300000, 0x0000000083300000, 0x0000000083400000|  0%| F|  |TAMS 0x0000000083300000, 0x0000000083300000| Untracked 
|  52|0x0000000083400000, 0x0000000083400000, 0x0000000083500000|  0%| F|  |TAMS 0x0000000083400000, 0x0000000083400000| Untracked 
|  53|0x0000000083500000, 0x0000000083500000, 0x0000000083600000|  0%| F|  |TAMS 0x0000000083500000, 0x0000000083500000| Untracked 
|  54|0x0000000083600000, 0x0000000083600000, 0x0000000083700000|  0%| F|  |TAMS 0x0000000083600000, 0x0000000083600000| Untracked 
|  55|0x0000000083700000, 0x0000000083700000, 0x0000000083800000|  0%| F|  |TAMS 0x0000000083700000, 0x0000000083700000| Untracked 
|  56|0x0000000083800000, 0x0000000083800000, 0x0000000083900000|  0%| F|  |TAMS 0x0000000083800000, 0x0000000083800000| Untracked 
|  57|0x0000000083900000, 0x0000000083900000, 0x0000000083a00000|  0%| F|  |TAMS 0x0000000083900000, 0x0000000083900000| Untracked 
|  58|0x0000000083a00000, 0x0000000083a00000, 0x0000000083b00000|  0%| F|  |TAMS 0x0000000083a00000, 0x0000000083a00000| Untracked 
|  59|0x0000000083b00000, 0x0000000083b00000, 0x0000000083c00000|  0%| F|  |TAMS 0x0000000083b00000, 0x0000000083b00000| Untracked 
|  60|0x0000000083c00000, 0x0000000083c00000, 0x0000000083d00000|  0%| F|  |TAMS 0x0000000083c00000, 0x0000000083c00000| Untracked 
|  61|0x0000000083d00000, 0x0000000083d00000, 0x0000000083e00000|  0%| F|  |TAMS 0x0000000083d00000, 0x0000000083d00000| Untracked 
|  62|0x0000000083e00000, 0x0000000083e00000, 0x0000000083f00000|  0%| F|  |TAMS 0x0000000083e00000, 0x0000000083e00000| Untracked 
|  63|0x0000000083f00000, 0x0000000083f00000, 0x0000000084000000|  0%| F|  |TAMS 0x0000000083f00000, 0x0000000083f00000| Untracked 
|  64|0x0000000084000000, 0x0000000084000000, 0x0000000084100000|  0%| F|  |TAMS 0x0000000084000000, 0x0000000084000000| Untracked 
|  65|0x0000000084100000, 0x0000000084100000, 0x0000000084200000|  0%| F|  |TAMS 0x0000000084100000, 0x0000000084100000| Untracked 
|  66|0x0000000084200000, 0x0000000084200000, 0x0000000084300000|  0%| F|  |TAMS 0x0000000084200000, 0x0000000084200000| Untracked 
|  67|0x0000000084300000, 0x0000000084300000, 0x0000000084400000|  0%| F|  |TAMS 0x0000000084300000, 0x0000000084300000| Untracked 
|  68|0x0000000084400000, 0x0000000084400000, 0x0000000084500000|  0%| F|  |TAMS 0x0000000084400000, 0x0000000084400000| Untracked 
|  69|0x0000000084500000, 0x0000000084500000, 0x0000000084600000|  0%| F|  |TAMS 0x0000000084500000, 0x0000000084500000| Untracked 
|  70|0x0000000084600000, 0x0000000084600000, 0x0000000084700000|  0%| F|  |TAMS 0x0000000084600000, 0x0000000084600000| Untracked 
|  71|0x0000000084700000, 0x0000000084700000, 0x0000000084800000|  0%| F|  |TAMS 0x0000000084700000, 0x0000000084700000| Untracked 
|  72|0x0000000084800000, 0x0000000084800000, 0x0000000084900000|  0%| F|  |TAMS 0x0000000084800000, 0x0000000084800000| Untracked 
|  73|0x0000000084900000, 0x0000000084900000, 0x0000000084a00000|  0%| F|  |TAMS 0x0000000084900000, 0x0000000084900000| Untracked 
|  74|0x0000000084a00000, 0x0000000084a00000, 0x0000000084b00000|  0%| F|  |TAMS 0x0000000084a00000, 0x0000000084a00000| Untracked 
|  75|0x0000000084b00000, 0x0000000084be5228, 0x0000000084c00000| 89%| S|CS|TAMS 0x0000000084b00000, 0x0000000084b00000| Complete 
|  76|0x0000000084c00000, 0x0000000084d00000, 0x0000000084d00000|100%| S|CS|TAMS 0x0000000084c00000, 0x0000000084c00000| Complete 
|  77|0x0000000084d00000, 0x0000000084d00000, 0x0000000084e00000|  0%| F|  |TAMS 0x0000000084d00000, 0x0000000084d00000| Untracked 
|  78|0x0000000084e00000, 0x0000000084e00000, 0x0000000084f00000|  0%| F|  |TAMS 0x0000000084e00000, 0x0000000084e00000| Untracked 
|  79|0x0000000084f00000, 0x0000000084f00000, 0x0000000085000000|  0%| F|  |TAMS 0x0000000084f00000, 0x0000000084f00000| Untracked 
|  80|0x0000000085000000, 0x0000000085000000, 0x0000000085100000|  0%| F|  |TAMS 0x0000000085000000, 0x0000000085000000| Untracked 
|  81|0x0000000085100000, 0x0000000085100000, 0x0000000085200000|  0%| F|  |TAMS 0x0000000085100000, 0x0000000085100000| Untracked 
|  82|0x0000000085200000, 0x0000000085200000, 0x0000000085300000|  0%| F|  |TAMS 0x0000000085200000, 0x0000000085200000| Untracked 
|  83|0x0000000085300000, 0x0000000085300000, 0x0000000085400000|  0%| F|  |TAMS 0x0000000085300000, 0x0000000085300000| Untracked 
|  84|0x0000000085400000, 0x0000000085400000, 0x0000000085500000|  0%| F|  |TAMS 0x0000000085400000, 0x0000000085400000| Untracked 
|  85|0x0000000085500000, 0x0000000085500000, 0x0000000085600000|  0%| F|  |TAMS 0x0000000085500000, 0x0000000085500000| Untracked 
|  86|0x0000000085600000, 0x0000000085600000, 0x0000000085700000|  0%| F|  |TAMS 0x0000000085600000, 0x0000000085600000| Untracked 
|  87|0x0000000085700000, 0x0000000085700000, 0x0000000085800000|  0%| F|  |TAMS 0x0000000085700000, 0x0000000085700000| Untracked 
|  88|0x0000000085800000, 0x0000000085800000, 0x0000000085900000|  0%| F|  |TAMS 0x0000000085800000, 0x0000000085800000| Untracked 
|  89|0x0000000085900000, 0x0000000085900000, 0x0000000085a00000|  0%| F|  |TAMS 0x0000000085900000, 0x0000000085900000| Untracked 
|  90|0x0000000085a00000, 0x0000000085a00000, 0x0000000085b00000|  0%| F|  |TAMS 0x0000000085a00000, 0x0000000085a00000| Untracked 
|  91|0x0000000085b00000, 0x0000000085b00000, 0x0000000085c00000|  0%| F|  |TAMS 0x0000000085b00000, 0x0000000085b00000| Untracked 
|  92|0x0000000085c00000, 0x0000000085c00000, 0x0000000085d00000|  0%| F|  |TAMS 0x0000000085c00000, 0x0000000085c00000| Untracked 
|  93|0x0000000085d00000, 0x0000000085d00000, 0x0000000085e00000|  0%| F|  |TAMS 0x0000000085d00000, 0x0000000085d00000| Untracked 
|  94|0x0000000085e00000, 0x0000000085e00000, 0x0000000085f00000|  0%| F|  |TAMS 0x0000000085e00000, 0x0000000085e00000| Untracked 
|  95|0x0000000085f00000, 0x0000000085f00000, 0x0000000086000000|  0%| F|  |TAMS 0x0000000085f00000, 0x0000000085f00000| Untracked 
|  96|0x0000000086000000, 0x0000000086000000, 0x0000000086100000|  0%| F|  |TAMS 0x0000000086000000, 0x0000000086000000| Untracked 
|  97|0x0000000086100000, 0x0000000086100000, 0x0000000086200000|  0%| F|  |TAMS 0x0000000086100000, 0x0000000086100000| Untracked 
|  98|0x0000000086200000, 0x0000000086200000, 0x0000000086300000|  0%| F|  |TAMS 0x0000000086200000, 0x0000000086200000| Untracked 
|  99|0x0000000086300000, 0x0000000086300000, 0x0000000086400000|  0%| F|  |TAMS 0x0000000086300000, 0x0000000086300000| Untracked 
| 100|0x0000000086400000, 0x0000000086400000, 0x0000000086500000|  0%| F|  |TAMS 0x0000000086400000, 0x0000000086400000| Untracked 
| 101|0x0000000086500000, 0x0000000086500000, 0x0000000086600000|  0%| F|  |TAMS 0x0000000086500000, 0x0000000086500000| Untracked 
| 102|0x0000000086600000, 0x0000000086600000, 0x0000000086700000|  0%| F|  |TAMS 0x0000000086600000, 0x0000000086600000| Untracked 
| 103|0x0000000086700000, 0x0000000086700000, 0x0000000086800000|  0%| F|  |TAMS 0x0000000086700000, 0x0000000086700000| Untracked 
| 104|0x0000000086800000, 0x0000000086800000, 0x0000000086900000|  0%| F|  |TAMS 0x0000000086800000, 0x0000000086800000| Untracked 
| 105|0x0000000086900000, 0x0000000086900000, 0x0000000086a00000|  0%| F|  |TAMS 0x0000000086900000, 0x0000000086900000| Untracked 
| 106|0x0000000086a00000, 0x0000000086a00000, 0x0000000086b00000|  0%| F|  |TAMS 0x0000000086a00000, 0x0000000086a00000| Untracked 
| 107|0x0000000086b00000, 0x0000000086b00000, 0x0000000086c00000|  0%| F|  |TAMS 0x0000000086b00000, 0x0000000086b00000| Untracked 
| 108|0x0000000086c00000, 0x0000000086c00000, 0x0000000086d00000|  0%| F|  |TAMS 0x0000000086c00000, 0x0000000086c00000| Untracked 
| 109|0x0000000086d00000, 0x0000000086d00000, 0x0000000086e00000|  0%| F|  |TAMS 0x0000000086d00000, 0x0000000086d00000| Untracked 
| 110|0x0000000086e00000, 0x0000000086e00000, 0x0000000086f00000|  0%| F|  |TAMS 0x0000000086e00000, 0x0000000086e00000| Untracked 
| 111|0x0000000086f00000, 0x0000000086f00000, 0x0000000087000000|  0%| F|  |TAMS 0x0000000086f00000, 0x0000000086f00000| Untracked 
| 112|0x0000000087000000, 0x0000000087000000, 0x0000000087100000|  0%| F|  |TAMS 0x0000000087000000, 0x0000000087000000| Untracked 
| 113|0x0000000087100000, 0x0000000087100000, 0x0000000087200000|  0%| F|  |TAMS 0x0000000087100000, 0x0000000087100000| Untracked 
| 114|0x0000000087200000, 0x0000000087200000, 0x0000000087300000|  0%| F|  |TAMS 0x0000000087200000, 0x0000000087200000| Untracked 
| 115|0x0000000087300000, 0x0000000087300000, 0x0000000087400000|  0%| F|  |TAMS 0x0000000087300000, 0x0000000087300000| Untracked 
| 116|0x0000000087400000, 0x0000000087400000, 0x0000000087500000|  0%| F|  |TAMS 0x0000000087400000, 0x0000000087400000| Untracked 
| 117|0x0000000087500000, 0x0000000087500000, 0x0000000087600000|  0%| F|  |TAMS 0x0000000087500000, 0x0000000087500000| Untracked 
| 118|0x0000000087600000, 0x0000000087600000, 0x0000000087700000|  0%| F|  |TAMS 0x0000000087600000, 0x0000000087600000| Untracked 
| 119|0x0000000087700000, 0x0000000087700000, 0x0000000087800000|  0%| F|  |TAMS 0x0000000087700000, 0x0000000087700000| Untracked 

Card table byte_map: [0x000002509c0d0000,0x000002509c4d0000] _byte_map_base: 0x000002509bcd0000

Marking Bits (Prev, Next): (CMBitMap*) 0x0000025089231c40, (CMBitMap*) 0x0000025089231c08
 Prev Bits: [0x000002509e8d0000, 0x00000250a08d0000)
 Next Bits: [0x000002509c8d0000, 0x000002509e8d0000)

Polling page: 0x0000025087370000

Metaspace:

Usage:
  Non-class:     21.51 MB capacity,    21.20 MB ( 99%) used,   276.93 KB (  1%) free+waste,    47.38 KB ( <1%) overhead. 
      Class:      3.34 MB capacity,     3.15 MB ( 94%) used,   169.54 KB (  5%) free+waste,    23.94 KB ( <1%) overhead. 
       Both:     24.85 MB capacity,    24.35 MB ( 98%) used,   446.47 KB (  2%) free+waste,    71.31 KB ( <1%) overhead. 

Virtual space:
  Non-class space:       22.00 MB reserved,      21.75 MB ( 99%) committed 
      Class space:        1.00 GB reserved,       3.38 MB ( <1%) committed 
             Both:        1.02 GB reserved,      25.13 MB (  2%) committed 

Chunk freelists:
   Non-Class:  52.00 KB
       Class:  2.00 KB
        Both:  54.00 KB

MaxMetaspaceSize: 17179869184.00 GB
CompressedClassSpaceSize: 1.00 GB

CodeHeap 'non-profiled nmethods': size=120064Kb used=1079Kb max_used=1079Kb free=118985Kb
 bounds [0x0000025094790000, 0x0000025094a00000, 0x000002509bcd0000]
CodeHeap 'profiled nmethods': size=120000Kb used=4720Kb max_used=4720Kb free=115279Kb
 bounds [0x000002508d260000, 0x000002508d700000, 0x0000025094790000]
CodeHeap 'non-nmethods': size=5696Kb used=1152Kb max_used=1186Kb free=4543Kb
 bounds [0x000002508ccd0000, 0x000002508cf40000, 0x000002508d260000]
 total_blobs=2683 nmethods=2190 adapters=405
 compilation: enabled
              stopped_count=0, restarted_count=0
 full_count=0

Compilation events (20 events):
Event: 6.953 Thread 0x00000250a2ddb000 2184       3       java.util.LinkedHashMap::values (25 bytes)
Event: 6.954 Thread 0x00000250a2ddb000 nmethod 2184 0x000002508d6f7b90 code [0x000002508d6f7d60, 0x000002508d6f80d8]
Event: 6.954 Thread 0x00000250a2ddb000 2185       3       java.util.LinkedHashMap$LinkedValues::iterator (12 bytes)
Event: 6.954 Thread 0x00000250a2ddb000 nmethod 2185 0x000002508d6f8210 code [0x000002508d6f83e0, 0x000002508d6f8778]
Event: 6.954 Thread 0x00000250a2ddb000 2186       3       java.io.DataOutputStream::<init> (19 bytes)
Event: 6.955 Thread 0x00000250a2ddb000 nmethod 2186 0x000002508d6f8890 code [0x000002508d6f8a80, 0x000002508d6f8f38]
Event: 6.964 Thread 0x00000250a5ef9800 nmethod 2160 0x0000025094897390 code [0x00000250948975e0, 0x0000025094898ed8]
Event: 6.964 Thread 0x00000250a5ef9800 2169  s    4       java.io.DataOutputStream::write (14 bytes)
Event: 6.970 Thread 0x00000250a2dd9800 nmethod 2170 0x0000025094899a90 code [0x0000025094899ce0, 0x000002509489c2f0]
Event: 6.975 Thread 0x00000250a5ef9800 nmethod 2169 0x000002509489cd10 code [0x000002509489cee0, 0x000002509489d8e8]
Event: 6.977 Thread 0x00000250a2ddb000 2187       3       org.gradle.internal.dispatch.ReflectionDispatch::dispatch (9 bytes)
Event: 6.977 Thread 0x00000250a2ddb000 nmethod 2187 0x000002508d6f9090 code [0x000002508d6f9260, 0x000002508d6f9488]
Event: 6.977 Thread 0x00000250a2ddb000 2188   !   3       org.gradle.internal.dispatch.ReflectionDispatch::dispatch (42 bytes)
Event: 6.978 Thread 0x00000250a2ddb000 nmethod 2188 0x000002508d6f9590 code [0x000002508d6f9840, 0x000002508d6fa338]
Event: 6.979 Thread 0x00000250a2ddb000 2190       3       com.google.common.base.Preconditions::checkElementIndex (8 bytes)
Event: 6.979 Thread 0x00000250a2ddb000 nmethod 2190 0x000002508d6fa910 code [0x000002508d6faae0, 0x000002508d6fad98]
Event: 6.979 Thread 0x00000250a2ddb000 2191       3       com.google.common.base.Preconditions::checkElementIndex (25 bytes)
Event: 6.979 Thread 0x00000250a2ddb000 nmethod 2191 0x000002508d6faf10 code [0x000002508d6fb0e0, 0x000002508d6fb338]
Event: 6.979 Thread 0x00000250a2ddb000 2189       3       com.google.common.collect.ObjectArrays::checkElementNotNull (33 bytes)
Event: 6.980 Thread 0x00000250a2ddb000 nmethod 2189 0x000002508d6fb490 code [0x000002508d6fb700, 0x000002508d6fbf58]

GC Heap History (11 events):
Event: 1.055 GC heap before
{Heap before GC invocations=0 (full 0):
 garbage-first heap   total 122880K, used 19456K [0x0000000080000000, 0x0000000100000000)
  region size 1024K, 14 young (14336K), 0 survivors (0K)
 Metaspace       used 6741K, capacity 6925K, committed 7168K, reserved 1056768K
  class space    used 582K, capacity 650K, committed 768K, reserved 1048576K
}
Event: 1.073 GC heap after
{Heap after GC invocations=1 (full 0):
 garbage-first heap   total 122880K, used 7876K [0x0000000080000000, 0x0000000100000000)
  region size 1024K, 2 young (2048K), 2 survivors (2048K)
 Metaspace       used 6741K, capacity 6925K, committed 7168K, reserved 1056768K
  class space    used 582K, capacity 650K, committed 768K, reserved 1048576K
}
Event: 1.838 GC heap before
{Heap before GC invocations=1 (full 0):
 garbage-first heap   total 122880K, used 20164K [0x0000000080000000, 0x0000000100000000)
  region size 1024K, 14 young (14336K), 2 survivors (2048K)
 Metaspace       used 10234K, capacity 10428K, committed 10624K, reserved 1058816K
  class space    used 1064K, capacity 1140K, committed 1152K, reserved 1048576K
}
Event: 1.844 GC heap after
{Heap after GC invocations=2 (full 0):
 garbage-first heap   total 122880K, used 9295K [0x0000000080000000, 0x0000000100000000)
  region size 1024K, 2 young (2048K), 2 survivors (2048K)
 Metaspace       used 10234K, capacity 10428K, committed 10624K, reserved 1058816K
  class space    used 1064K, capacity 1140K, committed 1152K, reserved 1048576K
}
Event: 2.713 GC heap before
{Heap before GC invocations=2 (full 0):
 garbage-first heap   total 122880K, used 36943K [0x0000000080000000, 0x0000000100000000)
  region size 1024K, 29 young (29696K), 2 survivors (2048K)
 Metaspace       used 11153K, capacity 11381K, committed 11520K, reserved 1058816K
  class space    used 1166K, capacity 1244K, committed 1280K, reserved 1048576K
}
Event: 2.719 GC heap after
{Heap after GC invocations=3 (full 0):
 garbage-first heap   total 122880K, used 12714K [0x0000000080000000, 0x0000000100000000)
  region size 1024K, 4 young (4096K), 4 survivors (4096K)
 Metaspace       used 11153K, capacity 11381K, committed 11520K, reserved 1058816K
  class space    used 1166K, capacity 1244K, committed 1280K, reserved 1048576K
}
Event: 5.349 GC heap before
{Heap before GC invocations=3 (full 0):
 garbage-first heap   total 122880K, used 70058K [0x0000000080000000, 0x0000000100000000)
  region size 1024K, 61 young (62464K), 4 survivors (4096K)
 Metaspace       used 19273K, capacity 19726K, committed 19968K, reserved 1067008K
  class space    used 2349K, capacity 2505K, committed 2560K, reserved 1048576K
}
Event: 5.365 GC heap after
{Heap after GC invocations=4 (full 0):
 garbage-first heap   total 122880K, used 16627K [0x0000000080000000, 0x0000000100000000)
  region size 1024K, 8 young (8192K), 8 survivors (8192K)
 Metaspace       used 19273K, capacity 19726K, committed 19968K, reserved 1067008K
  class space    used 2349K, capacity 2505K, committed 2560K, reserved 1048576K
}
Event: 5.620 GC heap before
{Heap before GC invocations=4 (full 0):
 garbage-first heap   total 122880K, used 23795K [0x0000000080000000, 0x0000000100000000)
  region size 1024K, 17 young (17408K), 8 survivors (8192K)
 Metaspace       used 20647K, capacity 21125K, committed 21248K, reserved 1067008K
  class space    used 2522K, capacity 2721K, committed 2816K, reserved 1048576K
}
Event: 5.631 GC heap after
{Heap after GC invocations=5 (full 0):
 garbage-first heap   total 122880K, used 16938K [0x0000000080000000, 0x0000000100000000)
  region size 1024K, 1 young (1024K), 1 survivors (1024K)
 Metaspace       used 20647K, capacity 21125K, committed 21248K, reserved 1067008K
  class space    used 2522K, capacity 2721K, committed 2816K, reserved 1048576K
}
Event: 6.982 GC heap before
{Heap before GC invocations=6 (full 0):
 garbage-first heap   total 122880K, used 59946K [0x0000000080000000, 0x0000000100000000)
  region size 1024K, 43 young (44032K), 1 survivors (1024K)
 Metaspace       used 24932K, capacity 25450K, committed 25728K, reserved 1071104K
  class space    used 3228K, capacity 3422K, committed 3456K, reserved 1048576K
}

Deoptimization events (20 events):
Event: 5.774 Thread 0x00000250a55d7000 Uncommon trap: trap_request=0xffffff4d fr.pc=0x0000025094803998 relative=0x0000000000000af8
Event: 5.774 Thread 0x00000250a55d7000 Uncommon trap: reason=unstable_if action=reinterpret pc=0x0000025094803998 method=java.util.Properties$LineReader.readLine()I @ 249 c2
Event: 5.774 Thread 0x00000250a55d7000 DEOPT PACKING pc=0x0000025094803998 sp=0x00000077583fc160
Event: 5.774 Thread 0x00000250a55d7000 DEOPT UNPACKING pc=0x000002508ccf73af sp=0x00000077583fc100 mode 2
Event: 6.196 Thread 0x00000250a55d7000 Uncommon trap: trap_request=0xffffff4d fr.pc=0x00000250948753d0 relative=0x0000000000000190
Event: 6.196 Thread 0x00000250a55d7000 Uncommon trap: reason=unstable_if action=reinterpret pc=0x00000250948753d0 method=java.util.HashMap.getNode(ILjava/lang/Object;)Ljava/util/HashMap$Node; @ 129 c2
Event: 6.196 Thread 0x00000250a55d7000 DEOPT PACKING pc=0x00000250948753d0 sp=0x00000077583fcf90
Event: 6.196 Thread 0x00000250a55d7000 DEOPT UNPACKING pc=0x000002508ccf73af sp=0x00000077583fcea0 mode 2
Event: 6.196 Thread 0x00000250a55d7000 Uncommon trap: trap_request=0xffffffc6 fr.pc=0x000002509485b71c relative=0x0000000000000f7c
Event: 6.196 Thread 0x00000250a55d7000 Uncommon trap: reason=bimorphic_or_optimized_type_check action=maybe_recompile pc=0x000002509485b71c method=java.util.HashMap.putVal(ILjava/lang/Object;Ljava/lang/Object;ZZ)Ljava/lang/Object; @ 203 c2
Event: 6.196 Thread 0x00000250a55d7000 DEOPT PACKING pc=0x000002509485b71c sp=0x00000077583fced0
Event: 6.196 Thread 0x00000250a55d7000 DEOPT UNPACKING pc=0x000002508ccf73af sp=0x00000077583fce80 mode 2
Event: 6.221 Thread 0x00000250a55d7000 Uncommon trap: trap_request=0xffffff4d fr.pc=0x0000025094809854 relative=0x0000000000000094
Event: 6.221 Thread 0x00000250a55d7000 Uncommon trap: reason=unstable_if action=reinterpret pc=0x0000025094809854 method=java.util.LinkedHashMap.afterNodeInsertion(Z)V @ 1 c2
Event: 6.221 Thread 0x00000250a55d7000 DEOPT PACKING pc=0x0000025094809854 sp=0x00000077583fcbc0
Event: 6.221 Thread 0x00000250a55d7000 DEOPT UNPACKING pc=0x000002508ccf73af sp=0x00000077583fcb50 mode 2
Event: 6.229 Thread 0x00000250a55d7000 Uncommon trap: trap_request=0xffffff4d fr.pc=0x00000250947e23c0 relative=0x0000000000000280
Event: 6.229 Thread 0x00000250a55d7000 Uncommon trap: reason=unstable_if action=reinterpret pc=0x00000250947e23c0 method=java.util.concurrent.ConcurrentHashMap.get(Ljava/lang/Object;)Ljava/lang/Object; @ 152 c2
Event: 6.229 Thread 0x00000250a55d7000 DEOPT PACKING pc=0x00000250947e23c0 sp=0x00000077583face0
Event: 6.229 Thread 0x00000250a55d7000 DEOPT UNPACKING pc=0x000002508ccf73af sp=0x00000077583fac48 mode 2

Classes redefined (0 events):
No events

Internal exceptions (20 events):
Event: 4.802 Thread 0x00000250a55d7000 Exception <a 'java/lang/NoSuchMethodError'{0x0000000084ff5768}: 'void java.lang.invoke.DelegatingMethodHandle$Holder.reinvoke_L(java.lang.Object, java.lang.Object, java.lang.Object, java.lang.Object, java.lang.Object, java.lang.Object, java.lang.Object)'> (0x0000000084ff5768) thrown at [./src/hotspot/share/interpreter/linkResolver.cpp, line 773]
Event: 5.238 Thread 0x00000250a55d7000 Exception <a 'java/lang/NoSuchMethodError'{0x0000000083e0c668}: 'java.lang.Object java.lang.invoke.DirectMethodHandle$Holder.invokeVirtual(java.lang.Object, java.lang.Object, java.lang.Object)'> (0x0000000083e0c668) thrown at [./src/hotspot/share/interpreter/linkResolver.cpp, line 773]
Event: 5.342 Thread 0x00000250a55d7000 Exception <a 'java/lang/NoSuchMethodError'{0x0000000083bafb20}: 'void java.lang.invoke.DirectMethodHandle$Holder.invokeInterface(java.lang.Object, java.lang.Object)'> (0x0000000083bafb20) thrown at [./src/hotspot/share/interpreter/linkResolver.cpp, line 773]
Event: 5.342 Thread 0x00000250a55d7000 Exception <a 'java/lang/IncompatibleClassChangeError'{0x0000000083bb2cd0}: Found class java.lang.Object, but interface was expected> (0x0000000083bb2cd0) thrown at [./src/hotspot/share/interpreter/linkResolver.cpp, line 839]
Event: 5.402 Thread 0x00000250a55d7000 Exception <a 'java/lang/NoSuchMethodError'{0x000000008766a270}: 'void java.lang.invoke.DirectMethodHandle$Holder.invokeStaticInit(java.lang.Object)'> (0x000000008766a270) thrown at [./src/hotspot/share/interpreter/linkResolver.cpp, line 773]
Event: 5.475 Thread 0x00000250a55d7000 Exception <a 'java/lang/NoSuchMethodError'{0x00000000874d54f0}: 'java.lang.Object java.lang.invoke.DirectMethodHandle$Holder.invokeStatic(java.lang.Object, java.lang.Object, java.lang.Object, int)'> (0x00000000874d54f0) thrown at [./src/hotspot/share/interpreter/linkResolver.cpp, line 773]
Event: 5.476 Thread 0x00000250a55d7000 Exception <a 'java/lang/NoSuchMethodError'{0x00000000874d96b8}: 'java.lang.Object java.lang.invoke.DirectMethodHandle$Holder.invokeSpecial(java.lang.Object, java.lang.Object, java.lang.Object, java.lang.Object, int)'> (0x00000000874d96b8) thrown at [./src/hotspot/share/interpreter/linkResolver.cpp, line 773]
Event: 5.476 Thread 0x00000250a55d7000 Exception <a 'java/lang/NoSuchMethodError'{0x00000000874dd0a0}: 'java.lang.Object java.lang.invoke.Invokers$Holder.linkToTargetMethod(java.lang.Object, java.lang.Object, int, java.lang.Object)'> (0x00000000874dd0a0) thrown at [./src/hotspot/share/interpreter/linkResolver.cpp, line 773]
Event: 5.642 Thread 0x00000250a55d7000 Exception <a 'java/lang/NoSuchMethodError'{0x0000000087722370}: 'int java.lang.invoke.DirectMethodHandle$Holder.invokeSpecialIFC(java.lang.Object, java.lang.Object, java.lang.Object, java.lang.Object)'> (0x0000000087722370) thrown at [./src/hotspot/share/interpreter/linkResolver.cpp, line 773]
Event: 5.650 Thread 0x00000250a55d7000 Exception <a 'java/lang/NoSuchMethodError'{0x00000000877300c0}: 'java.lang.Object java.lang.invoke.DirectMethodHandle$Holder.invokeInterface(java.lang.Object, java.lang.Object, java.lang.Object)'> (0x00000000877300c0) thrown at [./src/hotspot/share/interpreter/linkResolver.cpp, line 773]
Event: 5.651 Thread 0x00000250a55d7000 Exception <a 'java/lang/IncompatibleClassChangeError'{0x0000000087733598}: Found class java.lang.Object, but interface was expected> (0x0000000087733598) thrown at [./src/hotspot/share/interpreter/linkResolver.cpp, line 839]
Event: 5.683 Thread 0x00000250a55d7000 Exception <a 'java/lang/NoSuchMethodError'{0x00000000876361b0}: 'void java.lang.invoke.DirectMethodHandle$Holder.invokeStatic(java.lang.Object, java.lang.Object, java.lang.Object, java.lang.Object, java.lang.Object)'> (0x00000000876361b0) thrown at [./src/hotspot/share/interpreter/linkResolver.cpp, line 773]
Event: 5.819 Thread 0x00000250a55d7000 Exception <a 'java/lang/NoSuchMethodError'{0x00000000872e10d8}: 'void java.lang.invoke.DirectMethodHandle$Holder.invokeSpecial(java.lang.Object, java.lang.Object)'> (0x00000000872e10d8) thrown at [./src/hotspot/share/interpreter/linkResolver.cpp, line 773]
Event: 5.918 Thread 0x00000250a55d7000 Exception <a 'java/lang/NoSuchMethodError'{0x0000000086f1cd20}: 'java.lang.Object java.lang.invoke.DirectMethodHandle$Holder.invokeSpecial(java.lang.Object, java.lang.Object, java.lang.Object, java.lang.Object, java.lang.Object, java.lang.Object, java.lang.Object, java.lang.Object, java.lang.Object)'> (0x0000000086f1cd20) thrown at [./src/hotspot/share/interpreter/linkResolver.cpp, line 773]
Event: 6.094 Thread 0x00000250a55d7000 Exception <a 'java/lang/NoSuchMethodError'{0x000000008658a008}: 'java.lang.Object java.lang.invoke.DirectMethodHandle$Holder.invokeVirtual(java.lang.Object, java.lang.Object, java.lang.Object, java.lang.Object)'> (0x000000008658a008) thrown at [./src/hotspot/share/interpreter/linkResolver.cpp, line 773]
Event: 6.140 Thread 0x00000250a55d7000 Exception <a 'java/lang/NoSuchMethodError'{0x00000000862535f8}: 'java.lang.Object java.lang.invoke.Invokers$Holder.invoker(java.lang.Object, java.lang.Object, java.lang.Object, java.lang.Object, java.lang.Object)'> (0x00000000862535f8) thrown at [./src/hotspot/share/interpreter/linkResolver.cpp, line 773]
Event: 6.317 Thread 0x00000250a55d7000 Exception <a 'java/lang/NoSuchMethodError'{0x0000000085e9fe00}: 'void java.lang.invoke.DirectMethodHandle$Holder.invokeSpecial(java.lang.Object, java.lang.Object, java.lang.Object, java.lang.Object, java.lang.Object, java.lang.Object)'> (0x0000000085e9fe00) thrown at [./src/hotspot/share/interpreter/linkResolver.cpp, line 773]
Event: 6.350 Thread 0x00000250a55d7000 Exception <a 'java/lang/NoSuchMethodError'{0x0000000085d068b0}: 'void java.lang.invoke.DirectMethodHandle$Holder.invokeSpecial(java.lang.Object, java.lang.Object, java.lang.Object, java.lang.Object, java.lang.Object, java.lang.Object, java.lang.Object)'> (0x0000000085d068b0) thrown at [./src/hotspot/share/interpreter/linkResolver.cpp, line 773]
Event: 6.352 Thread 0x00000250a55d7000 Exception <a 'java/lang/NoSuchMethodError'{0x0000000085d0eaf8}: 'java.lang.Object java.lang.invoke.Invokers$Holder.linkToTargetMethod(java.lang.Object, java.lang.Object, java.lang.Object, java.lang.Object, java.lang.Object, java.lang.Object)'> (0x0000000085d0eaf8) thrown at [./src/hotspot/share/interpreter/linkResolver.cpp, line 773]
Event: 6.813 Thread 0x00000250a55d7000 Exception <a 'java/lang/NoSuchMethodError'{0x0000000085073168}: 'void java.lang.invoke.DirectMethodHandle$Holder.invokeStaticInit(java.lang.Object, java.lang.Object)'> (0x0000000085073168) thrown at [./src/hotspot/share/interpreter/linkResolver.cpp, line 773]

Events (20 events):
Event: 6.951 loading class org/gradle/launcher/exec/InProcessBuildActionExecuter done
Event: 6.952 loading class org/gradle/internal/invocation/GradleBuildController
Event: 6.952 loading class org/gradle/internal/invocation/GradleBuildController done
Event: 6.953 loading class org/gradle/internal/invocation/GradleBuildController$State
Event: 6.953 loading class org/gradle/internal/invocation/GradleBuildController$State done
Event: 6.977 loading class org/gradle/api/tasks/util/internal/CachingPatternSpecFactory$SpecKey
Event: 6.977 loading class org/gradle/api/tasks/util/internal/CachingPatternSpecFactory$SpecKey done
Event: 6.978 loading class org/gradle/api/tasks/util/internal/CachingPatternSpecFactory$1
Event: 6.978 loading class org/gradle/api/tasks/util/internal/CachingPatternSpecFactory$1 done
Event: 6.979 loading class com/google/common/cache/LocalCache$LoadingValueReference
Event: 6.979 loading class com/google/common/cache/LocalCache$LoadingValueReference done
Event: 6.979 loading class com/google/common/util/concurrent/ListenableFuture
Event: 6.979 loading class com/google/common/util/concurrent/ListenableFuture done
Event: 6.980 loading class com/google/common/util/concurrent/SettableFuture
Event: 6.980 loading class com/google/common/util/concurrent/SettableFuture done
Event: 6.981 loading class com/google/common/util/concurrent/AbstractFuture$TrustedFuture
Event: 6.981 loading class com/google/common/util/concurrent/AbstractFuture$TrustedFuture done
Event: 6.981 loading class com/google/common/util/concurrent/AbstractFuture$Trusted
Event: 6.981 loading class com/google/common/util/concurrent/AbstractFuture$Trusted done
Event: 6.982 Executing VM operation: G1CollectForAllocation


Dynamic libraries:
0x00007ff65b120000 - 0x00007ff65b12a000 	D:\AndroidS\jre\bin\java.exe
0x00007ff842e00000 - 0x00007ff842ff0000 	C:\Windows\SYSTEM32\ntdll.dll
0x00007ff8419e0000 - 0x00007ff841a92000 	C:\Windows\System32\KERNEL32.DLL
0x00007ff840c00000 - 0x00007ff840ea5000 	C:\Windows\System32\KERNELBASE.dll
0x00007ff840ab0000 - 0x00007ff840baa000 	C:\Windows\System32\ucrtbase.dll
0x00007ff83c600000 - 0x00007ff83c617000 	D:\AndroidS\jre\bin\VCRUNTIME140.dll
0x00007ff838110000 - 0x00007ff838129000 	D:\AndroidS\jre\bin\jli.dll
0x00007ff841b90000 - 0x00007ff841d25000 	C:\Windows\System32\USER32.dll
0x00007ff828750000 - 0x00007ff8289d4000 	C:\Windows\WinSxS\amd64_microsoft.windows.common-controls_6595b64144ccf1df_6.0.18362.1082_none_9e8193e1e45b25c1\COMCTL32.dll
0x00007ff840bb0000 - 0x00007ff840bd1000 	C:\Windows\System32\win32u.dll
0x00007ff842770000 - 0x00007ff84280e000 	C:\Windows\System32\msvcrt.dll
0x00007ff842810000 - 0x00007ff842836000 	C:\Windows\System32\GDI32.dll
0x00007ff840910000 - 0x00007ff840aa6000 	C:\Windows\System32\gdi32full.dll
0x00007ff842a80000 - 0x00007ff842db5000 	C:\Windows\System32\combase.dll
0x00007ff840540000 - 0x00007ff8405de000 	C:\Windows\System32\msvcp_win.dll
0x00007ff841e90000 - 0x00007ff841fb0000 	C:\Windows\System32\RPCRT4.dll
0x00007ff8405e0000 - 0x00007ff840660000 	C:\Windows\System32\bcryptPrimitives.dll
0x00007ff841aa0000 - 0x00007ff841ace000 	C:\Windows\System32\IMM32.DLL
0x00007ff82d900000 - 0x00007ff82d99d000 	D:\AndroidS\jre\bin\msvcp140.dll
0x00007ff82c9a0000 - 0x00007ff82d46f000 	D:\AndroidS\jre\bin\server\jvm.dll
0x00007ff842840000 - 0x00007ff8428e3000 	C:\Windows\System32\ADVAPI32.dll
0x00007ff841fb0000 - 0x00007ff842047000 	C:\Windows\System32\sechost.dll
0x00007ff842050000 - 0x00007ff842058000 	C:\Windows\System32\PSAPI.DLL
0x00007ff8240c0000 - 0x00007ff8240c9000 	C:\Windows\SYSTEM32\WSOCK32.dll
0x00007ff83d5e0000 - 0x00007ff83d604000 	C:\Windows\SYSTEM32\WINMM.dll
0x00007ff841d50000 - 0x00007ff841dbf000 	C:\Windows\System32\WS2_32.dll
0x00007ff838d30000 - 0x00007ff838d3a000 	C:\Windows\SYSTEM32\VERSION.dll
0x00007ff83d5b0000 - 0x00007ff83d5dd000 	C:\Windows\SYSTEM32\WINMMBASE.dll
0x00007ff8406c0000 - 0x00007ff84070a000 	C:\Windows\System32\cfgmgr32.dll
0x00007ff83fcd0000 - 0x00007ff83fce1000 	C:\Windows\System32\kernel.appcore.dll
0x00007ff83c5b0000 - 0x00007ff83c5c1000 	D:\AndroidS\jre\bin\verify.dll
0x00007ff839810000 - 0x00007ff839a04000 	C:\Windows\SYSTEM32\DBGHELP.DLL
0x00007ff8281b0000 - 0x00007ff8281da000 	C:\Windows\SYSTEM32\dbgcore.DLL
0x00007ff83c530000 - 0x00007ff83c559000 	D:\AndroidS\jre\bin\java.dll
0x00007ff83c5e0000 - 0x00007ff83c5eb000 	D:\AndroidS\jre\bin\jimage.dll
0x00007ff83c590000 - 0x00007ff83c5a8000 	D:\AndroidS\jre\bin\zip.dll
0x00007ff841120000 - 0x00007ff841807000 	C:\Windows\System32\SHELL32.dll
0x00007ff842970000 - 0x00007ff842a19000 	C:\Windows\System32\shcore.dll
0x00007ff83fd90000 - 0x00007ff840510000 	C:\Windows\System32\windows.storage.dll
0x00007ff83fcf0000 - 0x00007ff83fd13000 	C:\Windows\System32\profapi.dll
0x00007ff83fd40000 - 0x00007ff83fd8a000 	C:\Windows\System32\powrprof.dll
0x00007ff83fcc0000 - 0x00007ff83fcd0000 	C:\Windows\System32\UMPDC.dll
0x00007ff842a20000 - 0x00007ff842a72000 	C:\Windows\System32\shlwapi.dll
0x00007ff840be0000 - 0x00007ff840bf7000 	C:\Windows\System32\cryptsp.dll
0x00007ff83c510000 - 0x00007ff83c52a000 	D:\AndroidS\jre\bin\net.dll
0x00007ff82beb0000 - 0x00007ff82bfa0000 	C:\Windows\SYSTEM32\WINHTTP.dll
0x00007ff83f510000 - 0x00007ff83f577000 	C:\Windows\system32\mswsock.dll
0x00007ff83b930000 - 0x00007ff83b944000 	D:\AndroidS\jre\bin\nio.dll
0x00007ff8380a0000 - 0x00007ff8380c7000 	C:\Users\EGAR\.gradle\native\8bec1ad78214c89d9ad589b4d07fe93259594b29d510b10fafb7a158f7737e5d\windows-amd64\native-platform.dll
0x00007ff822e70000 - 0x00007ff822fad000 	C:\Users\EGAR\.gradle\native\53dbd7edfb1c66fb8903c78663c9afc45aea4f116125fa6feffd364cf09443e8\windows-amd64\native-platform-file-events.dll
0x00007ff83c4f0000 - 0x00007ff83c4fa000 	D:\AndroidS\jre\bin\management.dll
0x00007ff83b920000 - 0x00007ff83b92c000 	D:\AndroidS\jre\bin\management_ext.dll
0x00007ff83f080000 - 0x00007ff83f0b3000 	C:\Windows\system32\rsaenh.dll
0x00007ff840510000 - 0x00007ff840536000 	C:\Windows\System32\bcrypt.dll
0x00007ff83fba0000 - 0x00007ff83fbc5000 	C:\Windows\SYSTEM32\USERENV.dll
0x00007ff83f6e0000 - 0x00007ff83f6ec000 	C:\Windows\SYSTEM32\CRYPTBASE.dll
0x00007ff83f220000 - 0x00007ff83f25a000 	C:\Windows\SYSTEM32\IPHLPAPI.DLL
0x00007ff8419d0000 - 0x00007ff8419d8000 	C:\Windows\System32\NSI.dll
0x00007ff838d10000 - 0x00007ff838d26000 	C:\Windows\SYSTEM32\dhcpcsvc6.DLL
0x00007ff838f70000 - 0x00007ff838f8c000 	C:\Windows\SYSTEM32\dhcpcsvc.DLL
0x00007ff83f260000 - 0x00007ff83f32b000 	C:\Windows\SYSTEM32\DNSAPI.dll

dbghelp: loaded successfully - version: 4.0.5 - missing functions: none
symbol engine: initialized successfully - sym options: 0x614 - pdb path: .;D:\AndroidS\jre\bin;C:\Windows\SYSTEM32;C:\Windows\WinSxS\amd64_microsoft.windows.common-controls_6595b64144ccf1df_6.0.18362.1082_none_9e8193e1e45b25c1;D:\AndroidS\jre\bin\server;C:\Users\EGAR\.gradle\native\8bec1ad78214c89d9ad589b4d07fe93259594b29d510b10fafb7a158f7737e5d\windows-amd64;C:\Users\EGAR\.gradle\native\53dbd7edfb1c66fb8903c78663c9afc45aea4f116125fa6feffd364cf09443e8\windows-amd64

VM Arguments:
jvm_args: --add-opens=java.base/java.util=ALL-UNNAMED --add-opens=java.base/java.lang=ALL-UNNAMED --add-opens=java.base/java.lang.invoke=ALL-UNNAMED --add-opens=java.base/java.util=ALL-UNNAMED --add-opens=java.prefs/java.util.prefs=ALL-UNNAMED --add-opens=java.prefs/java.util.prefs=ALL-UNNAMED --add-opens=java.base/java.nio.charset=ALL-UNNAMED --add-opens=java.base/java.net=ALL-UNNAMED --add-opens=java.base/java.util.concurrent.atomic=ALL-UNNAMED -Xmx2048m -Dfile.encoding=UTF-8 -Duser.country=ID -Duser.language=en -Duser.variant 
java_command: org.gradle.launcher.daemon.bootstrap.GradleDaemon 7.0.2
java_class_path (initial): C:\Users\EGAR\.gradle\wrapper\dists\gradle-7.0.2-bin\857tjihv64xamwrf0h14cai3r\gradle-7.0.2\lib\gradle-launcher-7.0.2.jar
Launcher Type: SUN_STANDARD

[Global flags]
     intx CICompilerCount                          = 3                                         {product} {ergonomic}
     uint ConcGCThreads                            = 1                                         {product} {ergonomic}
     uint G1ConcRefinementThreads                  = 4                                         {product} {ergonomic}
   size_t G1HeapRegionSize                         = 1048576                                   {product} {ergonomic}
    uintx GCDrainStackTargetSize                   = 64                                        {product} {ergonomic}
   size_t InitialHeapSize                          = 125829120                                 {product} {ergonomic}
   size_t MarkStackSize                            = 4194304                                   {product} {ergonomic}
   size_t MaxHeapSize                              = 2147483648                                {product} {command line}
   size_t MaxNewSize                               = 1287651328                                {product} {ergonomic}
   size_t MinHeapDeltaBytes                        = 1048576                                   {product} {ergonomic}
    uintx NonNMethodCodeHeapSize                   = 5830732                                {pd product} {ergonomic}
    uintx NonProfiledCodeHeapSize                  = 122913754                              {pd product} {ergonomic}
    uintx ProfiledCodeHeapSize                     = 122913754                              {pd product} {ergonomic}
    uintx ReservedCodeCacheSize                    = 251658240                              {pd product} {ergonomic}
     bool SegmentedCodeCache                       = true                                      {product} {ergonomic}
     bool UseCompressedClassPointers               = true                                 {lp64_product} {ergonomic}
     bool UseCompressedOops                        = true                                 {lp64_product} {ergonomic}
     bool UseG1GC                                  = true                                      {product} {ergonomic}
     bool UseLargePagesIndividualAllocation        = false                                  {pd product} {ergonomic}

Logging:
Log output configuration:
 #0: stdout all=warning uptime,level,tags
 #1: stderr all=off uptime,level,tags

Environment Variables:
PATH=C:\Program Files\Common Files\Oracle\Java\javapath;C:\Program Files (x86)\NVIDIA Corporation\PhysX\Common;C:\Program Files (x86)\Common Files\Intel\Shared Libraries\redist\intel64\compiler;C:\Windows\system32;C:\Windows;C:\Windows\System32\Wbem;C:\Windows\System32\WindowsPowerShell\v1.0\;C:\Windows\System32\OpenSSH\;C:\Program Files\Microsoft SQL Server\130\Tools\Binn\;C:\Program Files\Microsoft SQL Server\Client SDK\ODBC\170\Tools\Binn\;C:\Program Files\dotnet\;C:\Program Files\CodeBlocks\MinGW\bin;C:\Program Files\Java\jdk-17.0.1;C:\Program Files\nodejs\;C:\Program Files\Git\cmd;C:\Users\EGAR\anaconda3;C:\Users\EGAR\anaconda3\Library\mingw-w64\bin;C:\Users\EGAR\anaconda3\Library\usr\bin;C:\Users\EGAR\anaconda3\Library\bin;C:\Users\EGAR\anaconda3\Scripts;C:\Users\EGAR\AppData\Local\Programs\Python\Python38-32\Scripts\;C:\Users\EGAR\AppData\Local\Programs\Python\Python38-32\;C:\Program Files\platform-tools;C:\Users\EGAR\AppData\Local\Microsoft\WindowsApps;D:\Program FIles\Microsoft VS Code\bin;C:\Users\EGAR\.dotnet\tools;C:\Program Files\CodeBlocks\MinGW\bin;G:\Riot Games\VALORANT\live;C:\Users\EGAR\AppData\Roaming\npm;C:\Users\EGAR\AppData\Local\GitHubDesktop\bin;C:\Program Files\JetBrains\IntelliJ IDEA Community Edition 2021.3.2\bin;
USERNAME=EGAR
OS=Windows_NT
PROCESSOR_IDENTIFIER=AMD64 Family 21 Model 96 Stepping 1, AuthenticAMD



---------------  S Y S T E M  ---------------

OS: Windows 10 , 64 bit Build 18362 (10.0.18362.1082)
OS uptime: 0 days 8:43 hours

CPU:total 4 (initial active 4) (4 cores per cpu, 1 threads per core) family 21 model 96 stepping 1 microcode 0x0, cmov, cx8, fxsr, mmx, sse, sse2, sse3, ssse3, sse4.1, sse4.2, popcnt, avx, avx2, aes, clmul, mmxext, 3dnowpref, lzcnt, sse4a, tsc, tscinvbit, tscinv, bmi1, bmi2, fma

Memory: 4k page, system-wide physical 7628M (1528M free)
TotalPageFile size 7628M (AvailPageFile size 25M)
current process WorkingSet (physical memory assigned to process): 188M, peak: 191M
current process commit charge ("private bytes"): 255M, peak: 279M

vm_info: OpenJDK 64-Bit Server VM (11.0.10+0-b96-7249189) for windows-amd64 JRE (11.0.10+0-b96-7249189), built on Mar 31 2021 21:44:00 by "builder" with MS VC++ 14.0 (VS2015)

END.
