#
# There is insufficient memory for the Java Runtime Environment to continue.
# Native memory allocation (malloc) failed to allocate 1309296 bytes for Chunk::new
# Possible reasons:
#   The system is out of physical RAM or swap space
#   The process is running with CompressedOops enabled, and the Java Heap may be blocking the growth of the native heap
# Possible solutions:
#   Reduce memory load on the system
#   Increase physical memory or swap space
#   Check if swap backing store is full
#   Decrease Java heap size (-Xmx/-Xms)
#   Decrease number of Java threads
#   Decrease Java thread stack sizes (-Xss)
#   Set larger code cache with -XX:ReservedCodeCacheSize=
#   JVM is running with Unscaled Compressed Oops mode in which the Java heap is
#     placed in the first 4GB address space. The Java Heap base address is the
#     maximum limit for the native heap growth. Please use -XX:HeapBaseMinAddress
#     to set the Java Heap base and to place the Java Heap above 4GB virtual address.
# This output file may be truncated or incomplete.
#
#  Out of Memory Error (./src/hotspot/share/memory/arena.cpp:197), pid=6428, tid=9944
#
# JRE version: OpenJDK Runtime Environment (11.0.10) (build 11.0.10+0-b96-7249189)
# Java VM: OpenJDK 64-Bit Server VM (11.0.10+0-b96-7249189, mixed mode, tiered, compressed oops, g1 gc, windows-amd64)
# No core dump will be written. Minidumps are not enabled by default on client versions of Windows
#

---------------  S U M M A R Y ------------

Command Line: --add-opens=java.base/java.util=ALL-UNNAMED --add-opens=java.base/java.lang=ALL-UNNAMED --add-opens=java.base/java.lang.invoke=ALL-UNNAMED --add-opens=java.base/java.util=ALL-UNNAMED --add-opens=java.prefs/java.util.prefs=ALL-UNNAMED --add-opens=java.prefs/java.util.prefs=ALL-UNNAMED --add-opens=java.base/java.nio.charset=ALL-UNNAMED --add-opens=java.base/java.net=ALL-UNNAMED --add-opens=java.base/java.util.concurrent.atomic=ALL-UNNAMED -Xmx2048m -Dfile.encoding=UTF-8 -Duser.country=ID -Duser.language=en -Duser.variant org.gradle.launcher.daemon.bootstrap.GradleDaemon 7.0.2

Host: AMD A8-7680 Radeon R7, 10 Compute Cores 4C+6G  , 4 cores, 7G,  Windows 10 , 64 bit Build 18362 (10.0.18362.1082)
Time: Tue Apr 26 10:56:20 2022 SE Asia Standard Time elapsed time: 5.710060 seconds (0d 0h 0m 5s)

---------------  T H R E A D  ---------------

Current thread (0x000002929aa25000):  JavaThread "C2 CompilerThread0" daemon [_thread_in_native, id=9944, stack(0x000000b224d00000,0x000000b224e00000)]


Current CompileTask:
C2:   5710 1953   !   4       java.lang.ClassLoader::loadClass (122 bytes)

Stack: [0x000000b224d00000,0x000000b224e00000]
Native frames: (J=compiled Java code, j=interpreted, Vv=VM code, C=native code)
V  [jvm.dll+0x5ecfaa]
V  [jvm.dll+0x722bd5]
V  [jvm.dll+0x72412d]
V  [jvm.dll+0x7247e3]
V  [jvm.dll+0x242928]
V  [jvm.dll+0xbc4fc]
V  [jvm.dll+0xbca0c]
V  [jvm.dll+0x352d3b]
V  [jvm.dll+0x320ad3]
V  [jvm.dll+0x31ffca]
V  [jvm.dll+0x1fb602]
V  [jvm.dll+0x1fa7f4]
V  [jvm.dll+0x18354c]
V  [jvm.dll+0x208ee7]
V  [jvm.dll+0x207731]
V  [jvm.dll+0x6eb1cf]
V  [jvm.dll+0x6e3d45]
V  [jvm.dll+0x5ebe96]
C  [ucrtbase.dll+0x20e82]
C  [KERNEL32.DLL+0x17bd4]
C  [ntdll.dll+0x6ce51]


---------------  P R O C E S S  ---------------

Threads class SMR info:
_java_thread_list=0x000002929c2342f0, length=23, elements={
0x00000292ff9b1000, 0x000002929a9fc800, 0x000002929aa0a000, 0x000002929aa18000,
0x000002929aa19000, 0x000002929aa1b000, 0x000002929aa25000, 0x000002929aa2b000,
0x000002929aa2f000, 0x000002929b4c7000, 0x000002929d5db800, 0x000002929cd7c800,
0x000002929c4f8000, 0x000002929b7da000, 0x000002929c033000, 0x000002929d8ed800,
0x000002929cccc800, 0x000002929d40f000, 0x000002929d4a2800, 0x000002929d4a0000,
0x000002929d4a0800, 0x000002929d4a3000, 0x000002929d4a4000
}

Java Threads: ( => current thread )
  0x00000292ff9b1000 JavaThread "main" [_thread_blocked, id=8628, stack(0x000000b224100000,0x000000b224200000)]
  0x000002929a9fc800 JavaThread "Reference Handler" daemon [_thread_blocked, id=1712, stack(0x000000b224800000,0x000000b224900000)]
  0x000002929aa0a000 JavaThread "Finalizer" daemon [_thread_blocked, id=1148, stack(0x000000b224900000,0x000000b224a00000)]
  0x000002929aa18000 JavaThread "Signal Dispatcher" daemon [_thread_blocked, id=9668, stack(0x000000b224a00000,0x000000b224b00000)]
  0x000002929aa19000 JavaThread "Attach Listener" daemon [_thread_blocked, id=6132, stack(0x000000b224b00000,0x000000b224c00000)]
  0x000002929aa1b000 JavaThread "Service Thread" daemon [_thread_blocked, id=8132, stack(0x000000b224c00000,0x000000b224d00000)]
=>0x000002929aa25000 JavaThread "C2 CompilerThread0" daemon [_thread_in_native, id=9944, stack(0x000000b224d00000,0x000000b224e00000)]
  0x000002929aa2b000 JavaThread "C1 CompilerThread0" daemon [_thread_blocked, id=11132, stack(0x000000b224e00000,0x000000b224f00000)]
  0x000002929aa2f000 JavaThread "Sweeper thread" daemon [_thread_blocked, id=11180, stack(0x000000b224f00000,0x000000b225000000)]
  0x000002929b4c7000 JavaThread "Common-Cleaner" daemon [_thread_blocked, id=9576, stack(0x000000b225000000,0x000000b225100000)]
  0x000002929d5db800 JavaThread "Daemon health stats" [_thread_blocked, id=9080, stack(0x000000b225400000,0x000000b225500000)]
  0x000002929cd7c800 JavaThread "Incoming local TCP Connector on port 51063" [_thread_in_native, id=9356, stack(0x000000b225200000,0x000000b225300000)]
  0x000002929c4f8000 JavaThread "Daemon periodic checks" [_thread_blocked, id=10328, stack(0x000000b225500000,0x000000b225600000)]
  0x000002929b7da000 JavaThread "Daemon" [_thread_blocked, id=6824, stack(0x000000b225600000,0x000000b225700000)]
  0x000002929c033000 JavaThread "Handler for socket connection from /127.0.0.1:51063 to /127.0.0.1:51064" [_thread_in_native, id=8236, stack(0x000000b225700000,0x000000b225800000)]
  0x000002929d8ed800 JavaThread "Cancel handler" [_thread_blocked, id=7576, stack(0x000000b225800000,0x000000b225900000)]
  0x000002929cccc800 JavaThread "Daemon worker" [_thread_in_vm, id=3628, stack(0x000000b225900000,0x000000b225a00000)]
  0x000002929d40f000 JavaThread "Asynchronous log dispatcher for DefaultDaemonConnection: socket connection from /127.0.0.1:51063 to /127.0.0.1:51064" [_thread_blocked, id=8452, stack(0x000000b225a00000,0x000000b225b00000)]
  0x000002929d4a2800 JavaThread "Stdin handler" [_thread_blocked, id=2744, stack(0x000000b225b00000,0x000000b225c00000)]
  0x000002929d4a0000 JavaThread "Daemon client event forwarder" [_thread_blocked, id=3000, stack(0x000000b225c00000,0x000000b225d00000)]
  0x000002929d4a0800 JavaThread "Cache worker for file hash cache (C:\Users\EGAR\.gradle\caches\7.0.2\fileHashes)" [_thread_blocked, id=7700, stack(0x000000b225d00000,0x000000b225e00000)]
  0x000002929d4a3000 JavaThread "File lock request listener" [_thread_in_native, id=9556, stack(0x000000b225e00000,0x000000b225f00000)]
  0x000002929d4a4000 JavaThread "Cache worker for journal cache (C:\Users\EGAR\.gradle\caches\journal-1)" [_thread_blocked, id=8008, stack(0x000000b226100000,0x000000b226200000)]

Other Threads:
  0x000002929a9f7800 VMThread "VM Thread" [stack: 0x000000b224700000,0x000000b224800000] [id=10580]
  0x000002929b4e2000 WatcherThread [stack: 0x000000b225100000,0x000000b225200000] [id=1996]
  0x00000292ff9c9000 GCTaskThread "GC Thread#0" [stack: 0x000000b224200000,0x000000b224300000] [id=4440]
  0x000002929bcae000 GCTaskThread "GC Thread#1" [stack: 0x000000b225300000,0x000000b225400000] [id=3684]
  0x000002929c797000 GCTaskThread "GC Thread#2" [stack: 0x000000b225f00000,0x000000b226000000] [id=6748]
  0x000002929ce25800 GCTaskThread "GC Thread#3" [stack: 0x000000b226000000,0x000000b226100000] [id=10972]
  0x00000292ff9fc000 ConcurrentGCThread "G1 Main Marker" [stack: 0x000000b224300000,0x000000b224400000] [id=6016]
  0x00000292ff9fd000 ConcurrentGCThread "G1 Conc#0" [stack: 0x000000b224400000,0x000000b224500000] [id=10768]
  0x00000292ffa78000 ConcurrentGCThread "G1 Refine#0" [stack: 0x000000b224500000,0x000000b224600000] [id=10684]
  0x00000292ffa79000 ConcurrentGCThread "G1 Young RemSet Sampling" [stack: 0x000000b224600000,0x000000b224700000] [id=7672]

Threads with active compile tasks:
C2 CompilerThread0   5730 1953   !   4       java.lang.ClassLoader::loadClass (122 bytes)

VM state:not at safepoint (normal execution)

VM Mutex/Monitor currently owned by a thread: None

Heap address: 0x0000000080000000, size: 2048 MB, Compressed Oops mode: 32-bit
Narrow klass base: 0x0000000000000000, Narrow klass shift: 3
Compressed class space size: 1073741824 Address: 0x0000000100000000

Heap:
 garbage-first heap   total 122880K, used 28471K [0x0000000080000000, 0x0000000100000000)
  region size 1024K, 20 young (20480K), 8 survivors (8192K)
 Metaspace       used 21765K, capacity 22340K, committed 22400K, reserved 1069056K
  class space    used 2736K, capacity 2937K, committed 2944K, reserved 1048576K
Heap Regions: E=young(eden), S=young(survivor), O=old, HS=humongous(starts), HC=humongous(continues), CS=collection set, F=free, A=archive, TAMS=top-at-mark-start (previous, next)
|   0|0x0000000080000000, 0x0000000080100000, 0x0000000080100000|100%| O|  |TAMS 0x0000000080100000, 0x0000000080000000| Untracked 
|   1|0x0000000080100000, 0x0000000080182a00, 0x0000000080200000| 51%| O|  |TAMS 0x0000000080182a00, 0x0000000080100000| Untracked 
|   2|0x0000000080200000, 0x0000000080300000, 0x0000000080300000|100%| O|  |TAMS 0x0000000080300000, 0x0000000080200000| Untracked 
|   3|0x0000000080300000, 0x0000000080400000, 0x0000000080400000|100%|HS|  |TAMS 0x0000000080400000, 0x0000000080300000| Complete 
|   4|0x0000000080400000, 0x0000000080500000, 0x0000000080500000|100%|HC|  |TAMS 0x0000000080500000, 0x0000000080400000| Complete 
|   5|0x0000000080500000, 0x0000000080600000, 0x0000000080600000|100%|HC|  |TAMS 0x0000000080600000, 0x0000000080500000| Complete 
|   6|0x0000000080600000, 0x0000000080700000, 0x0000000080700000|100%| O|  |TAMS 0x0000000080700000, 0x0000000080600000| Untracked 
|   7|0x0000000080700000, 0x0000000080800000, 0x0000000080800000|100%| O|  |TAMS 0x0000000080800000, 0x0000000080700000| Untracked 
|   8|0x0000000080800000, 0x0000000080900000, 0x0000000080900000|100%| O|  |TAMS 0x0000000080900000, 0x0000000080800000| Untracked 
|   9|0x0000000080900000, 0x0000000080a00000, 0x0000000080a00000|100%| O|  |TAMS 0x0000000080a00000, 0x0000000080900000| Untracked 
|  10|0x0000000080a00000, 0x0000000080a00000, 0x0000000080b00000|  0%| F|  |TAMS 0x0000000080a00000, 0x0000000080a00000| Untracked 
|  11|0x0000000080b00000, 0x0000000080b00000, 0x0000000080c00000|  0%| F|  |TAMS 0x0000000080b00000, 0x0000000080b00000| Untracked 
|  12|0x0000000080c00000, 0x0000000080c00000, 0x0000000080d00000|  0%| F|  |TAMS 0x0000000080c00000, 0x0000000080c00000| Untracked 
|  13|0x0000000080d00000, 0x0000000080d00000, 0x0000000080e00000|  0%| F|  |TAMS 0x0000000080d00000, 0x0000000080d00000| Untracked 
|  14|0x0000000080e00000, 0x0000000080e00000, 0x0000000080f00000|  0%| F|  |TAMS 0x0000000080e00000, 0x0000000080e00000| Untracked 
|  15|0x0000000080f00000, 0x0000000080f00000, 0x0000000081000000|  0%| F|  |TAMS 0x0000000080f00000, 0x0000000080f00000| Untracked 
|  16|0x0000000081000000, 0x0000000081000000, 0x0000000081100000|  0%| F|  |TAMS 0x0000000081000000, 0x0000000081000000| Untracked 
|  17|0x0000000081100000, 0x0000000081100000, 0x0000000081200000|  0%| F|  |TAMS 0x0000000081100000, 0x0000000081100000| Untracked 
|  18|0x0000000081200000, 0x0000000081200000, 0x0000000081300000|  0%| F|  |TAMS 0x0000000081200000, 0x0000000081200000| Untracked 
|  19|0x0000000081300000, 0x0000000081300000, 0x0000000081400000|  0%| F|  |TAMS 0x0000000081300000, 0x0000000081300000| Untracked 
|  20|0x0000000081400000, 0x0000000081400000, 0x0000000081500000|  0%| F|  |TAMS 0x0000000081400000, 0x0000000081400000| Untracked 
|  21|0x0000000081500000, 0x0000000081500000, 0x0000000081600000|  0%| F|  |TAMS 0x0000000081500000, 0x0000000081500000| Untracked 
|  22|0x0000000081600000, 0x0000000081600000, 0x0000000081700000|  0%| F|  |TAMS 0x0000000081600000, 0x0000000081600000| Untracked 
|  23|0x0000000081700000, 0x0000000081700000, 0x0000000081800000|  0%| F|  |TAMS 0x0000000081700000, 0x0000000081700000| Untracked 
|  24|0x0000000081800000, 0x0000000081800000, 0x0000000081900000|  0%| F|  |TAMS 0x0000000081800000, 0x0000000081800000| Untracked 
|  25|0x0000000081900000, 0x0000000081900000, 0x0000000081a00000|  0%| F|  |TAMS 0x0000000081900000, 0x0000000081900000| Untracked 
|  26|0x0000000081a00000, 0x0000000081a00000, 0x0000000081b00000|  0%| F|  |TAMS 0x0000000081a00000, 0x0000000081a00000| Untracked 
|  27|0x0000000081b00000, 0x0000000081b00000, 0x0000000081c00000|  0%| F|  |TAMS 0x0000000081b00000, 0x0000000081b00000| Untracked 
|  28|0x0000000081c00000, 0x0000000081c00000, 0x0000000081d00000|  0%| F|  |TAMS 0x0000000081c00000, 0x0000000081c00000| Untracked 
|  29|0x0000000081d00000, 0x0000000081d00000, 0x0000000081e00000|  0%| F|  |TAMS 0x0000000081d00000, 0x0000000081d00000| Untracked 
|  30|0x0000000081e00000, 0x0000000081e00000, 0x0000000081f00000|  0%| F|  |TAMS 0x0000000081e00000, 0x0000000081e00000| Untracked 
|  31|0x0000000081f00000, 0x0000000081f00000, 0x0000000082000000|  0%| F|  |TAMS 0x0000000081f00000, 0x0000000081f00000| Untracked 
|  32|0x0000000082000000, 0x0000000082000000, 0x0000000082100000|  0%| F|  |TAMS 0x0000000082000000, 0x0000000082000000| Untracked 
|  33|0x0000000082100000, 0x0000000082100000, 0x0000000082200000|  0%| F|  |TAMS 0x0000000082100000, 0x0000000082100000| Untracked 
|  34|0x0000000082200000, 0x0000000082200000, 0x0000000082300000|  0%| F|  |TAMS 0x0000000082200000, 0x0000000082200000| Untracked 
|  35|0x0000000082300000, 0x0000000082300000, 0x0000000082400000|  0%| F|  |TAMS 0x0000000082300000, 0x0000000082300000| Untracked 
|  36|0x0000000082400000, 0x0000000082400000, 0x0000000082500000|  0%| F|  |TAMS 0x0000000082400000, 0x0000000082400000| Untracked 
|  37|0x0000000082500000, 0x0000000082500000, 0x0000000082600000|  0%| F|  |TAMS 0x0000000082500000, 0x0000000082500000| Untracked 
|  38|0x0000000082600000, 0x0000000082600000, 0x0000000082700000|  0%| F|  |TAMS 0x0000000082600000, 0x0000000082600000| Untracked 
|  39|0x0000000082700000, 0x0000000082700000, 0x0000000082800000|  0%| F|  |TAMS 0x0000000082700000, 0x0000000082700000| Untracked 
|  40|0x0000000082800000, 0x0000000082800000, 0x0000000082900000|  0%| F|  |TAMS 0x0000000082800000, 0x0000000082800000| Untracked 
|  41|0x0000000082900000, 0x0000000082900000, 0x0000000082a00000|  0%| F|  |TAMS 0x0000000082900000, 0x0000000082900000| Untracked 
|  42|0x0000000082a00000, 0x0000000082a00000, 0x0000000082b00000|  0%| F|  |TAMS 0x0000000082a00000, 0x0000000082a00000| Untracked 
|  43|0x0000000082b00000, 0x0000000082b00000, 0x0000000082c00000|  0%| F|  |TAMS 0x0000000082b00000, 0x0000000082b00000| Untracked 
|  44|0x0000000082c00000, 0x0000000082c00000, 0x0000000082d00000|  0%| F|  |TAMS 0x0000000082c00000, 0x0000000082c00000| Untracked 
|  45|0x0000000082d00000, 0x0000000082d00000, 0x0000000082e00000|  0%| F|  |TAMS 0x0000000082d00000, 0x0000000082d00000| Untracked 
|  46|0x0000000082e00000, 0x0000000082e00000, 0x0000000082f00000|  0%| F|  |TAMS 0x0000000082e00000, 0x0000000082e00000| Untracked 
|  47|0x0000000082f00000, 0x0000000082f00000, 0x0000000083000000|  0%| F|  |TAMS 0x0000000082f00000, 0x0000000082f00000| Untracked 
|  48|0x0000000083000000, 0x0000000083000000, 0x0000000083100000|  0%| F|  |TAMS 0x0000000083000000, 0x0000000083000000| Untracked 
|  49|0x0000000083100000, 0x0000000083100000, 0x0000000083200000|  0%| F|  |TAMS 0x0000000083100000, 0x0000000083100000| Untracked 
|  50|0x0000000083200000, 0x0000000083200000, 0x0000000083300000|  0%| F|  |TAMS 0x0000000083200000, 0x0000000083200000| Untracked 
|  51|0x0000000083300000, 0x000000008334b408, 0x0000000083400000| 29%| S|CS|TAMS 0x0000000083300000, 0x0000000083300000| Complete 
|  52|0x0000000083400000, 0x0000000083500000, 0x0000000083500000|100%| S|CS|TAMS 0x0000000083400000, 0x0000000083400000| Complete 
|  53|0x0000000083500000, 0x0000000083600000, 0x0000000083600000|100%| S|CS|TAMS 0x0000000083500000, 0x0000000083500000| Complete 
|  54|0x0000000083600000, 0x0000000083700000, 0x0000000083700000|100%| S|CS|TAMS 0x0000000083600000, 0x0000000083600000| Complete 
|  55|0x0000000083700000, 0x0000000083800000, 0x0000000083800000|100%| S|CS|TAMS 0x0000000083700000, 0x0000000083700000| Complete 
|  56|0x0000000083800000, 0x0000000083900000, 0x0000000083900000|100%| S|CS|TAMS 0x0000000083800000, 0x0000000083800000| Complete 
|  57|0x0000000083900000, 0x0000000083a00000, 0x0000000083a00000|100%| S|CS|TAMS 0x0000000083900000, 0x0000000083900000| Complete 
|  58|0x0000000083a00000, 0x0000000083b00000, 0x0000000083b00000|100%| S|CS|TAMS 0x0000000083a00000, 0x0000000083a00000| Complete 
|  59|0x0000000083b00000, 0x0000000083b00000, 0x0000000083c00000|  0%| F|  |TAMS 0x0000000083b00000, 0x0000000083b00000| Untracked 
|  60|0x0000000083c00000, 0x0000000083c00000, 0x0000000083d00000|  0%| F|  |TAMS 0x0000000083c00000, 0x0000000083c00000| Untracked 
|  61|0x0000000083d00000, 0x0000000083d00000, 0x0000000083e00000|  0%| F|  |TAMS 0x0000000083d00000, 0x0000000083d00000| Untracked 
|  62|0x0000000083e00000, 0x0000000083e00000, 0x0000000083f00000|  0%| F|  |TAMS 0x0000000083e00000, 0x0000000083e00000| Untracked 
|  63|0x0000000083f00000, 0x0000000083f00000, 0x0000000084000000|  0%| F|  |TAMS 0x0000000083f00000, 0x0000000083f00000| Untracked 
|  64|0x0000000084000000, 0x0000000084000000, 0x0000000084100000|  0%| F|  |TAMS 0x0000000084000000, 0x0000000084000000| Untracked 
|  65|0x0000000084100000, 0x0000000084100000, 0x0000000084200000|  0%| F|  |TAMS 0x0000000084100000, 0x0000000084100000| Untracked 
|  66|0x0000000084200000, 0x0000000084200000, 0x0000000084300000|  0%| F|  |TAMS 0x0000000084200000, 0x0000000084200000| Untracked 
|  67|0x0000000084300000, 0x0000000084300000, 0x0000000084400000|  0%| F|  |TAMS 0x0000000084300000, 0x0000000084300000| Untracked 
|  68|0x0000000084400000, 0x0000000084400000, 0x0000000084500000|  0%| F|  |TAMS 0x0000000084400000, 0x0000000084400000| Untracked 
|  69|0x0000000084500000, 0x0000000084500000, 0x0000000084600000|  0%| F|  |TAMS 0x0000000084500000, 0x0000000084500000| Untracked 
|  70|0x0000000084600000, 0x0000000084600000, 0x0000000084700000|  0%| F|  |TAMS 0x0000000084600000, 0x0000000084600000| Untracked 
|  71|0x0000000084700000, 0x0000000084700000, 0x0000000084800000|  0%| F|  |TAMS 0x0000000084700000, 0x0000000084700000| Untracked 
|  72|0x0000000084800000, 0x0000000084800000, 0x0000000084900000|  0%| F|  |TAMS 0x0000000084800000, 0x0000000084800000| Untracked 
|  73|0x0000000084900000, 0x0000000084900000, 0x0000000084a00000|  0%| F|  |TAMS 0x0000000084900000, 0x0000000084900000| Untracked 
|  74|0x0000000084a00000, 0x0000000084a00000, 0x0000000084b00000|  0%| F|  |TAMS 0x0000000084a00000, 0x0000000084a00000| Untracked 
|  75|0x0000000084b00000, 0x0000000084b00000, 0x0000000084c00000|  0%| F|  |TAMS 0x0000000084b00000, 0x0000000084b00000| Untracked 
|  76|0x0000000084c00000, 0x0000000084c00000, 0x0000000084d00000|  0%| F|  |TAMS 0x0000000084c00000, 0x0000000084c00000| Untracked 
|  77|0x0000000084d00000, 0x0000000084d00000, 0x0000000084e00000|  0%| F|  |TAMS 0x0000000084d00000, 0x0000000084d00000| Untracked 
|  78|0x0000000084e00000, 0x0000000084e00000, 0x0000000084f00000|  0%| F|  |TAMS 0x0000000084e00000, 0x0000000084e00000| Untracked 
|  79|0x0000000084f00000, 0x0000000084f00000, 0x0000000085000000|  0%| F|  |TAMS 0x0000000084f00000, 0x0000000084f00000| Untracked 
|  80|0x0000000085000000, 0x0000000085000000, 0x0000000085100000|  0%| F|  |TAMS 0x0000000085000000, 0x0000000085000000| Untracked 
|  81|0x0000000085100000, 0x0000000085100000, 0x0000000085200000|  0%| F|  |TAMS 0x0000000085100000, 0x0000000085100000| Untracked 
|  82|0x0000000085200000, 0x0000000085200000, 0x0000000085300000|  0%| F|  |TAMS 0x0000000085200000, 0x0000000085200000| Untracked 
|  83|0x0000000085300000, 0x0000000085300000, 0x0000000085400000|  0%| F|  |TAMS 0x0000000085300000, 0x0000000085300000| Untracked 
|  84|0x0000000085400000, 0x0000000085400000, 0x0000000085500000|  0%| F|  |TAMS 0x0000000085400000, 0x0000000085400000| Untracked 
|  85|0x0000000085500000, 0x0000000085500000, 0x0000000085600000|  0%| F|  |TAMS 0x0000000085500000, 0x0000000085500000| Untracked 
|  86|0x0000000085600000, 0x0000000085600000, 0x0000000085700000|  0%| F|  |TAMS 0x0000000085600000, 0x0000000085600000| Untracked 
|  87|0x0000000085700000, 0x0000000085700000, 0x0000000085800000|  0%| F|  |TAMS 0x0000000085700000, 0x0000000085700000| Untracked 
|  88|0x0000000085800000, 0x0000000085800000, 0x0000000085900000|  0%| F|  |TAMS 0x0000000085800000, 0x0000000085800000| Untracked 
|  89|0x0000000085900000, 0x0000000085900000, 0x0000000085a00000|  0%| F|  |TAMS 0x0000000085900000, 0x0000000085900000| Untracked 
|  90|0x0000000085a00000, 0x0000000085a00000, 0x0000000085b00000|  0%| F|  |TAMS 0x0000000085a00000, 0x0000000085a00000| Untracked 
|  91|0x0000000085b00000, 0x0000000085b00000, 0x0000000085c00000|  0%| F|  |TAMS 0x0000000085b00000, 0x0000000085b00000| Untracked 
|  92|0x0000000085c00000, 0x0000000085c00000, 0x0000000085d00000|  0%| F|  |TAMS 0x0000000085c00000, 0x0000000085c00000| Untracked 
|  93|0x0000000085d00000, 0x0000000085d00000, 0x0000000085e00000|  0%| F|  |TAMS 0x0000000085d00000, 0x0000000085d00000| Untracked 
|  94|0x0000000085e00000, 0x0000000085e00000, 0x0000000085f00000|  0%| F|  |TAMS 0x0000000085e00000, 0x0000000085e00000| Untracked 
|  95|0x0000000085f00000, 0x0000000085f00000, 0x0000000086000000|  0%| F|  |TAMS 0x0000000085f00000, 0x0000000085f00000| Untracked 
|  96|0x0000000086000000, 0x0000000086000000, 0x0000000086100000|  0%| F|  |TAMS 0x0000000086000000, 0x0000000086000000| Untracked 
|  97|0x0000000086100000, 0x0000000086100000, 0x0000000086200000|  0%| F|  |TAMS 0x0000000086100000, 0x0000000086100000| Untracked 
|  98|0x0000000086200000, 0x0000000086200000, 0x0000000086300000|  0%| F|  |TAMS 0x0000000086200000, 0x0000000086200000| Untracked 
|  99|0x0000000086300000, 0x0000000086300000, 0x0000000086400000|  0%| F|  |TAMS 0x0000000086300000, 0x0000000086300000| Untracked 
| 100|0x0000000086400000, 0x0000000086400000, 0x0000000086500000|  0%| F|  |TAMS 0x0000000086400000, 0x0000000086400000| Untracked 
| 101|0x0000000086500000, 0x0000000086500000, 0x0000000086600000|  0%| F|  |TAMS 0x0000000086500000, 0x0000000086500000| Untracked 
| 102|0x0000000086600000, 0x0000000086600000, 0x0000000086700000|  0%| F|  |TAMS 0x0000000086600000, 0x0000000086600000| Untracked 
| 103|0x0000000086700000, 0x0000000086700000, 0x0000000086800000|  0%| F|  |TAMS 0x0000000086700000, 0x0000000086700000| Untracked 
| 104|0x0000000086800000, 0x0000000086800000, 0x0000000086900000|  0%| F|  |TAMS 0x0000000086800000, 0x0000000086800000| Untracked 
| 105|0x0000000086900000, 0x0000000086900000, 0x0000000086a00000|  0%| F|  |TAMS 0x0000000086900000, 0x0000000086900000| Untracked 
| 106|0x0000000086a00000, 0x0000000086a00000, 0x0000000086b00000|  0%| F|  |TAMS 0x0000000086a00000, 0x0000000086a00000| Untracked 
| 107|0x0000000086b00000, 0x0000000086b00000, 0x0000000086c00000|  0%| F|  |TAMS 0x0000000086b00000, 0x0000000086b00000| Untracked 
| 108|0x0000000086c00000, 0x0000000086d00000, 0x0000000086d00000|100%| E|  |TAMS 0x0000000086c00000, 0x0000000086c00000| Complete 
| 109|0x0000000086d00000, 0x0000000086e00000, 0x0000000086e00000|100%| E|CS|TAMS 0x0000000086d00000, 0x0000000086d00000| Complete 
| 110|0x0000000086e00000, 0x0000000086f00000, 0x0000000086f00000|100%| E|CS|TAMS 0x0000000086e00000, 0x0000000086e00000| Complete 
| 111|0x0000000086f00000, 0x0000000087000000, 0x0000000087000000|100%| E|CS|TAMS 0x0000000086f00000, 0x0000000086f00000| Complete 
| 112|0x0000000087000000, 0x0000000087100000, 0x0000000087100000|100%| E|CS|TAMS 0x0000000087000000, 0x0000000087000000| Complete 
| 113|0x0000000087100000, 0x0000000087200000, 0x0000000087200000|100%| E|CS|TAMS 0x0000000087100000, 0x0000000087100000| Complete 
| 114|0x0000000087200000, 0x0000000087300000, 0x0000000087300000|100%| E|CS|TAMS 0x0000000087200000, 0x0000000087200000| Complete 
| 115|0x0000000087300000, 0x0000000087400000, 0x0000000087400000|100%| E|CS|TAMS 0x0000000087300000, 0x0000000087300000| Complete 
| 116|0x0000000087400000, 0x0000000087500000, 0x0000000087500000|100%| E|CS|TAMS 0x0000000087400000, 0x0000000087400000| Complete 
| 117|0x0000000087500000, 0x0000000087600000, 0x0000000087600000|100%| E|CS|TAMS 0x0000000087500000, 0x0000000087500000| Complete 
| 118|0x0000000087600000, 0x0000000087700000, 0x0000000087700000|100%| E|CS|TAMS 0x0000000087600000, 0x0000000087600000| Complete 
| 119|0x0000000087700000, 0x0000000087800000, 0x0000000087800000|100%| E|CS|TAMS 0x0000000087700000, 0x0000000087700000| Complete 

Card table byte_map: [0x0000029293e20000,0x0000029294220000] _byte_map_base: 0x0000029293a20000

Marking Bits (Prev, Next): (CMBitMap*) 0x00000292ff9f3320, (CMBitMap*) 0x00000292ff9f32e8
 Prev Bits: [0x0000029296620000, 0x0000029298620000)
 Next Bits: [0x0000029294620000, 0x0000029296620000)

Polling page: 0x00000292fedc0000

Metaspace:

Usage:
  Non-class:     18.95 MB capacity,    18.61 MB ( 98%) used,   309.13 KB (  2%) free+waste,    41.00 KB ( <1%) overhead. 
      Class:      2.87 MB capacity,     2.68 MB ( 93%) used,   175.27 KB (  6%) free+waste,    20.75 KB ( <1%) overhead. 
       Both:     21.82 MB capacity,    21.28 MB ( 98%) used,   484.40 KB (  2%) free+waste,    61.75 KB ( <1%) overhead. 

Virtual space:
  Non-class space:       20.00 MB reserved,      19.25 MB ( 96%) committed 
      Class space:        1.00 GB reserved,       2.88 MB ( <1%) committed 
             Both:        1.02 GB reserved,      22.13 MB (  2%) committed 

Chunk freelists:
   Non-Class:  53.00 KB
       Class:  7.00 KB
        Both:  60.00 KB

MaxMetaspaceSize: 17179869184.00 GB
CompressedClassSpaceSize: 1.00 GB

CodeHeap 'non-profiled nmethods': size=120064Kb used=929Kb max_used=929Kb free=119135Kb
 bounds [0x000002928c8e0000, 0x000002928cb50000, 0x0000029293e20000]
CodeHeap 'profiled nmethods': size=120000Kb used=4213Kb max_used=4213Kb free=115786Kb
 bounds [0x00000292853b0000, 0x00000292857d0000, 0x000002928c8e0000]
CodeHeap 'non-nmethods': size=5696Kb used=1138Kb max_used=1156Kb free=4557Kb
 bounds [0x0000029284e20000, 0x0000029285090000, 0x00000292853b0000]
 total_blobs=2443 nmethods=1966 adapters=389
 compilation: enabled
              stopped_count=0, restarted_count=0
 full_count=0

Compilation events (20 events):
Event: 5.535 Thread 0x000002929aa2b000 nmethod 1952 0x000002928c9c7510 code [0x000002928c9c76c0, 0x000002928c9c7778]
Event: 5.542 Thread 0x000002929aa25000 1953   !   4       java.lang.ClassLoader::loadClass (122 bytes)
Event: 5.544 Thread 0x000002929aa2b000 1954       3       java.util.regex.Pattern::newSlice (181 bytes)
Event: 5.545 Thread 0x000002929aa2b000 nmethod 1954 0x00000292857c1d90 code [0x00000292857c20c0, 0x00000292857c3268]
Event: 5.620 Thread 0x000002929aa2b000 1955       3       jdk.internal.org.objectweb.asm.Type::getArgumentsAndReturnSizes (151 bytes)
Event: 5.622 Thread 0x000002929aa2b000 nmethod 1955 0x00000292857c3910 code [0x00000292857c3c80, 0x00000292857c54f8]
Event: 5.637 Thread 0x000002929aa2b000 1956       3       java.lang.invoke.TypeConvertingMethodAdapter::cast (42 bytes)
Event: 5.637 Thread 0x000002929aa2b000 nmethod 1956 0x00000292857c5d90 code [0x00000292857c5fa0, 0x00000292857c6408]
Event: 5.645 Thread 0x000002929aa2b000 1957       3       java.lang.ClassLoader::definePackage (53 bytes)
Event: 5.646 Thread 0x000002929aa2b000 nmethod 1957 0x00000292857c6590 code [0x00000292857c67a0, 0x00000292857c6cd8]
Event: 5.652 Thread 0x000002929aa2b000 1959       1       sun.reflect.generics.repository.AbstractRepository::getFactory (5 bytes)
Event: 5.653 Thread 0x000002929aa2b000 nmethod 1959 0x000002928c9c7d10 code [0x000002928c9c7ec0, 0x000002928c9c7f78]
Event: 5.663 Thread 0x000002929aa2b000 1960       3       java.util.concurrent.locks.LockSupport::setBlocker (12 bytes)
Event: 5.664 Thread 0x000002929aa2b000 nmethod 1960 0x00000292857c6f90 code [0x00000292857c7140, 0x00000292857c7278]
Event: 5.672 Thread 0x000002929aa2b000 1961       3       org.gradle.internal.service.DefaultServiceRegistry$SingletonService::getAll (23 bytes)
Event: 5.672 Thread 0x000002929aa2b000 nmethod 1961 0x00000292857c7310 code [0x00000292857c74e0, 0x00000292857c7768]
Event: 5.675 Thread 0x000002929aa2b000 1962       3       java.lang.invoke.MethodHandleNatives::isCallerSensitive (29 bytes)
Event: 5.676 Thread 0x000002929aa2b000 nmethod 1962 0x00000292857c7890 code [0x00000292857c7a80, 0x00000292857c7fe8]
Event: 5.676 Thread 0x000002929aa2b000 1963       3       java.lang.invoke.MethodHandleNatives::canBeCalledVirtual (93 bytes)
Event: 5.677 Thread 0x000002929aa2b000 nmethod 1963 0x00000292857c8190 code [0x00000292857c83a0, 0x00000292857c8918]

GC Heap History (8 events):
Event: 1.119 GC heap before
{Heap before GC invocations=0 (full 0):
 garbage-first heap   total 122880K, used 19456K [0x0000000080000000, 0x0000000100000000)
  region size 1024K, 14 young (14336K), 0 survivors (0K)
 Metaspace       used 6747K, capacity 6925K, committed 7168K, reserved 1056768K
  class space    used 582K, capacity 650K, committed 768K, reserved 1048576K
}
Event: 1.129 GC heap after
{Heap after GC invocations=1 (full 0):
 garbage-first heap   total 122880K, used 8360K [0x0000000080000000, 0x0000000100000000)
  region size 1024K, 2 young (2048K), 2 survivors (2048K)
 Metaspace       used 6747K, capacity 6925K, committed 7168K, reserved 1056768K
  class space    used 582K, capacity 650K, committed 768K, reserved 1048576K
}
Event: 1.750 GC heap before
{Heap before GC invocations=1 (full 0):
 garbage-first heap   total 122880K, used 19624K [0x0000000080000000, 0x0000000100000000)
  region size 1024K, 13 young (13312K), 2 survivors (2048K)
 Metaspace       used 10208K, capacity 10428K, committed 10624K, reserved 1058816K
  class space    used 1064K, capacity 1140K, committed 1152K, reserved 1048576K
}
Event: 1.756 GC heap after
{Heap after GC invocations=2 (full 0):
 garbage-first heap   total 122880K, used 9392K [0x0000000080000000, 0x0000000100000000)
  region size 1024K, 2 young (2048K), 2 survivors (2048K)
 Metaspace       used 10208K, capacity 10428K, committed 10624K, reserved 1058816K
  class space    used 1064K, capacity 1140K, committed 1152K, reserved 1048576K
}
Event: 2.818 GC heap before
{Heap before GC invocations=2 (full 0):
 garbage-first heap   total 122880K, used 48304K [0x0000000080000000, 0x0000000100000000)
  region size 1024K, 40 young (40960K), 2 survivors (2048K)
 Metaspace       used 11223K, capacity 11445K, committed 11520K, reserved 1058816K
  class space    used 1172K, capacity 1244K, committed 1280K, reserved 1048576K
}
Event: 2.828 GC heap after
{Heap after GC invocations=3 (full 0):
 garbage-first heap   total 122880K, used 13761K [0x0000000080000000, 0x0000000100000000)
  region size 1024K, 5 young (5120K), 5 survivors (5120K)
 Metaspace       used 11223K, capacity 11445K, committed 11520K, reserved 1058816K
  class space    used 1172K, capacity 1244K, committed 1280K, reserved 1048576K
}
Event: 5.288 GC heap before
{Heap before GC invocations=3 (full 0):
 garbage-first heap   total 122880K, used 70081K [0x0000000080000000, 0x0000000100000000)
  region size 1024K, 61 young (62464K), 5 survivors (5120K)
 Metaspace       used 20629K, capacity 21125K, committed 21248K, reserved 1067008K
  class space    used 2520K, capacity 2721K, committed 2816K, reserved 1048576K
}
Event: 5.303 GC heap after
{Heap after GC invocations=4 (full 0):
 garbage-first heap   total 122880K, used 17207K [0x0000000080000000, 0x0000000100000000)
  region size 1024K, 8 young (8192K), 8 survivors (8192K)
 Metaspace       used 20629K, capacity 21125K, committed 21248K, reserved 1067008K
  class space    used 2520K, capacity 2721K, committed 2816K, reserved 1048576K
}

Deoptimization events (20 events):
Event: 5.484 Thread 0x000002929cccc800 Uncommon trap: trap_request=0xffffff4d fr.pc=0x000002928c9aeff0 relative=0x00000000000003b0
Event: 5.484 Thread 0x000002929cccc800 Uncommon trap: reason=unstable_if action=reinterpret pc=0x000002928c9aeff0 method=jdk.internal.org.objectweb.asm.Type.getArgumentsAndReturnSizes(Ljava/lang/String;)I @ 88 c2
Event: 5.484 Thread 0x000002929cccc800 DEOPT PACKING pc=0x000002928c9aeff0 sp=0x000000b2259fa980
Event: 5.484 Thread 0x000002929cccc800 DEOPT UNPACKING pc=0x0000029284e473af sp=0x000000b2259fa908 mode 2
Event: 5.512 Thread 0x000002929cccc800 Uncommon trap: trap_request=0xffffff4d fr.pc=0x000002928c919eb4 relative=0x0000000000000174
Event: 5.512 Thread 0x000002929cccc800 Uncommon trap: reason=unstable_if action=reinterpret pc=0x000002928c919eb4 method=java.util.HashMap.getNode(ILjava/lang/Object;)Ljava/util/HashMap$Node; @ 129 c2
Event: 5.512 Thread 0x000002929cccc800 DEOPT PACKING pc=0x000002928c919eb4 sp=0x000000b2259fc3a0
Event: 5.512 Thread 0x000002929cccc800 DEOPT UNPACKING pc=0x0000029284e473af sp=0x000000b2259fc2a0 mode 2
Event: 5.512 Thread 0x000002929cccc800 Uncommon trap: trap_request=0xffffffc6 fr.pc=0x000002928c9aa4f0 relative=0x0000000000000f30
Event: 5.512 Thread 0x000002929cccc800 Uncommon trap: reason=bimorphic_or_optimized_type_check action=maybe_recompile pc=0x000002928c9aa4f0 method=java.util.HashMap.putVal(ILjava/lang/Object;Ljava/lang/Object;ZZ)Ljava/lang/Object; @ 203 c2
Event: 5.512 Thread 0x000002929cccc800 DEOPT PACKING pc=0x000002928c9aa4f0 sp=0x000000b2259fc330
Event: 5.512 Thread 0x000002929cccc800 DEOPT UNPACKING pc=0x0000029284e473af sp=0x000000b2259fc270 mode 2
Event: 5.512 Thread 0x000002929cccc800 Uncommon trap: trap_request=0xffffff4d fr.pc=0x000002928c9161a8 relative=0x00000000000001e8
Event: 5.512 Thread 0x000002929cccc800 Uncommon trap: reason=unstable_if action=reinterpret pc=0x000002928c9161a8 method=java.util.HashMap.getNode(ILjava/lang/Object;)Ljava/util/HashMap$Node; @ 129 c2
Event: 5.512 Thread 0x000002929cccc800 DEOPT PACKING pc=0x000002928c9161a8 sp=0x000000b2259fc300
Event: 5.512 Thread 0x000002929cccc800 DEOPT UNPACKING pc=0x0000029284e473af sp=0x000000b2259fc288 mode 2
Event: 5.537 Thread 0x000002929cccc800 Uncommon trap: trap_request=0xffffff4d fr.pc=0x000002928c952390 relative=0x0000000000000af0
Event: 5.537 Thread 0x000002929cccc800 Uncommon trap: reason=unstable_if action=reinterpret pc=0x000002928c952390 method=java.util.Properties$LineReader.readLine()I @ 249 c2
Event: 5.537 Thread 0x000002929cccc800 DEOPT PACKING pc=0x000002928c952390 sp=0x000000b2259fc300
Event: 5.537 Thread 0x000002929cccc800 DEOPT UNPACKING pc=0x0000029284e473af sp=0x000000b2259fc2a0 mode 2

Classes redefined (0 events):
No events

Internal exceptions (20 events):
Event: 4.418 Thread 0x000002929c033000 Exception <a 'java/lang/NoSuchMethodError'{0x0000000086195d48}: <clinit>> (0x0000000086195d48) thrown at [./src/hotspot/share/prims/jni.cpp, line 1362]
Event: 4.432 Thread 0x000002929c033000 Exception <a 'java/lang/NoSuchMethodError'{0x00000000861d1a00}: <clinit>> (0x00000000861d1a00) thrown at [./src/hotspot/share/prims/jni.cpp, line 1362]
Event: 4.455 Thread 0x000002929c033000 Exception <a 'java/lang/NoSuchMethodError'{0x0000000086004920}: <clinit>> (0x0000000086004920) thrown at [./src/hotspot/share/prims/jni.cpp, line 1362]
Event: 4.622 Thread 0x000002929cccc800 Exception <a 'java/lang/NoSuchMethodError'{0x0000000085d957b0}: 'void java.lang.invoke.DirectMethodHandle$Holder.invokeVirtual(java.lang.Object, java.lang.Object, java.lang.Object, java.lang.Object)'> (0x0000000085d957b0) thrown at [./src/hotspot/share/interpreter/linkResolver.cpp, line 773]
Event: 4.624 Thread 0x000002929cccc800 Exception <a 'java/lang/NoSuchMethodError'{0x0000000085da2218}: 'void java.lang.invoke.DelegatingMethodHandle$Holder.reinvoke_L(java.lang.Object, java.lang.Object, java.lang.Object, java.lang.Object)'> (0x0000000085da2218) thrown at [./src/hotspot/share/interpreter/linkResolver.cpp, line 773]
Event: 4.635 Thread 0x000002929cccc800 Exception <a 'java/lang/NoSuchMethodError'{0x0000000085dd2ba8}: 'long java.lang.invoke.DirectMethodHandle$Holder.invokeInterface(java.lang.Object, java.lang.Object)'> (0x0000000085dd2ba8) thrown at [./src/hotspot/share/interpreter/linkResolver.cpp, line 773]
Event: 4.639 Thread 0x000002929cccc800 Exception <a 'java/lang/NoSuchMethodError'{0x0000000085df5870}: 'void java.lang.invoke.DelegatingMethodHandle$Holder.reinvoke_L(java.lang.Object, java.lang.Object, java.lang.Object, java.lang.Object, java.lang.Object, java.lang.Object, java.lang.Object)'> (0x0000000085df5870) thrown at [./src/hotspot/share/interpreter/linkResolver.cpp, line 773]
Event: 4.980 Thread 0x000002929cccc800 Exception <a 'java/lang/NoSuchMethodError'{0x000000008470c668}: 'java.lang.Object java.lang.invoke.DirectMethodHandle$Holder.invokeVirtual(java.lang.Object, java.lang.Object, java.lang.Object)'> (0x000000008470c668) thrown at [./src/hotspot/share/interpreter/linkResolver.cpp, line 773]
Event: 5.050 Thread 0x000002929cccc800 Exception <a 'java/lang/NoSuchMethodError'{0x00000000844afb20}: 'void java.lang.invoke.DirectMethodHandle$Holder.invokeInterface(java.lang.Object, java.lang.Object)'> (0x00000000844afb20) thrown at [./src/hotspot/share/interpreter/linkResolver.cpp, line 773]
Event: 5.050 Thread 0x000002929cccc800 Exception <a 'java/lang/IncompatibleClassChangeError'{0x00000000844b2cd0}: Found class java.lang.Object, but interface was expected> (0x00000000844b2cd0) thrown at [./src/hotspot/share/interpreter/linkResolver.cpp, line 839]
Event: 5.080 Thread 0x000002929cccc800 Exception <a 'java/lang/NoSuchMethodError'{0x0000000084228000}: 'void java.lang.invoke.DirectMethodHandle$Holder.invokeStaticInit(java.lang.Object)'> (0x0000000084228000) thrown at [./src/hotspot/share/interpreter/linkResolver.cpp, line 773]
Event: 5.154 Thread 0x000002929cccc800 Exception <a 'java/lang/NoSuchMethodError'{0x0000000084094488}: 'java.lang.Object java.lang.invoke.DirectMethodHandle$Holder.invokeStatic(java.lang.Object, java.lang.Object, java.lang.Object, int)'> (0x0000000084094488) thrown at [./src/hotspot/share/interpreter/linkResolver.cpp, line 773]
Event: 5.154 Thread 0x000002929cccc800 Exception <a 'java/lang/NoSuchMethodError'{0x0000000084098650}: 'java.lang.Object java.lang.invoke.DirectMethodHandle$Holder.invokeSpecial(java.lang.Object, java.lang.Object, java.lang.Object, java.lang.Object, int)'> (0x0000000084098650) thrown at [./src/hotspot/share/interpreter/linkResolver.cpp, line 773]
Event: 5.155 Thread 0x000002929cccc800 Exception <a 'java/lang/NoSuchMethodError'{0x000000008409c038}: 'java.lang.Object java.lang.invoke.Invokers$Holder.linkToTargetMethod(java.lang.Object, java.lang.Object, int, java.lang.Object)'> (0x000000008409c038) thrown at [./src/hotspot/share/interpreter/linkResolver.cpp, line 773]
Event: 5.308 Thread 0x000002929cccc800 Exception <a 'java/lang/NoSuchMethodError'{0x0000000087710958}: 'int java.lang.invoke.DirectMethodHandle$Holder.invokeSpecialIFC(java.lang.Object, java.lang.Object, java.lang.Object, java.lang.Object)'> (0x0000000087710958) thrown at [./src/hotspot/share/interpreter/linkResolver.cpp, line 773]
Event: 5.313 Thread 0x000002929cccc800 Exception <a 'java/lang/NoSuchMethodError'{0x000000008771e718}: 'java.lang.Object java.lang.invoke.DirectMethodHandle$Holder.invokeInterface(java.lang.Object, java.lang.Object, java.lang.Object)'> (0x000000008771e718) thrown at [./src/hotspot/share/interpreter/linkResolver.cpp, line 773]
Event: 5.316 Thread 0x000002929cccc800 Exception <a 'java/lang/IncompatibleClassChangeError'{0x0000000087721bf0}: Found class java.lang.Object, but interface was expected> (0x0000000087721bf0) thrown at [./src/hotspot/share/interpreter/linkResolver.cpp, line 839]
Event: 5.388 Thread 0x000002929cccc800 Exception <a 'java/lang/NoSuchMethodError'{0x0000000087643268}: 'void java.lang.invoke.DirectMethodHandle$Holder.invokeStatic(java.lang.Object, java.lang.Object, java.lang.Object, java.lang.Object, java.lang.Object)'> (0x0000000087643268) thrown at [./src/hotspot/share/interpreter/linkResolver.cpp, line 773]
Event: 5.616 Thread 0x000002929cccc800 Exception <a 'java/lang/NoSuchMethodError'{0x00000000871039f8}: 'void java.lang.invoke.DirectMethodHandle$Holder.invokeSpecial(java.lang.Object, java.lang.Object)'> (0x00000000871039f8) thrown at [./src/hotspot/share/interpreter/linkResolver.cpp, line 773]
Event: 5.684 Thread 0x000002929cccc800 Exception <a 'java/lang/NoSuchMethodError'{0x0000000086f405f8}: 'java.lang.Object java.lang.invoke.DirectMethodHandle$Holder.invokeSpecial(java.lang.Object, java.lang.Object, java.lang.Object, java.lang.Object, java.lang.Object, java.lang.Object, java.lang.Object, java.lang.Object, java.lang.Object)'> (0x0000000086f405f8) thrown at [./src/hotspot/share/interpreter/linkResolver.cpp, line 773]

Events (20 events):
Event: 5.700 loading class org/gradle/api/internal/artifacts/ivyservice/modulecache/artifacts/DefaultModuleArtifactsCache
Event: 5.700 loading class org/gradle/api/internal/artifacts/ivyservice/modulecache/artifacts/DefaultModuleArtifactsCache done
Event: 5.701 loading class org/gradle/api/internal/artifacts/ivyservice/modulecache/AbstractModuleMetadataCache
Event: 5.701 loading class org/gradle/api/internal/artifacts/ivyservice/modulecache/AbstractModuleMetadataCache done
Event: 5.702 loading class org/gradle/api/internal/artifacts/ivyservice/modulecache/ModuleMetadataCache
Event: 5.702 loading class org/gradle/api/internal/artifacts/ivyservice/modulecache/ModuleMetadataCache done
Event: 5.703 loading class org/gradle/api/internal/artifacts/ivyservice/modulecache/PersistentModuleMetadataCache
Event: 5.703 loading class org/gradle/api/internal/artifacts/ivyservice/modulecache/PersistentModuleMetadataCache done
Event: 5.704 loading class org/gradle/api/internal/artifacts/ivyservice/modulecache/dynamicversions/AbstractModuleVersionsCache
Event: 5.704 loading class org/gradle/api/internal/artifacts/ivyservice/modulecache/dynamicversions/AbstractModuleVersionsCache done
Event: 5.705 loading class org/gradle/api/internal/artifacts/ivyservice/modulecache/dynamicversions/ModuleVersionsCache
Event: 5.705 loading class org/gradle/api/internal/artifacts/ivyservice/modulecache/dynamicversions/ModuleVersionsCache done
Event: 5.706 loading class org/gradle/api/internal/artifacts/ivyservice/modulecache/dynamicversions/DefaultModuleVersionsCache
Event: 5.706 loading class org/gradle/api/internal/artifacts/ivyservice/modulecache/dynamicversions/DefaultModuleVersionsCache done
Event: 5.706 loading class org/gradle/api/internal/artifacts/component/ComponentIdentifierFactory
Event: 5.706 loading class org/gradle/api/internal/artifacts/component/ComponentIdentifierFactory done
Event: 5.707 loading class org/gradle/api/internal/artifacts/mvnsettings/LocalMavenRepositoryLocator
Event: 5.707 loading class org/gradle/api/internal/artifacts/mvnsettings/LocalMavenRepositoryLocator done
Event: 5.708 loading class org/gradle/internal/execution/steps/Step
Event: 5.708 loading class org/gradle/internal/execution/steps/Step done


Dynamic libraries:
0x00007ff65b120000 - 0x00007ff65b12a000 	D:\AndroidS\jre\bin\java.exe
0x00007ff842e00000 - 0x00007ff842ff0000 	C:\Windows\SYSTEM32\ntdll.dll
0x00007ff8419e0000 - 0x00007ff841a92000 	C:\Windows\System32\KERNEL32.DLL
0x00007ff840c00000 - 0x00007ff840ea5000 	C:\Windows\System32\KERNELBASE.dll
0x00007ff840ab0000 - 0x00007ff840baa000 	C:\Windows\System32\ucrtbase.dll
0x00007ff83c600000 - 0x00007ff83c619000 	D:\AndroidS\jre\bin\jli.dll
0x00007ff838110000 - 0x00007ff838127000 	D:\AndroidS\jre\bin\VCRUNTIME140.dll
0x00007ff841b90000 - 0x00007ff841d25000 	C:\Windows\System32\USER32.dll
0x00007ff840bb0000 - 0x00007ff840bd1000 	C:\Windows\System32\win32u.dll
0x00007ff842810000 - 0x00007ff842836000 	C:\Windows\System32\GDI32.dll
0x00007ff828750000 - 0x00007ff8289d4000 	C:\Windows\WinSxS\amd64_microsoft.windows.common-controls_6595b64144ccf1df_6.0.18362.1082_none_9e8193e1e45b25c1\COMCTL32.dll
0x00007ff840910000 - 0x00007ff840aa6000 	C:\Windows\System32\gdi32full.dll
0x00007ff840540000 - 0x00007ff8405de000 	C:\Windows\System32\msvcp_win.dll
0x00007ff842770000 - 0x00007ff84280e000 	C:\Windows\System32\msvcrt.dll
0x00007ff842a80000 - 0x00007ff842db5000 	C:\Windows\System32\combase.dll
0x00007ff841e90000 - 0x00007ff841fb0000 	C:\Windows\System32\RPCRT4.dll
0x00007ff8405e0000 - 0x00007ff840660000 	C:\Windows\System32\bcryptPrimitives.dll
0x00007ff841aa0000 - 0x00007ff841ace000 	C:\Windows\System32\IMM32.DLL
0x00007ff82d900000 - 0x00007ff82d99d000 	D:\AndroidS\jre\bin\msvcp140.dll
0x00007ff82c9a0000 - 0x00007ff82d46f000 	D:\AndroidS\jre\bin\server\jvm.dll
0x00007ff842840000 - 0x00007ff8428e3000 	C:\Windows\System32\ADVAPI32.dll
0x00007ff841fb0000 - 0x00007ff842047000 	C:\Windows\System32\sechost.dll
0x00007ff842050000 - 0x00007ff842058000 	C:\Windows\System32\PSAPI.DLL
0x00007ff83d5e0000 - 0x00007ff83d604000 	C:\Windows\SYSTEM32\WINMM.dll
0x00007ff8240c0000 - 0x00007ff8240c9000 	C:\Windows\SYSTEM32\WSOCK32.dll
0x00007ff841d50000 - 0x00007ff841dbf000 	C:\Windows\System32\WS2_32.dll
0x00007ff838d30000 - 0x00007ff838d3a000 	C:\Windows\SYSTEM32\VERSION.dll
0x00007ff83d5b0000 - 0x00007ff83d5dd000 	C:\Windows\SYSTEM32\WINMMBASE.dll
0x00007ff8406c0000 - 0x00007ff84070a000 	C:\Windows\System32\cfgmgr32.dll
0x00007ff83fcd0000 - 0x00007ff83fce1000 	C:\Windows\System32\kernel.appcore.dll
0x00007ff83c5b0000 - 0x00007ff83c5c1000 	D:\AndroidS\jre\bin\verify.dll
0x00007ff839810000 - 0x00007ff839a04000 	C:\Windows\SYSTEM32\DBGHELP.DLL
0x00007ff8281b0000 - 0x00007ff8281da000 	C:\Windows\SYSTEM32\dbgcore.DLL
0x00007ff83c530000 - 0x00007ff83c559000 	D:\AndroidS\jre\bin\java.dll
0x00007ff83c5e0000 - 0x00007ff83c5eb000 	D:\AndroidS\jre\bin\jimage.dll
0x00007ff83c590000 - 0x00007ff83c5a8000 	D:\AndroidS\jre\bin\zip.dll
0x00007ff841120000 - 0x00007ff841807000 	C:\Windows\System32\SHELL32.dll
0x00007ff842970000 - 0x00007ff842a19000 	C:\Windows\System32\shcore.dll
0x00007ff83fd90000 - 0x00007ff840510000 	C:\Windows\System32\windows.storage.dll
0x00007ff83fcf0000 - 0x00007ff83fd13000 	C:\Windows\System32\profapi.dll
0x00007ff83fd40000 - 0x00007ff83fd8a000 	C:\Windows\System32\powrprof.dll
0x00007ff83fcc0000 - 0x00007ff83fcd0000 	C:\Windows\System32\UMPDC.dll
0x00007ff842a20000 - 0x00007ff842a72000 	C:\Windows\System32\shlwapi.dll
0x00007ff840be0000 - 0x00007ff840bf7000 	C:\Windows\System32\cryptsp.dll
0x00007ff83c510000 - 0x00007ff83c52a000 	D:\AndroidS\jre\bin\net.dll
0x00007ff82beb0000 - 0x00007ff82bfa0000 	C:\Windows\SYSTEM32\WINHTTP.dll
0x00007ff83f510000 - 0x00007ff83f577000 	C:\Windows\system32\mswsock.dll
0x00007ff83b930000 - 0x00007ff83b944000 	D:\AndroidS\jre\bin\nio.dll
0x00007ff8380a0000 - 0x00007ff8380c7000 	C:\Users\EGAR\.gradle\native\8bec1ad78214c89d9ad589b4d07fe93259594b29d510b10fafb7a158f7737e5d\windows-amd64\native-platform.dll
0x00007ff822e70000 - 0x00007ff822fad000 	C:\Users\EGAR\.gradle\native\53dbd7edfb1c66fb8903c78663c9afc45aea4f116125fa6feffd364cf09443e8\windows-amd64\native-platform-file-events.dll
0x00007ff83c4f0000 - 0x00007ff83c4fa000 	D:\AndroidS\jre\bin\management.dll
0x00007ff83b920000 - 0x00007ff83b92c000 	D:\AndroidS\jre\bin\management_ext.dll
0x00007ff83f080000 - 0x00007ff83f0b3000 	C:\Windows\system32\rsaenh.dll
0x00007ff840510000 - 0x00007ff840536000 	C:\Windows\System32\bcrypt.dll
0x00007ff83fba0000 - 0x00007ff83fbc5000 	C:\Windows\SYSTEM32\USERENV.dll
0x00007ff83f6e0000 - 0x00007ff83f6ec000 	C:\Windows\SYSTEM32\CRYPTBASE.dll
0x00007ff83f220000 - 0x00007ff83f25a000 	C:\Windows\SYSTEM32\IPHLPAPI.DLL
0x00007ff8419d0000 - 0x00007ff8419d8000 	C:\Windows\System32\NSI.dll
0x00007ff838d10000 - 0x00007ff838d26000 	C:\Windows\SYSTEM32\dhcpcsvc6.DLL
0x00007ff838f70000 - 0x00007ff838f8c000 	C:\Windows\SYSTEM32\dhcpcsvc.DLL
0x00007ff83f260000 - 0x00007ff83f32b000 	C:\Windows\SYSTEM32\DNSAPI.dll

dbghelp: loaded successfully - version: 4.0.5 - missing functions: none
symbol engine: initialized successfully - sym options: 0x614 - pdb path: .;D:\AndroidS\jre\bin;C:\Windows\SYSTEM32;C:\Windows\WinSxS\amd64_microsoft.windows.common-controls_6595b64144ccf1df_6.0.18362.1082_none_9e8193e1e45b25c1;D:\AndroidS\jre\bin\server;C:\Users\EGAR\.gradle\native\8bec1ad78214c89d9ad589b4d07fe93259594b29d510b10fafb7a158f7737e5d\windows-amd64;C:\Users\EGAR\.gradle\native\53dbd7edfb1c66fb8903c78663c9afc45aea4f116125fa6feffd364cf09443e8\windows-amd64

VM Arguments:
jvm_args: --add-opens=java.base/java.util=ALL-UNNAMED --add-opens=java.base/java.lang=ALL-UNNAMED --add-opens=java.base/java.lang.invoke=ALL-UNNAMED --add-opens=java.base/java.util=ALL-UNNAMED --add-opens=java.prefs/java.util.prefs=ALL-UNNAMED --add-opens=java.prefs/java.util.prefs=ALL-UNNAMED --add-opens=java.base/java.nio.charset=ALL-UNNAMED --add-opens=java.base/java.net=ALL-UNNAMED --add-opens=java.base/java.util.concurrent.atomic=ALL-UNNAMED -Xmx2048m -Dfile.encoding=UTF-8 -Duser.country=ID -Duser.language=en -Duser.variant 
java_command: org.gradle.launcher.daemon.bootstrap.GradleDaemon 7.0.2
java_class_path (initial): C:\Users\EGAR\.gradle\wrapper\dists\gradle-7.0.2-bin\857tjihv64xamwrf0h14cai3r\gradle-7.0.2\lib\gradle-launcher-7.0.2.jar
Launcher Type: SUN_STANDARD

[Global flags]
     intx CICompilerCount                          = 3                                         {product} {ergonomic}
     uint ConcGCThreads                            = 1                                         {product} {ergonomic}
     uint G1ConcRefinementThreads                  = 4                                         {product} {ergonomic}
   size_t G1HeapRegionSize                         = 1048576                                   {product} {ergonomic}
    uintx GCDrainStackTargetSize                   = 64                                        {product} {ergonomic}
   size_t InitialHeapSize                          = 125829120                                 {product} {ergonomic}
   size_t MarkStackSize                            = 4194304                                   {product} {ergonomic}
   size_t MaxHeapSize                              = 2147483648                                {product} {command line}
   size_t MaxNewSize                               = 1287651328                                {product} {ergonomic}
   size_t MinHeapDeltaBytes                        = 1048576                                   {product} {ergonomic}
    uintx NonNMethodCodeHeapSize                   = 5830732                                {pd product} {ergonomic}
    uintx NonProfiledCodeHeapSize                  = 122913754                              {pd product} {ergonomic}
    uintx ProfiledCodeHeapSize                     = 122913754                              {pd product} {ergonomic}
    uintx ReservedCodeCacheSize                    = 251658240                              {pd product} {ergonomic}
     bool SegmentedCodeCache                       = true                                      {product} {ergonomic}
     bool UseCompressedClassPointers               = true                                 {lp64_product} {ergonomic}
     bool UseCompressedOops                        = true                                 {lp64_product} {ergonomic}
     bool UseG1GC                                  = true                                      {product} {ergonomic}
     bool UseLargePagesIndividualAllocation        = false                                  {pd product} {ergonomic}

Logging:
Log output configuration:
 #0: stdout all=warning uptime,level,tags
 #1: stderr all=off uptime,level,tags

Environment Variables:
PATH=C:\Program Files\Common Files\Oracle\Java\javapath;C:\Program Files (x86)\NVIDIA Corporation\PhysX\Common;C:\Program Files (x86)\Common Files\Intel\Shared Libraries\redist\intel64\compiler;C:\Windows\system32;C:\Windows;C:\Windows\System32\Wbem;C:\Windows\System32\WindowsPowerShell\v1.0\;C:\Windows\System32\OpenSSH\;C:\Program Files\Microsoft SQL Server\130\Tools\Binn\;C:\Program Files\Microsoft SQL Server\Client SDK\ODBC\170\Tools\Binn\;C:\Program Files\dotnet\;C:\Program Files\CodeBlocks\MinGW\bin;C:\Program Files\Java\jdk-17.0.1;C:\Program Files\nodejs\;C:\Program Files\Git\cmd;C:\Users\EGAR\anaconda3;C:\Users\EGAR\anaconda3\Library\mingw-w64\bin;C:\Users\EGAR\anaconda3\Library\usr\bin;C:\Users\EGAR\anaconda3\Library\bin;C:\Users\EGAR\anaconda3\Scripts;C:\Users\EGAR\AppData\Local\Programs\Python\Python38-32\Scripts\;C:\Users\EGAR\AppData\Local\Programs\Python\Python38-32\;C:\Program Files\platform-tools;C:\Users\EGAR\AppData\Local\Microsoft\WindowsApps;D:\Program FIles\Microsoft VS Code\bin;C:\Users\EGAR\.dotnet\tools;C:\Program Files\CodeBlocks\MinGW\bin;G:\Riot Games\VALORANT\live;C:\Users\EGAR\AppData\Roaming\npm;C:\Users\EGAR\AppData\Local\GitHubDesktop\bin;C:\Program Files\JetBrains\IntelliJ IDEA Community Edition 2021.3.2\bin;
USERNAME=EGAR
OS=Windows_NT
PROCESSOR_IDENTIFIER=AMD64 Family 21 Model 96 Stepping 1, AuthenticAMD



---------------  S Y S T E M  ---------------

OS: Windows 10 , 64 bit Build 18362 (10.0.18362.1082)
OS uptime: 0 days 8:42 hours

CPU:total 4 (initial active 4) (4 cores per cpu, 1 threads per core) family 21 model 96 stepping 1 microcode 0x0, cmov, cx8, fxsr, mmx, sse, sse2, sse3, ssse3, sse4.1, sse4.2, popcnt, avx, avx2, aes, clmul, mmxext, 3dnowpref, lzcnt, sse4a, tsc, tscinvbit, tscinv, bmi1, bmi2, fma

Memory: 4k page, system-wide physical 7628M (1526M free)
TotalPageFile size 7628M (AvailPageFile size 5M)
current process WorkingSet (physical memory assigned to process): 167M, peak: 167M
current process commit charge ("private bytes"): 240M, peak: 241M

vm_info: OpenJDK 64-Bit Server VM (11.0.10+0-b96-7249189) for windows-amd64 JRE (11.0.10+0-b96-7249189), built on Mar 31 2021 21:44:00 by "builder" with MS VC++ 14.0 (VS2015)

END.
