#
# There is insufficient memory for the Java Runtime Environment to continue.
# Native memory allocation (malloc) failed to allocate 1138736 bytes for Chunk::new
# Possible reasons:
#   The system is out of physical RAM or swap space
#   The process is running with CompressedOops enabled, and the Java Heap may be blocking the growth of the native heap
# Possible solutions:
#   Reduce memory load on the system
#   Increase physical memory or swap space
#   Check if swap backing store is full
#   Decrease Java heap size (-Xmx/-Xms)
#   Decrease number of Java threads
#   Decrease Java thread stack sizes (-Xss)
#   Set larger code cache with -XX:ReservedCodeCacheSize=
#   JVM is running with Unscaled Compressed Oops mode in which the Java heap is
#     placed in the first 4GB address space. The Java Heap base address is the
#     maximum limit for the native heap growth. Please use -XX:HeapBaseMinAddress
#     to set the Java Heap base and to place the Java Heap above 4GB virtual address.
# This output file may be truncated or incomplete.
#
#  Out of Memory Error (./src/hotspot/share/memory/arena.cpp:197), pid=2900, tid=3728
#
# JRE version: OpenJDK Runtime Environment (11.0.10) (build 11.0.10+0-b96-7249189)
# Java VM: OpenJDK 64-Bit Server VM (11.0.10+0-b96-7249189, mixed mode, tiered, compressed oops, g1 gc, windows-amd64)
# No core dump will be written. Minidumps are not enabled by default on client versions of Windows
#

---------------  S U M M A R Y ------------

Command Line: --add-opens=java.base/java.util=ALL-UNNAMED --add-opens=java.base/java.lang=ALL-UNNAMED --add-opens=java.base/java.lang.invoke=ALL-UNNAMED --add-opens=java.base/java.util=ALL-UNNAMED --add-opens=java.prefs/java.util.prefs=ALL-UNNAMED --add-opens=java.prefs/java.util.prefs=ALL-UNNAMED --add-opens=java.base/java.nio.charset=ALL-UNNAMED --add-opens=java.base/java.net=ALL-UNNAMED --add-opens=java.base/java.util.concurrent.atomic=ALL-UNNAMED -Xmx2048m -Dfile.encoding=UTF-8 -Duser.country=ID -Duser.language=en -Duser.variant org.gradle.launcher.daemon.bootstrap.GradleDaemon 7.0.2

Host: AMD A8-7680 Radeon R7, 10 Compute Cores 4C+6G  , 4 cores, 7G,  Windows 10 , 64 bit Build 18362 (10.0.18362.1082)
Time: Tue Apr 26 10:57:41 2022 SE Asia Standard Time elapsed time: 6.918512 seconds (0d 0h 0m 6s)

---------------  T H R E A D  ---------------

Current thread (0x000001acbfd85000):  JavaThread "C2 CompilerThread0" daemon [_thread_in_native, id=3728, stack(0x0000003606600000,0x0000003606700000)]


Current CompileTask:
C2:   6918 2052       4       java.net.URLClassLoader$1::run (5 bytes)

Stack: [0x0000003606600000,0x0000003606700000]
Native frames: (J=compiled Java code, j=interpreted, Vv=VM code, C=native code)
V  [jvm.dll+0x5ecfaa]
V  [jvm.dll+0x722bd5]
V  [jvm.dll+0x72412d]
V  [jvm.dll+0x7247e3]
V  [jvm.dll+0x242928]
V  [jvm.dll+0xbc4fc]
V  [jvm.dll+0xbca0c]
V  [jvm.dll+0x352d3b]
V  [jvm.dll+0x197e0c]
V  [jvm.dll+0x1fb70e]
V  [jvm.dll+0x1fa7f4]
V  [jvm.dll+0x18354c]
V  [jvm.dll+0x208ee7]
V  [jvm.dll+0x207731]
V  [jvm.dll+0x6eb1cf]
V  [jvm.dll+0x6e3d45]
V  [jvm.dll+0x5ebe96]
C  [ucrtbase.dll+0x20e82]
C  [KERNEL32.DLL+0x17bd4]
C  [ntdll.dll+0x6ce51]


---------------  P R O C E S S  ---------------

Threads class SMR info:
_java_thread_list=0x000001acc17306d0, length=24, elements={
0x000001aca619b800, 0x000001acbfd5d000, 0x000001acbfd67000, 0x000001acbfd7a800,
0x000001acbfd7b000, 0x000001acbfd7f800, 0x000001acbfd85000, 0x000001acbfd87800,
0x000001acbfd89800, 0x000001acc081f800, 0x000001acc15bd000, 0x000001acc1a72800,
0x000001acc2187800, 0x000001acc2864000, 0x000001acc1f0f000, 0x000001acc1f0e000,
0x000001acc1a81000, 0x000001acc214b000, 0x000001acc20fc800, 0x000001acc26ed800,
0x000001acc26ed000, 0x000001acc26eb800, 0x000001acc26ec000, 0x000001acc0a3f800
}

Java Threads: ( => current thread )
  0x000001aca619b800 JavaThread "main" [_thread_blocked, id=8984, stack(0x0000003605a00000,0x0000003605b00000)]
  0x000001acbfd5d000 JavaThread "Reference Handler" daemon [_thread_blocked, id=5684, stack(0x0000003606100000,0x0000003606200000)]
  0x000001acbfd67000 JavaThread "Finalizer" daemon [_thread_blocked, id=72, stack(0x0000003606200000,0x0000003606300000)]
  0x000001acbfd7a800 JavaThread "Signal Dispatcher" daemon [_thread_blocked, id=10124, stack(0x0000003606300000,0x0000003606400000)]
  0x000001acbfd7b000 JavaThread "Attach Listener" daemon [_thread_blocked, id=1636, stack(0x0000003606400000,0x0000003606500000)]
  0x000001acbfd7f800 JavaThread "Service Thread" daemon [_thread_blocked, id=8096, stack(0x0000003606500000,0x0000003606600000)]
=>0x000001acbfd85000 JavaThread "C2 CompilerThread0" daemon [_thread_in_native, id=3728, stack(0x0000003606600000,0x0000003606700000)]
  0x000001acbfd87800 JavaThread "C1 CompilerThread0" daemon [_thread_blocked, id=10284, stack(0x0000003606700000,0x0000003606800000)]
  0x000001acbfd89800 JavaThread "Sweeper thread" daemon [_thread_blocked, id=1780, stack(0x0000003606800000,0x0000003606900000)]
  0x000001acc081f800 JavaThread "Common-Cleaner" daemon [_thread_blocked, id=7320, stack(0x0000003606900000,0x0000003606a00000)]
  0x000001acc15bd000 JavaThread "Daemon health stats" [_thread_blocked, id=6460, stack(0x0000003606d00000,0x0000003606e00000)]
  0x000001acc1a72800 JavaThread "Incoming local TCP Connector on port 51118" [_thread_in_native, id=10224, stack(0x0000003606b00000,0x0000003606c00000)]
  0x000001acc2187800 JavaThread "Daemon periodic checks" [_thread_blocked, id=10172, stack(0x0000003606e00000,0x0000003606f00000)]
  0x000001acc2864000 JavaThread "Daemon" [_thread_blocked, id=2144, stack(0x0000003607100000,0x0000003607200000)]
  0x000001acc1f0f000 JavaThread "Handler for socket connection from /127.0.0.1:51118 to /127.0.0.1:51120" [_thread_in_native, id=7456, stack(0x0000003607200000,0x0000003607300000)]
  0x000001acc1f0e000 JavaThread "Cancel handler" [_thread_blocked, id=11240, stack(0x0000003607300000,0x0000003607400000)]
  0x000001acc1a81000 JavaThread "Daemon worker" [_thread_in_vm, id=8344, stack(0x0000003607400000,0x0000003607500000)]
  0x000001acc214b000 JavaThread "Asynchronous log dispatcher for DefaultDaemonConnection: socket connection from /127.0.0.1:51118 to /127.0.0.1:51120" [_thread_blocked, id=11116, stack(0x0000003607500000,0x0000003607600000)]
  0x000001acc20fc800 JavaThread "Stdin handler" [_thread_blocked, id=8028, stack(0x0000003607600000,0x0000003607700000)]
  0x000001acc26ed800 JavaThread "Daemon client event forwarder" [_thread_blocked, id=8904, stack(0x0000003607700000,0x0000003607800000)]
  0x000001acc26ed000 JavaThread "Cache worker for file hash cache (C:\Users\EGAR\.gradle\caches\7.0.2\fileHashes)" [_thread_blocked, id=3860, stack(0x0000003607800000,0x0000003607900000)]
  0x000001acc26eb800 JavaThread "File lock request listener" [_thread_in_native, id=9572, stack(0x0000003607900000,0x0000003607a00000)]
  0x000001acc26ec000 JavaThread "Cache worker for journal cache (C:\Users\EGAR\.gradle\caches\journal-1)" [_thread_blocked, id=1280, stack(0x0000003607a00000,0x0000003607b00000)]
  0x000001acc0a3f800 JavaThread "C2 CompilerThread1" daemon [_thread_blocked, id=3480, stack(0x0000003607b00000,0x0000003607c00000)]

Other Threads:
  0x000001acbfd58800 VMThread "VM Thread" [stack: 0x0000003606000000,0x0000003606100000] [id=10316]
  0x000001acc0889000 WatcherThread [stack: 0x0000003606a00000,0x0000003606b00000] [id=10116]
  0x000001aca61b6000 GCTaskThread "GC Thread#0" [stack: 0x0000003605b00000,0x0000003605c00000] [id=2228]
  0x000001acc1321000 GCTaskThread "GC Thread#1" [stack: 0x0000003606c00000,0x0000003606d00000] [id=10388]
  0x000001acc1cec000 GCTaskThread "GC Thread#2" [stack: 0x0000003606f00000,0x0000003607000000] [id=8780]
  0x000001acc205e000 GCTaskThread "GC Thread#3" [stack: 0x0000003607000000,0x0000003607100000] [id=7384]
  0x000001aca61e8000 ConcurrentGCThread "G1 Main Marker" [stack: 0x0000003605c00000,0x0000003605d00000] [id=9288]
  0x000001aca61e9000 ConcurrentGCThread "G1 Conc#0" [stack: 0x0000003605d00000,0x0000003605e00000] [id=2220]
  0x000001aca6267000 ConcurrentGCThread "G1 Refine#0" [stack: 0x0000003605e00000,0x0000003605f00000] [id=8456]
  0x000001aca6268000 ConcurrentGCThread "G1 Young RemSet Sampling" [stack: 0x0000003605f00000,0x0000003606000000] [id=2004]

Threads with active compile tasks:
C2 CompilerThread0   6967 2052       4       java.net.URLClassLoader$1::run (5 bytes)
C1 CompilerThread0   6967 2176       3       jdk.internal.reflect.NativeMethodAccessorImpl::invoke (104 bytes)

VM state:not at safepoint (normal execution)

VM Mutex/Monitor currently owned by a thread: None

Heap address: 0x0000000080000000, size: 2048 MB, Compressed Oops mode: 32-bit
Narrow klass base: 0x0000000000000000, Narrow klass shift: 3
Compressed class space size: 1073741824 Address: 0x0000000100000000

Heap:
 garbage-first heap   total 122880K, used 56493K [0x0000000080000000, 0x0000000100000000)
  region size 1024K, 42 young (43008K), 2 survivors (2048K)
 Metaspace       used 24674K, capacity 25217K, committed 25472K, reserved 1071104K
  class space    used 3190K, capacity 3387K, committed 3456K, reserved 1048576K
Heap Regions: E=young(eden), S=young(survivor), O=old, HS=humongous(starts), HC=humongous(continues), CS=collection set, F=free, A=archive, TAMS=top-at-mark-start (previous, next)
|   0|0x0000000080000000, 0x0000000080100000, 0x0000000080100000|100%| O|  |TAMS 0x0000000080100000, 0x0000000080000000| Untracked 
|   1|0x0000000080100000, 0x0000000080200000, 0x0000000080200000|100%| O|  |TAMS 0x0000000080200000, 0x0000000080100000| Untracked 
|   2|0x0000000080200000, 0x0000000080300000, 0x0000000080300000|100%| O|  |TAMS 0x0000000080300000, 0x0000000080200000| Untracked 
|   3|0x0000000080300000, 0x0000000080400000, 0x0000000080400000|100%|HS|  |TAMS 0x0000000080400000, 0x0000000080300000| Complete 
|   4|0x0000000080400000, 0x0000000080500000, 0x0000000080500000|100%|HC|  |TAMS 0x0000000080500000, 0x0000000080400000| Complete 
|   5|0x0000000080500000, 0x0000000080600000, 0x0000000080600000|100%|HC|  |TAMS 0x0000000080600000, 0x0000000080500000| Complete 
|   6|0x0000000080600000, 0x0000000080700000, 0x0000000080700000|100%| O|  |TAMS 0x0000000080700000, 0x0000000080600000| Untracked 
|   7|0x0000000080700000, 0x0000000080800000, 0x0000000080800000|100%| O|  |TAMS 0x0000000080800000, 0x0000000080700000| Untracked 
|   8|0x0000000080800000, 0x0000000080900000, 0x0000000080900000|100%| O|  |TAMS 0x0000000080900000, 0x0000000080800000| Untracked 
|   9|0x0000000080900000, 0x0000000080a00000, 0x0000000080a00000|100%| O|  |TAMS 0x0000000080a00000, 0x0000000080900000| Untracked 
|  10|0x0000000080a00000, 0x0000000080b00000, 0x0000000080b00000|100%| O|  |TAMS 0x0000000080b00000, 0x0000000080a00000| Untracked 
|  11|0x0000000080b00000, 0x0000000080c00000, 0x0000000080c00000|100%| O|  |TAMS 0x0000000080c00000, 0x0000000080b00000| Untracked 
|  12|0x0000000080c00000, 0x0000000080d00000, 0x0000000080d00000|100%| O|  |TAMS 0x0000000080d00000, 0x0000000080c00000| Untracked 
|  13|0x0000000080d00000, 0x0000000080e00000, 0x0000000080e00000|100%| O|  |TAMS 0x0000000080e00000, 0x0000000080d00000| Untracked 
|  14|0x0000000080e00000, 0x0000000080ec2a00, 0x0000000080f00000| 76%| O|  |TAMS 0x0000000080ec2a00, 0x0000000080e00000| Untracked 
|  15|0x0000000080f00000, 0x0000000080f00000, 0x0000000081000000|  0%| F|  |TAMS 0x0000000080f00000, 0x0000000080f00000| Untracked 
|  16|0x0000000081000000, 0x0000000081000000, 0x0000000081100000|  0%| F|  |TAMS 0x0000000081000000, 0x0000000081000000| Untracked 
|  17|0x0000000081100000, 0x0000000081100000, 0x0000000081200000|  0%| F|  |TAMS 0x0000000081100000, 0x0000000081100000| Untracked 
|  18|0x0000000081200000, 0x0000000081200000, 0x0000000081300000|  0%| F|  |TAMS 0x0000000081200000, 0x0000000081200000| Untracked 
|  19|0x0000000081300000, 0x0000000081300000, 0x0000000081400000|  0%| F|  |TAMS 0x0000000081300000, 0x0000000081300000| Untracked 
|  20|0x0000000081400000, 0x0000000081400000, 0x0000000081500000|  0%| F|  |TAMS 0x0000000081400000, 0x0000000081400000| Untracked 
|  21|0x0000000081500000, 0x0000000081500000, 0x0000000081600000|  0%| F|  |TAMS 0x0000000081500000, 0x0000000081500000| Untracked 
|  22|0x0000000081600000, 0x0000000081600000, 0x0000000081700000|  0%| F|  |TAMS 0x0000000081600000, 0x0000000081600000| Untracked 
|  23|0x0000000081700000, 0x0000000081700000, 0x0000000081800000|  0%| F|  |TAMS 0x0000000081700000, 0x0000000081700000| Untracked 
|  24|0x0000000081800000, 0x0000000081800000, 0x0000000081900000|  0%| F|  |TAMS 0x0000000081800000, 0x0000000081800000| Untracked 
|  25|0x0000000081900000, 0x0000000081900000, 0x0000000081a00000|  0%| F|  |TAMS 0x0000000081900000, 0x0000000081900000| Untracked 
|  26|0x0000000081a00000, 0x0000000081a00000, 0x0000000081b00000|  0%| F|  |TAMS 0x0000000081a00000, 0x0000000081a00000| Untracked 
|  27|0x0000000081b00000, 0x0000000081b00000, 0x0000000081c00000|  0%| F|  |TAMS 0x0000000081b00000, 0x0000000081b00000| Untracked 
|  28|0x0000000081c00000, 0x0000000081c00000, 0x0000000081d00000|  0%| F|  |TAMS 0x0000000081c00000, 0x0000000081c00000| Untracked 
|  29|0x0000000081d00000, 0x0000000081d00000, 0x0000000081e00000|  0%| F|  |TAMS 0x0000000081d00000, 0x0000000081d00000| Untracked 
|  30|0x0000000081e00000, 0x0000000081e00000, 0x0000000081f00000|  0%| F|  |TAMS 0x0000000081e00000, 0x0000000081e00000| Untracked 
|  31|0x0000000081f00000, 0x0000000081f00000, 0x0000000082000000|  0%| F|  |TAMS 0x0000000081f00000, 0x0000000081f00000| Untracked 
|  32|0x0000000082000000, 0x0000000082000000, 0x0000000082100000|  0%| F|  |TAMS 0x0000000082000000, 0x0000000082000000| Untracked 
|  33|0x0000000082100000, 0x0000000082100000, 0x0000000082200000|  0%| F|  |TAMS 0x0000000082100000, 0x0000000082100000| Untracked 
|  34|0x0000000082200000, 0x0000000082200000, 0x0000000082300000|  0%| F|  |TAMS 0x0000000082200000, 0x0000000082200000| Untracked 
|  35|0x0000000082300000, 0x0000000082300000, 0x0000000082400000|  0%| F|  |TAMS 0x0000000082300000, 0x0000000082300000| Untracked 
|  36|0x0000000082400000, 0x0000000082400000, 0x0000000082500000|  0%| F|  |TAMS 0x0000000082400000, 0x0000000082400000| Untracked 
|  37|0x0000000082500000, 0x0000000082500000, 0x0000000082600000|  0%| F|  |TAMS 0x0000000082500000, 0x0000000082500000| Untracked 
|  38|0x0000000082600000, 0x0000000082600000, 0x0000000082700000|  0%| F|  |TAMS 0x0000000082600000, 0x0000000082600000| Untracked 
|  39|0x0000000082700000, 0x0000000082700000, 0x0000000082800000|  0%| F|  |TAMS 0x0000000082700000, 0x0000000082700000| Untracked 
|  40|0x0000000082800000, 0x0000000082800000, 0x0000000082900000|  0%| F|  |TAMS 0x0000000082800000, 0x0000000082800000| Untracked 
|  41|0x0000000082900000, 0x0000000082900000, 0x0000000082a00000|  0%| F|  |TAMS 0x0000000082900000, 0x0000000082900000| Untracked 
|  42|0x0000000082a00000, 0x0000000082a00000, 0x0000000082b00000|  0%| F|  |TAMS 0x0000000082a00000, 0x0000000082a00000| Untracked 
|  43|0x0000000082b00000, 0x0000000082b00000, 0x0000000082c00000|  0%| F|  |TAMS 0x0000000082b00000, 0x0000000082b00000| Untracked 
|  44|0x0000000082c00000, 0x0000000082c00000, 0x0000000082d00000|  0%| F|  |TAMS 0x0000000082c00000, 0x0000000082c00000| Untracked 
|  45|0x0000000082d00000, 0x0000000082d00000, 0x0000000082e00000|  0%| F|  |TAMS 0x0000000082d00000, 0x0000000082d00000| Untracked 
|  46|0x0000000082e00000, 0x0000000082e00000, 0x0000000082f00000|  0%| F|  |TAMS 0x0000000082e00000, 0x0000000082e00000| Untracked 
|  47|0x0000000082f00000, 0x0000000082f00000, 0x0000000083000000|  0%| F|  |TAMS 0x0000000082f00000, 0x0000000082f00000| Untracked 
|  48|0x0000000083000000, 0x0000000083000000, 0x0000000083100000|  0%| F|  |TAMS 0x0000000083000000, 0x0000000083000000| Untracked 
|  49|0x0000000083100000, 0x0000000083100000, 0x0000000083200000|  0%| F|  |TAMS 0x0000000083100000, 0x0000000083100000| Untracked 
|  50|0x0000000083200000, 0x0000000083200000, 0x0000000083300000|  0%| F|  |TAMS 0x0000000083200000, 0x0000000083200000| Untracked 
|  51|0x0000000083300000, 0x0000000083300000, 0x0000000083400000|  0%| F|  |TAMS 0x0000000083300000, 0x0000000083300000| Untracked 
|  52|0x0000000083400000, 0x0000000083400000, 0x0000000083500000|  0%| F|  |TAMS 0x0000000083400000, 0x0000000083400000| Untracked 
|  53|0x0000000083500000, 0x0000000083500000, 0x0000000083600000|  0%| F|  |TAMS 0x0000000083500000, 0x0000000083500000| Untracked 
|  54|0x0000000083600000, 0x0000000083600000, 0x0000000083700000|  0%| F|  |TAMS 0x0000000083600000, 0x0000000083600000| Untracked 
|  55|0x0000000083700000, 0x0000000083700000, 0x0000000083800000|  0%| F|  |TAMS 0x0000000083700000, 0x0000000083700000| Untracked 
|  56|0x0000000083800000, 0x0000000083800000, 0x0000000083900000|  0%| F|  |TAMS 0x0000000083800000, 0x0000000083800000| Untracked 
|  57|0x0000000083900000, 0x0000000083900000, 0x0000000083a00000|  0%| F|  |TAMS 0x0000000083900000, 0x0000000083900000| Untracked 
|  58|0x0000000083a00000, 0x0000000083a00000, 0x0000000083b00000|  0%| F|  |TAMS 0x0000000083a00000, 0x0000000083a00000| Untracked 
|  59|0x0000000083b00000, 0x0000000083b00000, 0x0000000083c00000|  0%| F|  |TAMS 0x0000000083b00000, 0x0000000083b00000| Untracked 
|  60|0x0000000083c00000, 0x0000000083c00000, 0x0000000083d00000|  0%| F|  |TAMS 0x0000000083c00000, 0x0000000083c00000| Untracked 
|  61|0x0000000083d00000, 0x0000000083d00000, 0x0000000083e00000|  0%| F|  |TAMS 0x0000000083d00000, 0x0000000083d00000| Untracked 
|  62|0x0000000083e00000, 0x0000000083e00000, 0x0000000083f00000|  0%| F|  |TAMS 0x0000000083e00000, 0x0000000083e00000| Untracked 
|  63|0x0000000083f00000, 0x0000000083f00000, 0x0000000084000000|  0%| F|  |TAMS 0x0000000083f00000, 0x0000000083f00000| Untracked 
|  64|0x0000000084000000, 0x0000000084000000, 0x0000000084100000|  0%| F|  |TAMS 0x0000000084000000, 0x0000000084000000| Untracked 
|  65|0x0000000084100000, 0x0000000084100000, 0x0000000084200000|  0%| F|  |TAMS 0x0000000084100000, 0x0000000084100000| Untracked 
|  66|0x0000000084200000, 0x0000000084200000, 0x0000000084300000|  0%| F|  |TAMS 0x0000000084200000, 0x0000000084200000| Untracked 
|  67|0x0000000084300000, 0x0000000084300000, 0x0000000084400000|  0%| F|  |TAMS 0x0000000084300000, 0x0000000084300000| Untracked 
|  68|0x0000000084400000, 0x0000000084400000, 0x0000000084500000|  0%| F|  |TAMS 0x0000000084400000, 0x0000000084400000| Untracked 
|  69|0x0000000084500000, 0x0000000084500000, 0x0000000084600000|  0%| F|  |TAMS 0x0000000084500000, 0x0000000084500000| Untracked 
|  70|0x0000000084600000, 0x0000000084600000, 0x0000000084700000|  0%| F|  |TAMS 0x0000000084600000, 0x0000000084600000| Untracked 
|  71|0x0000000084700000, 0x0000000084700000, 0x0000000084800000|  0%| F|  |TAMS 0x0000000084700000, 0x0000000084700000| Untracked 
|  72|0x0000000084800000, 0x0000000084800000, 0x0000000084900000|  0%| F|  |TAMS 0x0000000084800000, 0x0000000084800000| Untracked 
|  73|0x0000000084900000, 0x0000000084900000, 0x0000000084a00000|  0%| F|  |TAMS 0x0000000084900000, 0x0000000084900000| Untracked 
|  74|0x0000000084a00000, 0x0000000084a00000, 0x0000000084b00000|  0%| F|  |TAMS 0x0000000084a00000, 0x0000000084a00000| Untracked 
|  75|0x0000000084b00000, 0x0000000084b00000, 0x0000000084c00000|  0%| F|  |TAMS 0x0000000084b00000, 0x0000000084b00000| Untracked 
|  76|0x0000000084c00000, 0x0000000084c00000, 0x0000000084d00000|  0%| F|  |TAMS 0x0000000084c00000, 0x0000000084c00000| Untracked 
|  77|0x0000000084d00000, 0x0000000084d00000, 0x0000000084e00000|  0%| F|  |TAMS 0x0000000084d00000, 0x0000000084d00000| Untracked 
|  78|0x0000000084e00000, 0x0000000084f00000, 0x0000000084f00000|100%| E|  |TAMS 0x0000000084e00000, 0x0000000084e00000| Complete 
|  79|0x0000000084f00000, 0x0000000085000000, 0x0000000085000000|100%| E|CS|TAMS 0x0000000084f00000, 0x0000000084f00000| Complete 
|  80|0x0000000085000000, 0x0000000085100000, 0x0000000085100000|100%| E|CS|TAMS 0x0000000085000000, 0x0000000085000000| Complete 
|  81|0x0000000085100000, 0x0000000085200000, 0x0000000085200000|100%| E|CS|TAMS 0x0000000085100000, 0x0000000085100000| Complete 
|  82|0x0000000085200000, 0x0000000085300000, 0x0000000085300000|100%| E|CS|TAMS 0x0000000085200000, 0x0000000085200000| Complete 
|  83|0x0000000085300000, 0x0000000085400000, 0x0000000085400000|100%| E|CS|TAMS 0x0000000085300000, 0x0000000085300000| Complete 
|  84|0x0000000085400000, 0x0000000085500000, 0x0000000085500000|100%| E|CS|TAMS 0x0000000085400000, 0x0000000085400000| Complete 
|  85|0x0000000085500000, 0x0000000085600000, 0x0000000085600000|100%| E|CS|TAMS 0x0000000085500000, 0x0000000085500000| Complete 
|  86|0x0000000085600000, 0x0000000085700000, 0x0000000085700000|100%| E|CS|TAMS 0x0000000085600000, 0x0000000085600000| Complete 
|  87|0x0000000085700000, 0x0000000085800000, 0x0000000085800000|100%| E|CS|TAMS 0x0000000085700000, 0x0000000085700000| Complete 
|  88|0x0000000085800000, 0x0000000085900000, 0x0000000085900000|100%| E|CS|TAMS 0x0000000085800000, 0x0000000085800000| Complete 
|  89|0x0000000085900000, 0x0000000085a00000, 0x0000000085a00000|100%| E|CS|TAMS 0x0000000085900000, 0x0000000085900000| Complete 
|  90|0x0000000085a00000, 0x0000000085b00000, 0x0000000085b00000|100%| E|CS|TAMS 0x0000000085a00000, 0x0000000085a00000| Complete 
|  91|0x0000000085b00000, 0x0000000085c00000, 0x0000000085c00000|100%| E|CS|TAMS 0x0000000085b00000, 0x0000000085b00000| Complete 
|  92|0x0000000085c00000, 0x0000000085d00000, 0x0000000085d00000|100%| E|CS|TAMS 0x0000000085c00000, 0x0000000085c00000| Complete 
|  93|0x0000000085d00000, 0x0000000085e00000, 0x0000000085e00000|100%| E|CS|TAMS 0x0000000085d00000, 0x0000000085d00000| Complete 
|  94|0x0000000085e00000, 0x0000000085f00000, 0x0000000085f00000|100%| E|CS|TAMS 0x0000000085e00000, 0x0000000085e00000| Complete 
|  95|0x0000000085f00000, 0x0000000086000000, 0x0000000086000000|100%| E|CS|TAMS 0x0000000085f00000, 0x0000000085f00000| Complete 
|  96|0x0000000086000000, 0x0000000086100000, 0x0000000086100000|100%| E|CS|TAMS 0x0000000086000000, 0x0000000086000000| Complete 
|  97|0x0000000086100000, 0x0000000086200000, 0x0000000086200000|100%| E|CS|TAMS 0x0000000086100000, 0x0000000086100000| Complete 
|  98|0x0000000086200000, 0x0000000086300000, 0x0000000086300000|100%| E|CS|TAMS 0x0000000086200000, 0x0000000086200000| Complete 
|  99|0x0000000086300000, 0x0000000086400000, 0x0000000086400000|100%| E|CS|TAMS 0x0000000086300000, 0x0000000086300000| Complete 
| 100|0x0000000086400000, 0x0000000086500000, 0x0000000086500000|100%| E|CS|TAMS 0x0000000086400000, 0x0000000086400000| Complete 
| 101|0x0000000086500000, 0x0000000086600000, 0x0000000086600000|100%| E|CS|TAMS 0x0000000086500000, 0x0000000086500000| Complete 
| 102|0x0000000086600000, 0x0000000086700000, 0x0000000086700000|100%| E|CS|TAMS 0x0000000086600000, 0x0000000086600000| Complete 
| 103|0x0000000086700000, 0x0000000086800000, 0x0000000086800000|100%| E|CS|TAMS 0x0000000086700000, 0x0000000086700000| Complete 
| 104|0x0000000086800000, 0x0000000086900000, 0x0000000086900000|100%| E|CS|TAMS 0x0000000086800000, 0x0000000086800000| Complete 
| 105|0x0000000086900000, 0x0000000086a00000, 0x0000000086a00000|100%| E|CS|TAMS 0x0000000086900000, 0x0000000086900000| Complete 
| 106|0x0000000086a00000, 0x0000000086b00000, 0x0000000086b00000|100%| E|CS|TAMS 0x0000000086a00000, 0x0000000086a00000| Complete 
| 107|0x0000000086b00000, 0x0000000086c00000, 0x0000000086c00000|100%| E|CS|TAMS 0x0000000086b00000, 0x0000000086b00000| Complete 
| 108|0x0000000086c00000, 0x0000000086d00000, 0x0000000086d00000|100%| E|CS|TAMS 0x0000000086c00000, 0x0000000086c00000| Complete 
| 109|0x0000000086d00000, 0x0000000086e00000, 0x0000000086e00000|100%| E|CS|TAMS 0x0000000086d00000, 0x0000000086d00000| Complete 
| 110|0x0000000086e00000, 0x0000000086f00000, 0x0000000086f00000|100%| E|CS|TAMS 0x0000000086e00000, 0x0000000086e00000| Complete 
| 111|0x0000000086f00000, 0x0000000087000000, 0x0000000087000000|100%| E|CS|TAMS 0x0000000086f00000, 0x0000000086f00000| Complete 
| 112|0x0000000087000000, 0x0000000087100000, 0x0000000087100000|100%| E|CS|TAMS 0x0000000087000000, 0x0000000087000000| Complete 
| 113|0x0000000087100000, 0x0000000087200000, 0x0000000087200000|100%| E|CS|TAMS 0x0000000087100000, 0x0000000087100000| Complete 
| 114|0x0000000087200000, 0x0000000087300000, 0x0000000087300000|100%| E|CS|TAMS 0x0000000087200000, 0x0000000087200000| Complete 
| 115|0x0000000087300000, 0x0000000087400000, 0x0000000087400000|100%| E|CS|TAMS 0x0000000087300000, 0x0000000087300000| Complete 
| 116|0x0000000087400000, 0x0000000087500000, 0x0000000087500000|100%| E|CS|TAMS 0x0000000087400000, 0x0000000087400000| Complete 
| 117|0x0000000087500000, 0x0000000087568b00, 0x0000000087600000| 40%| S|CS|TAMS 0x0000000087500000, 0x0000000087500000| Complete 
| 118|0x0000000087600000, 0x0000000087700000, 0x0000000087700000|100%| S|CS|TAMS 0x0000000087600000, 0x0000000087600000| Complete 
| 119|0x0000000087700000, 0x0000000087800000, 0x0000000087800000|100%| E|CS|TAMS 0x0000000087700000, 0x0000000087700000| Complete 

Card table byte_map: [0x000001acb9080000,0x000001acb9480000] _byte_map_base: 0x000001acb8c80000

Marking Bits (Prev, Next): (CMBitMap*) 0x000001aca61df030, (CMBitMap*) 0x000001aca61deff8
 Prev Bits: [0x000001acbb880000, 0x000001acbd880000)
 Next Bits: [0x000001acb9880000, 0x000001acbb880000)

Polling page: 0x000001aca4050000

Metaspace:

Usage:
  Non-class:     21.38 MB capacity,    21.03 MB ( 98%) used,   307.76 KB (  1%) free+waste,    46.88 KB ( <1%) overhead. 
      Class:      3.31 MB capacity,     3.12 MB ( 94%) used,   168.59 KB (  5%) free+waste,    23.69 KB ( <1%) overhead. 
       Both:     24.69 MB capacity,    24.15 MB ( 98%) used,   476.35 KB (  2%) free+waste,    70.56 KB ( <1%) overhead. 

Virtual space:
  Non-class space:       22.00 MB reserved,      21.50 MB ( 98%) committed 
      Class space:        1.00 GB reserved,       3.38 MB ( <1%) committed 
             Both:        1.02 GB reserved,      24.88 MB (  2%) committed 

Chunk freelists:
   Non-Class:  58.00 KB
       Class:  5.00 KB
        Both:  63.00 KB

MaxMetaspaceSize: 17179869184.00 GB
CompressedClassSpaceSize: 1.00 GB

CodeHeap 'non-profiled nmethods': size=120064Kb used=1030Kb max_used=1030Kb free=119033Kb
 bounds [0x000001acb1740000, 0x000001acb19b0000, 0x000001acb8c80000]
CodeHeap 'profiled nmethods': size=120000Kb used=4673Kb max_used=4673Kb free=115326Kb
 bounds [0x000001acaa210000, 0x000001acaa6b0000, 0x000001acb1740000]
CodeHeap 'non-nmethods': size=5696Kb used=1151Kb max_used=1174Kb free=4544Kb
 bounds [0x000001aca9c80000, 0x000001aca9ef0000, 0x000001acaa210000]
 total_blobs=2665 nmethods=2173 adapters=404
 compilation: enabled
              stopped_count=0, restarted_count=0
 full_count=0

Compilation events (20 events):
Event: 6.848 Thread 0x000001acbfd87800 nmethod 2156 0x000001acaa692010 code [0x000001acaa6921e0, 0x000001acaa692448]
Event: 6.848 Thread 0x000001acbfd87800 2157       3       com.google.common.base.Splitter$1$1::<init> (12 bytes)
Event: 6.848 Thread 0x000001acbfd87800 nmethod 2157 0x000001acaa692590 code [0x000001acaa692740, 0x000001acaa6928c8]
Event: 6.848 Thread 0x000001acbfd87800 2158       3       com.google.common.base.Splitter$SplittingIterator::<init> (39 bytes)
Event: 6.849 Thread 0x000001acbfd87800 nmethod 2158 0x000001acaa692990 code [0x000001acaa692b60, 0x000001acaa692e98]
Event: 6.852 Thread 0x000001acc0a3f800 nmethod 2145 0x000001acb183db90 code [0x000001acb183dd60, 0x000001acb183df88]
Event: 6.852 Thread 0x000001acc0a3f800 2159 %     4       sun.nio.cs.UTF_8$Decoder::decodeArrayLoop @ 73 (691 bytes)
Event: 6.874 Thread 0x000001acbfd87800 2161       3       sun.reflect.generics.parser.SignatureParser::parseClassTypeSignature (118 bytes)
Event: 6.876 Thread 0x000001acbfd87800 nmethod 2161 0x000001acaa692f90 code [0x000001acaa6933a0, 0x000001acaa694c38]
Event: 6.876 Thread 0x000001acbfd87800 2162       3       sun.reflect.generics.visitor.Reifier::make (9 bytes)
Event: 6.877 Thread 0x000001acbfd87800 nmethod 2162 0x000001acaa695590 code [0x000001acaa695760, 0x000001acaa6959b8]
Event: 6.891 Thread 0x000001acbfd87800 2163       3       org.gradle.internal.service.DefaultServiceRegistry::access$1300 (4 bytes)
Event: 6.891 Thread 0x000001acbfd87800 nmethod 2163 0x000001acaa695a90 code [0x000001acaa695c40, 0x000001acaa695d38]
Event: 6.896 Thread 0x000001acbfd87800 2165       3       java.util.concurrent.ConcurrentLinkedQueue::offer (120 bytes)
Event: 6.899 Thread 0x000001acbfd87800 nmethod 2165 0x000001acaa695e10 code [0x000001acaa696200, 0x000001acaa697cb8]
Event: 6.899 Thread 0x000001acbfd87800 2164       3       java.util.concurrent.ConcurrentLinkedQueue::add (6 bytes)
Event: 6.900 Thread 0x000001acbfd87800 nmethod 2164 0x000001acaa698590 code [0x000001acaa698740, 0x000001acaa698888]
Event: 6.909 Thread 0x000001acc0a3f800 nmethod 2159% 0x000001acb183e210 code [0x000001acb183e520, 0x000001acb183fb10]
Event: 6.909 Thread 0x000001acc0a3f800 2077       4       java.security.CodeSource::getCertificates (98 bytes)
Event: 6.910 Thread 0x000001acc0a3f800 nmethod 2077 0x000001acb1840d90 code [0x000001acb1840f20, 0x000001acb1840fb8]

GC Heap History (8 events):
Event: 0.934 GC heap before
{Heap before GC invocations=0 (full 0):
 garbage-first heap   total 122880K, used 19456K [0x0000000080000000, 0x0000000100000000)
  region size 1024K, 14 young (14336K), 0 survivors (0K)
 Metaspace       used 6739K, capacity 6925K, committed 7168K, reserved 1056768K
  class space    used 582K, capacity 650K, committed 768K, reserved 1048576K
}
Event: 0.944 GC heap after
{Heap after GC invocations=1 (full 0):
 garbage-first heap   total 122880K, used 8087K [0x0000000080000000, 0x0000000100000000)
  region size 1024K, 2 young (2048K), 2 survivors (2048K)
 Metaspace       used 6739K, capacity 6925K, committed 7168K, reserved 1056768K
  class space    used 582K, capacity 650K, committed 768K, reserved 1048576K
}
Event: 4.708 GC heap before
{Heap before GC invocations=1 (full 0):
 garbage-first heap   total 122880K, used 79767K [0x0000000080000000, 0x0000000100000000)
  region size 1024K, 72 young (73728K), 2 survivors (2048K)
 Metaspace       used 16236K, capacity 16647K, committed 16896K, reserved 1064960K
  class space    used 1862K, capacity 2001K, committed 2048K, reserved 1048576K
}
Event: 4.722 GC heap after
{Heap after GC invocations=2 (full 0):
 garbage-first heap   total 122880K, used 15113K [0x0000000080000000, 0x0000000100000000)
  region size 1024K, 9 young (9216K), 9 survivors (9216K)
 Metaspace       used 16236K, capacity 16647K, committed 16896K, reserved 1064960K
  class space    used 1862K, capacity 2001K, committed 2048K, reserved 1048576K
}
Event: 5.818 GC heap before
{Heap before GC invocations=2 (full 0):
 garbage-first heap   total 122880K, used 48905K [0x0000000080000000, 0x0000000100000000)
  region size 1024K, 42 young (43008K), 9 survivors (9216K)
 Metaspace       used 20635K, capacity 21125K, committed 21248K, reserved 1067008K
  class space    used 2522K, capacity 2721K, committed 2816K, reserved 1048576K
}
Event: 5.831 GC heap after
{Heap after GC invocations=3 (full 0):
 garbage-first heap   total 122880K, used 16924K [0x0000000080000000, 0x0000000100000000)
  region size 1024K, 2 young (2048K), 2 survivors (2048K)
 Metaspace       used 20635K, capacity 21125K, committed 21248K, reserved 1067008K
  class space    used 2522K, capacity 2721K, committed 2816K, reserved 1048576K
}
Event: 5.838 GC heap before
{Heap before GC invocations=3 (full 0):
 garbage-first heap   total 122880K, used 16924K [0x0000000080000000, 0x0000000100000000)
  region size 1024K, 3 young (3072K), 2 survivors (2048K)
 Metaspace       used 20648K, capacity 21125K, committed 21248K, reserved 1067008K
  class space    used 2525K, capacity 2721K, committed 2816K, reserved 1048576K
}
Event: 5.842 GC heap after
{Heap after GC invocations=4 (full 0):
 garbage-first heap   total 122880K, used 16557K [0x0000000080000000, 0x0000000100000000)
  region size 1024K, 2 young (2048K), 2 survivors (2048K)
 Metaspace       used 20648K, capacity 21125K, committed 21248K, reserved 1067008K
  class space    used 2525K, capacity 2721K, committed 2816K, reserved 1048576K
}

Deoptimization events (20 events):
Event: 6.056 Thread 0x000001acc1a81000 Uncommon trap: trap_request=0xffffff4d fr.pc=0x000001acb17b0908 relative=0x0000000000000ae8
Event: 6.056 Thread 0x000001acc1a81000 Uncommon trap: reason=unstable_if action=reinterpret pc=0x000001acb17b0908 method=java.util.Properties$LineReader.readLine()I @ 249 c2
Event: 6.056 Thread 0x000001acc1a81000 DEOPT PACKING pc=0x000001acb17b0908 sp=0x00000036074fc130
Event: 6.056 Thread 0x000001acc1a81000 DEOPT UNPACKING pc=0x000001aca9ca73af sp=0x00000036074fc0d0 mode 2
Event: 6.451 Thread 0x000001acc1a81000 Uncommon trap: trap_request=0xffffff4d fr.pc=0x000001acb182b6d0 relative=0x0000000000000190
Event: 6.451 Thread 0x000001acc1a81000 Uncommon trap: reason=unstable_if action=reinterpret pc=0x000001acb182b6d0 method=java.util.HashMap.getNode(ILjava/lang/Object;)Ljava/util/HashMap$Node; @ 129 c2
Event: 6.451 Thread 0x000001acc1a81000 DEOPT PACKING pc=0x000001acb182b6d0 sp=0x00000036074fcf60
Event: 6.452 Thread 0x000001acc1a81000 DEOPT UNPACKING pc=0x000001aca9ca73af sp=0x00000036074fce70 mode 2
Event: 6.452 Thread 0x000001acc1a81000 Uncommon trap: trap_request=0xffffffc6 fr.pc=0x000001acb180d88c relative=0x000000000000078c
Event: 6.452 Thread 0x000001acc1a81000 Uncommon trap: reason=bimorphic_or_optimized_type_check action=maybe_recompile pc=0x000001acb180d88c method=java.util.HashMap.putVal(ILjava/lang/Object;Ljava/lang/Object;ZZ)Ljava/lang/Object; @ 203 c2
Event: 6.452 Thread 0x000001acc1a81000 DEOPT PACKING pc=0x000001acb180d88c sp=0x00000036074fcec0
Event: 6.452 Thread 0x000001acc1a81000 DEOPT UNPACKING pc=0x000001aca9ca73af sp=0x00000036074fce50 mode 2
Event: 6.474 Thread 0x000001acc1a81000 Uncommon trap: trap_request=0xffffff4d fr.pc=0x000001acb17b6454 relative=0x0000000000000094
Event: 6.474 Thread 0x000001acc1a81000 Uncommon trap: reason=unstable_if action=reinterpret pc=0x000001acb17b6454 method=java.util.LinkedHashMap.afterNodeInsertion(Z)V @ 1 c2
Event: 6.474 Thread 0x000001acc1a81000 DEOPT PACKING pc=0x000001acb17b6454 sp=0x00000036074fcb90
Event: 6.474 Thread 0x000001acc1a81000 DEOPT UNPACKING pc=0x000001aca9ca73af sp=0x00000036074fcb20 mode 2
Event: 6.479 Thread 0x000001acc1a81000 Uncommon trap: trap_request=0xffffff4d fr.pc=0x000001acb1795b34 relative=0x0000000000000274
Event: 6.479 Thread 0x000001acc1a81000 Uncommon trap: reason=unstable_if action=reinterpret pc=0x000001acb1795b34 method=java.util.concurrent.ConcurrentHashMap.get(Ljava/lang/Object;)Ljava/lang/Object; @ 152 c2
Event: 6.479 Thread 0x000001acc1a81000 DEOPT PACKING pc=0x000001acb1795b34 sp=0x00000036074facb0
Event: 6.479 Thread 0x000001acc1a81000 DEOPT UNPACKING pc=0x000001aca9ca73af sp=0x00000036074fac18 mode 2

Classes redefined (0 events):
No events

Internal exceptions (20 events):
Event: 5.027 Thread 0x000001acc1a81000 Exception <a 'java/lang/NoSuchMethodError'{0x00000000873b0010}: 'long java.lang.invoke.DirectMethodHandle$Holder.invokeInterface(java.lang.Object, java.lang.Object)'> (0x00000000873b0010) thrown at [./src/hotspot/share/interpreter/linkResolver.cpp, line 773]
Event: 5.033 Thread 0x000001acc1a81000 Exception <a 'java/lang/NoSuchMethodError'{0x00000000873d2f20}: 'void java.lang.invoke.DelegatingMethodHandle$Holder.reinvoke_L(java.lang.Object, java.lang.Object, java.lang.Object, java.lang.Object, java.lang.Object, java.lang.Object, java.lang.Object)'> (0x00000000873d2f20) thrown at [./src/hotspot/share/interpreter/linkResolver.cpp, line 773]
Event: 5.452 Thread 0x000001acc1a81000 Exception <a 'java/lang/NoSuchMethodError'{0x00000000863eb568}: 'java.lang.Object java.lang.invoke.DirectMethodHandle$Holder.invokeVirtual(java.lang.Object, java.lang.Object, java.lang.Object)'> (0x00000000863eb568) thrown at [./src/hotspot/share/interpreter/linkResolver.cpp, line 773]
Event: 5.540 Thread 0x000001acc1a81000 Exception <a 'java/lang/NoSuchMethodError'{0x0000000085f8ed28}: 'void java.lang.invoke.DirectMethodHandle$Holder.invokeInterface(java.lang.Object, java.lang.Object)'> (0x0000000085f8ed28) thrown at [./src/hotspot/share/interpreter/linkResolver.cpp, line 773]
Event: 5.540 Thread 0x000001acc1a81000 Exception <a 'java/lang/IncompatibleClassChangeError'{0x0000000085f91ed8}: Found class java.lang.Object, but interface was expected> (0x0000000085f91ed8) thrown at [./src/hotspot/share/interpreter/linkResolver.cpp, line 839]
Event: 5.573 Thread 0x000001acc1a81000 Exception <a 'java/lang/NoSuchMethodError'{0x0000000085d06df8}: 'void java.lang.invoke.DirectMethodHandle$Holder.invokeStaticInit(java.lang.Object)'> (0x0000000085d06df8) thrown at [./src/hotspot/share/interpreter/linkResolver.cpp, line 773]
Event: 5.654 Thread 0x000001acc1a81000 Exception <a 'java/lang/NoSuchMethodError'{0x0000000085ba4b50}: 'java.lang.Object java.lang.invoke.DirectMethodHandle$Holder.invokeStatic(java.lang.Object, java.lang.Object, java.lang.Object, int)'> (0x0000000085ba4b50) thrown at [./src/hotspot/share/interpreter/linkResolver.cpp, line 773]
Event: 5.654 Thread 0x000001acc1a81000 Exception <a 'java/lang/NoSuchMethodError'{0x0000000085ba8d18}: 'java.lang.Object java.lang.invoke.DirectMethodHandle$Holder.invokeSpecial(java.lang.Object, java.lang.Object, java.lang.Object, java.lang.Object, int)'> (0x0000000085ba8d18) thrown at [./src/hotspot/share/interpreter/linkResolver.cpp, line 773]
Event: 5.655 Thread 0x000001acc1a81000 Exception <a 'java/lang/NoSuchMethodError'{0x0000000085bac700}: 'java.lang.Object java.lang.invoke.Invokers$Holder.linkToTargetMethod(java.lang.Object, java.lang.Object, int, java.lang.Object)'> (0x0000000085bac700) thrown at [./src/hotspot/share/interpreter/linkResolver.cpp, line 773]
Event: 5.844 Thread 0x000001acc1a81000 Exception <a 'java/lang/NoSuchMethodError'{0x000000008773c308}: 'int java.lang.invoke.DirectMethodHandle$Holder.invokeSpecialIFC(java.lang.Object, java.lang.Object, java.lang.Object, java.lang.Object)'> (0x000000008773c308) thrown at [./src/hotspot/share/interpreter/linkResolver.cpp, line 773]
Event: 5.858 Thread 0x000001acc1a81000 Exception <a 'java/lang/NoSuchMethodError'{0x000000008774a0f8}: 'java.lang.Object java.lang.invoke.DirectMethodHandle$Holder.invokeInterface(java.lang.Object, java.lang.Object, java.lang.Object)'> (0x000000008774a0f8) thrown at [./src/hotspot/share/interpreter/linkResolver.cpp, line 773]
Event: 5.859 Thread 0x000001acc1a81000 Exception <a 'java/lang/IncompatibleClassChangeError'{0x000000008774d5d0}: Found class java.lang.Object, but interface was expected> (0x000000008774d5d0) thrown at [./src/hotspot/share/interpreter/linkResolver.cpp, line 839]
Event: 5.894 Thread 0x000001acc1a81000 Exception <a 'java/lang/NoSuchMethodError'{0x0000000087403488}: 'void java.lang.invoke.DirectMethodHandle$Holder.invokeStatic(java.lang.Object, java.lang.Object, java.lang.Object, java.lang.Object, java.lang.Object)'> (0x0000000087403488) thrown at [./src/hotspot/share/interpreter/linkResolver.cpp, line 773]
Event: 6.112 Thread 0x000001acc1a81000 Exception <a 'java/lang/NoSuchMethodError'{0x00000000870b6590}: 'void java.lang.invoke.DirectMethodHandle$Holder.invokeSpecial(java.lang.Object, java.lang.Object)'> (0x00000000870b6590) thrown at [./src/hotspot/share/interpreter/linkResolver.cpp, line 773]
Event: 6.193 Thread 0x000001acc1a81000 Exception <a 'java/lang/NoSuchMethodError'{0x0000000086ee8bb0}: 'java.lang.Object java.lang.invoke.DirectMethodHandle$Holder.invokeSpecial(java.lang.Object, java.lang.Object, java.lang.Object, java.lang.Object, java.lang.Object, java.lang.Object, java.lang.Object, java.lang.Object, java.lang.Object)'> (0x0000000086ee8bb0) thrown at [./src/hotspot/share/interpreter/linkResolver.cpp, line 773]
Event: 6.362 Thread 0x000001acc1a81000 Exception <a 'java/lang/NoSuchMethodError'{0x000000008645acf0}: 'java.lang.Object java.lang.invoke.DirectMethodHandle$Holder.invokeVirtual(java.lang.Object, java.lang.Object, java.lang.Object, java.lang.Object)'> (0x000000008645acf0) thrown at [./src/hotspot/share/interpreter/linkResolver.cpp, line 773]
Event: 6.406 Thread 0x000001acc1a81000 Exception <a 'java/lang/NoSuchMethodError'{0x0000000086122f10}: 'java.lang.Object java.lang.invoke.Invokers$Holder.invoker(java.lang.Object, java.lang.Object, java.lang.Object, java.lang.Object, java.lang.Object)'> (0x0000000086122f10) thrown at [./src/hotspot/share/interpreter/linkResolver.cpp, line 773]
Event: 6.539 Thread 0x000001acc1a81000 Exception <a 'java/lang/NoSuchMethodError'{0x0000000085d70188}: 'void java.lang.invoke.DirectMethodHandle$Holder.invokeSpecial(java.lang.Object, java.lang.Object, java.lang.Object, java.lang.Object, java.lang.Object, java.lang.Object)'> (0x0000000085d70188) thrown at [./src/hotspot/share/interpreter/linkResolver.cpp, line 773]
Event: 6.562 Thread 0x000001acc1a81000 Exception <a 'java/lang/NoSuchMethodError'{0x0000000085dd59a8}: 'void java.lang.invoke.DirectMethodHandle$Holder.invokeSpecial(java.lang.Object, java.lang.Object, java.lang.Object, java.lang.Object, java.lang.Object, java.lang.Object, java.lang.Object)'> (0x0000000085dd59a8) thrown at [./src/hotspot/share/interpreter/linkResolver.cpp, line 773]
Event: 6.564 Thread 0x000001acc1a81000 Exception <a 'java/lang/NoSuchMethodError'{0x0000000085dddbf0}: 'java.lang.Object java.lang.invoke.Invokers$Holder.linkToTargetMethod(java.lang.Object, java.lang.Object, java.lang.Object, java.lang.Object, java.lang.Object, java.lang.Object)'> (0x0000000085dddbf0) thrown at [./src/hotspot/share/interpreter/linkResolver.cpp, line 773]

Events (20 events):
Event: 6.910 loading class com/google/common/cache/CacheLoader$1
Event: 6.910 loading class com/google/common/cache/CacheLoader$1 done
Event: 6.911 loading class com/google/common/cache/LocalCache$LocalLoadingCache
Event: 6.911 loading class com/google/common/cache/LocalCache$LocalLoadingCache done
Event: 6.911 loading class org/gradle/api/internal/plugins/PotentialPlugin
Event: 6.911 loading class org/gradle/api/internal/plugins/PotentialPlugin done
Event: 6.912 loading class org/gradle/api/internal/plugins/DefaultPluginRegistry
Event: 6.912 loading class org/gradle/api/internal/plugins/DefaultPluginRegistry done
Event: 6.912 loading class org/gradle/api/internal/plugins/DefaultPluginRegistry$PotentialPluginCacheLoader
Event: 6.912 loading class org/gradle/api/internal/plugins/DefaultPluginRegistry$PotentialPluginCacheLoader done
Event: 6.913 loading class org/gradle/api/internal/plugins/DefaultPluginRegistry$1
Event: 6.913 loading class org/gradle/api/internal/plugins/DefaultPluginRegistry$1 done
Event: 6.914 loading class org/gradle/api/internal/plugins/PluginImplementation
Event: 6.914 loading class org/gradle/api/internal/plugins/PluginImplementation done
Event: 6.914 loading class org/gradle/api/internal/plugins/PluginDescriptorLocator
Event: 6.914 loading class org/gradle/api/internal/plugins/PluginDescriptorLocator done
Event: 6.915 loading class org/gradle/api/plugins/InvalidPluginException
Event: 6.915 loading class org/gradle/api/plugins/InvalidPluginException done
Event: 6.915 loading class org/gradle/api/internal/artifacts/DefaultDependencyManagementServices
Event: 6.915 loading class org/gradle/api/internal/artifacts/DefaultDependencyManagementServices done


Dynamic libraries:
0x00007ff65b120000 - 0x00007ff65b12a000 	D:\AndroidS\jre\bin\java.exe
0x00007ff842e00000 - 0x00007ff842ff0000 	C:\Windows\SYSTEM32\ntdll.dll
0x00007ff8419e0000 - 0x00007ff841a92000 	C:\Windows\System32\KERNEL32.DLL
0x00007ff840c00000 - 0x00007ff840ea5000 	C:\Windows\System32\KERNELBASE.dll
0x00007ff840ab0000 - 0x00007ff840baa000 	C:\Windows\System32\ucrtbase.dll
0x00007ff83c600000 - 0x00007ff83c617000 	D:\AndroidS\jre\bin\VCRUNTIME140.dll
0x00007ff838110000 - 0x00007ff838129000 	D:\AndroidS\jre\bin\jli.dll
0x00007ff841b90000 - 0x00007ff841d25000 	C:\Windows\System32\USER32.dll
0x00007ff828750000 - 0x00007ff8289d4000 	C:\Windows\WinSxS\amd64_microsoft.windows.common-controls_6595b64144ccf1df_6.0.18362.1082_none_9e8193e1e45b25c1\COMCTL32.dll
0x00007ff840bb0000 - 0x00007ff840bd1000 	C:\Windows\System32\win32u.dll
0x00007ff842770000 - 0x00007ff84280e000 	C:\Windows\System32\msvcrt.dll
0x00007ff842810000 - 0x00007ff842836000 	C:\Windows\System32\GDI32.dll
0x00007ff840910000 - 0x00007ff840aa6000 	C:\Windows\System32\gdi32full.dll
0x00007ff842a80000 - 0x00007ff842db5000 	C:\Windows\System32\combase.dll
0x00007ff841e90000 - 0x00007ff841fb0000 	C:\Windows\System32\RPCRT4.dll
0x00007ff840540000 - 0x00007ff8405de000 	C:\Windows\System32\msvcp_win.dll
0x00007ff8405e0000 - 0x00007ff840660000 	C:\Windows\System32\bcryptPrimitives.dll
0x00007ff841aa0000 - 0x00007ff841ace000 	C:\Windows\System32\IMM32.DLL
0x00007ff82d900000 - 0x00007ff82d99d000 	D:\AndroidS\jre\bin\msvcp140.dll
0x00007ff82c9a0000 - 0x00007ff82d46f000 	D:\AndroidS\jre\bin\server\jvm.dll
0x00007ff842840000 - 0x00007ff8428e3000 	C:\Windows\System32\ADVAPI32.dll
0x00007ff841fb0000 - 0x00007ff842047000 	C:\Windows\System32\sechost.dll
0x00007ff842050000 - 0x00007ff842058000 	C:\Windows\System32\PSAPI.DLL
0x00007ff8240c0000 - 0x00007ff8240c9000 	C:\Windows\SYSTEM32\WSOCK32.dll
0x00007ff83d5e0000 - 0x00007ff83d604000 	C:\Windows\SYSTEM32\WINMM.dll
0x00007ff841d50000 - 0x00007ff841dbf000 	C:\Windows\System32\WS2_32.dll
0x00007ff838d30000 - 0x00007ff838d3a000 	C:\Windows\SYSTEM32\VERSION.dll
0x00007ff83d5b0000 - 0x00007ff83d5dd000 	C:\Windows\SYSTEM32\WINMMBASE.dll
0x00007ff8406c0000 - 0x00007ff84070a000 	C:\Windows\System32\cfgmgr32.dll
0x00007ff83fcd0000 - 0x00007ff83fce1000 	C:\Windows\System32\kernel.appcore.dll
0x00007ff83c5b0000 - 0x00007ff83c5c1000 	D:\AndroidS\jre\bin\verify.dll
0x00007ff839810000 - 0x00007ff839a04000 	C:\Windows\SYSTEM32\DBGHELP.DLL
0x00007ff8281b0000 - 0x00007ff8281da000 	C:\Windows\SYSTEM32\dbgcore.DLL
0x00007ff83c530000 - 0x00007ff83c559000 	D:\AndroidS\jre\bin\java.dll
0x00007ff83c5e0000 - 0x00007ff83c5eb000 	D:\AndroidS\jre\bin\jimage.dll
0x00007ff83c590000 - 0x00007ff83c5a8000 	D:\AndroidS\jre\bin\zip.dll
0x00007ff841120000 - 0x00007ff841807000 	C:\Windows\System32\SHELL32.dll
0x00007ff842970000 - 0x00007ff842a19000 	C:\Windows\System32\shcore.dll
0x00007ff83fd90000 - 0x00007ff840510000 	C:\Windows\System32\windows.storage.dll
0x00007ff83fcf0000 - 0x00007ff83fd13000 	C:\Windows\System32\profapi.dll
0x00007ff83fd40000 - 0x00007ff83fd8a000 	C:\Windows\System32\powrprof.dll
0x00007ff83fcc0000 - 0x00007ff83fcd0000 	C:\Windows\System32\UMPDC.dll
0x00007ff842a20000 - 0x00007ff842a72000 	C:\Windows\System32\shlwapi.dll
0x00007ff840be0000 - 0x00007ff840bf7000 	C:\Windows\System32\cryptsp.dll
0x00007ff83c510000 - 0x00007ff83c52a000 	D:\AndroidS\jre\bin\net.dll
0x00007ff82beb0000 - 0x00007ff82bfa0000 	C:\Windows\SYSTEM32\WINHTTP.dll
0x00007ff83f510000 - 0x00007ff83f577000 	C:\Windows\system32\mswsock.dll
0x00007ff83b930000 - 0x00007ff83b944000 	D:\AndroidS\jre\bin\nio.dll
0x00007ff8380a0000 - 0x00007ff8380c7000 	C:\Users\EGAR\.gradle\native\8bec1ad78214c89d9ad589b4d07fe93259594b29d510b10fafb7a158f7737e5d\windows-amd64\native-platform.dll
0x00007ff822e70000 - 0x00007ff822fad000 	C:\Users\EGAR\.gradle\native\53dbd7edfb1c66fb8903c78663c9afc45aea4f116125fa6feffd364cf09443e8\windows-amd64\native-platform-file-events.dll
0x00007ff83c4f0000 - 0x00007ff83c4fa000 	D:\AndroidS\jre\bin\management.dll
0x00007ff83b920000 - 0x00007ff83b92c000 	D:\AndroidS\jre\bin\management_ext.dll
0x00007ff83f080000 - 0x00007ff83f0b3000 	C:\Windows\system32\rsaenh.dll
0x00007ff840510000 - 0x00007ff840536000 	C:\Windows\System32\bcrypt.dll
0x00007ff83fba0000 - 0x00007ff83fbc5000 	C:\Windows\SYSTEM32\USERENV.dll
0x00007ff83f6e0000 - 0x00007ff83f6ec000 	C:\Windows\SYSTEM32\CRYPTBASE.dll
0x00007ff83f220000 - 0x00007ff83f25a000 	C:\Windows\SYSTEM32\IPHLPAPI.DLL
0x00007ff8419d0000 - 0x00007ff8419d8000 	C:\Windows\System32\NSI.dll
0x00007ff838d10000 - 0x00007ff838d26000 	C:\Windows\SYSTEM32\dhcpcsvc6.DLL
0x00007ff838f70000 - 0x00007ff838f8c000 	C:\Windows\SYSTEM32\dhcpcsvc.DLL
0x00007ff83f260000 - 0x00007ff83f32b000 	C:\Windows\SYSTEM32\DNSAPI.dll

dbghelp: loaded successfully - version: 4.0.5 - missing functions: none
symbol engine: initialized successfully - sym options: 0x614 - pdb path: .;D:\AndroidS\jre\bin;C:\Windows\SYSTEM32;C:\Windows\WinSxS\amd64_microsoft.windows.common-controls_6595b64144ccf1df_6.0.18362.1082_none_9e8193e1e45b25c1;D:\AndroidS\jre\bin\server;C:\Users\EGAR\.gradle\native\8bec1ad78214c89d9ad589b4d07fe93259594b29d510b10fafb7a158f7737e5d\windows-amd64;C:\Users\EGAR\.gradle\native\53dbd7edfb1c66fb8903c78663c9afc45aea4f116125fa6feffd364cf09443e8\windows-amd64

VM Arguments:
jvm_args: --add-opens=java.base/java.util=ALL-UNNAMED --add-opens=java.base/java.lang=ALL-UNNAMED --add-opens=java.base/java.lang.invoke=ALL-UNNAMED --add-opens=java.base/java.util=ALL-UNNAMED --add-opens=java.prefs/java.util.prefs=ALL-UNNAMED --add-opens=java.prefs/java.util.prefs=ALL-UNNAMED --add-opens=java.base/java.nio.charset=ALL-UNNAMED --add-opens=java.base/java.net=ALL-UNNAMED --add-opens=java.base/java.util.concurrent.atomic=ALL-UNNAMED -Xmx2048m -Dfile.encoding=UTF-8 -Duser.country=ID -Duser.language=en -Duser.variant 
java_command: org.gradle.launcher.daemon.bootstrap.GradleDaemon 7.0.2
java_class_path (initial): C:\Users\EGAR\.gradle\wrapper\dists\gradle-7.0.2-bin\857tjihv64xamwrf0h14cai3r\gradle-7.0.2\lib\gradle-launcher-7.0.2.jar
Launcher Type: SUN_STANDARD

[Global flags]
     intx CICompilerCount                          = 3                                         {product} {ergonomic}
     uint ConcGCThreads                            = 1                                         {product} {ergonomic}
     uint G1ConcRefinementThreads                  = 4                                         {product} {ergonomic}
   size_t G1HeapRegionSize                         = 1048576                                   {product} {ergonomic}
    uintx GCDrainStackTargetSize                   = 64                                        {product} {ergonomic}
   size_t InitialHeapSize                          = 125829120                                 {product} {ergonomic}
   size_t MarkStackSize                            = 4194304                                   {product} {ergonomic}
   size_t MaxHeapSize                              = 2147483648                                {product} {command line}
   size_t MaxNewSize                               = 1287651328                                {product} {ergonomic}
   size_t MinHeapDeltaBytes                        = 1048576                                   {product} {ergonomic}
    uintx NonNMethodCodeHeapSize                   = 5830732                                {pd product} {ergonomic}
    uintx NonProfiledCodeHeapSize                  = 122913754                              {pd product} {ergonomic}
    uintx ProfiledCodeHeapSize                     = 122913754                              {pd product} {ergonomic}
    uintx ReservedCodeCacheSize                    = 251658240                              {pd product} {ergonomic}
     bool SegmentedCodeCache                       = true                                      {product} {ergonomic}
     bool UseCompressedClassPointers               = true                                 {lp64_product} {ergonomic}
     bool UseCompressedOops                        = true                                 {lp64_product} {ergonomic}
     bool UseG1GC                                  = true                                      {product} {ergonomic}
     bool UseLargePagesIndividualAllocation        = false                                  {pd product} {ergonomic}

Logging:
Log output configuration:
 #0: stdout all=warning uptime,level,tags
 #1: stderr all=off uptime,level,tags

Environment Variables:
PATH=C:\Program Files\Common Files\Oracle\Java\javapath;C:\Program Files (x86)\NVIDIA Corporation\PhysX\Common;C:\Program Files (x86)\Common Files\Intel\Shared Libraries\redist\intel64\compiler;C:\Windows\system32;C:\Windows;C:\Windows\System32\Wbem;C:\Windows\System32\WindowsPowerShell\v1.0\;C:\Windows\System32\OpenSSH\;C:\Program Files\Microsoft SQL Server\130\Tools\Binn\;C:\Program Files\Microsoft SQL Server\Client SDK\ODBC\170\Tools\Binn\;C:\Program Files\dotnet\;C:\Program Files\CodeBlocks\MinGW\bin;C:\Program Files\Java\jdk-17.0.1;C:\Program Files\nodejs\;C:\Program Files\Git\cmd;C:\Users\EGAR\anaconda3;C:\Users\EGAR\anaconda3\Library\mingw-w64\bin;C:\Users\EGAR\anaconda3\Library\usr\bin;C:\Users\EGAR\anaconda3\Library\bin;C:\Users\EGAR\anaconda3\Scripts;C:\Users\EGAR\AppData\Local\Programs\Python\Python38-32\Scripts\;C:\Users\EGAR\AppData\Local\Programs\Python\Python38-32\;C:\Program Files\platform-tools;C:\Users\EGAR\AppData\Local\Microsoft\WindowsApps;D:\Program FIles\Microsoft VS Code\bin;C:\Users\EGAR\.dotnet\tools;C:\Program Files\CodeBlocks\MinGW\bin;G:\Riot Games\VALORANT\live;C:\Users\EGAR\AppData\Roaming\npm;C:\Users\EGAR\AppData\Local\GitHubDesktop\bin;C:\Program Files\JetBrains\IntelliJ IDEA Community Edition 2021.3.2\bin;
USERNAME=EGAR
OS=Windows_NT
PROCESSOR_IDENTIFIER=AMD64 Family 21 Model 96 Stepping 1, AuthenticAMD



---------------  S Y S T E M  ---------------

OS: Windows 10 , 64 bit Build 18362 (10.0.18362.1082)
OS uptime: 0 days 8:44 hours

CPU:total 4 (initial active 4) (4 cores per cpu, 1 threads per core) family 21 model 96 stepping 1 microcode 0x0, cmov, cx8, fxsr, mmx, sse, sse2, sse3, ssse3, sse4.1, sse4.2, popcnt, avx, avx2, aes, clmul, mmxext, 3dnowpref, lzcnt, sse4a, tsc, tscinvbit, tscinv, bmi1, bmi2, fma

Memory: 4k page, system-wide physical 7628M (1505M free)
TotalPageFile size 7628M (AvailPageFile size 5M)
current process WorkingSet (physical memory assigned to process): 201M, peak: 201M
current process commit charge ("private bytes"): 258M, peak: 258M

vm_info: OpenJDK 64-Bit Server VM (11.0.10+0-b96-7249189) for windows-amd64 JRE (11.0.10+0-b96-7249189), built on Mar 31 2021 21:44:00 by "builder" with MS VC++ 14.0 (VS2015)

END.
